[2018-05-07-23:06:31] [DEBUG] CookieSpec selected: default
[2018-05-07-23:06:31] [DEBUG] Auth cache not set in the context
[2018-05-07-23:06:31] [DEBUG] Connection request: [route: {}->http://localhost:28469][total kept alive: 0; route allocated: 0 of 2000; total allocated: 0 of 2000]
[2018-05-07-23:06:31] [DEBUG] Connection leased: [id: 0][route: {}->http://localhost:28469][total kept alive: 0; route allocated: 1 of 2000; total allocated: 1 of 2000]
[2018-05-07-23:06:31] [DEBUG] Opening connection {}->http://localhost:28469
[2018-05-07-23:06:31] [DEBUG] Connecting to localhost/127.0.0.1:28469
[2018-05-07-23:06:31] [DEBUG] Connection established 127.0.0.1:58229<->127.0.0.1:28469
[2018-05-07-23:06:31] [DEBUG] http-outgoing-0: set socket timeout to 10800000
[2018-05-07-23:06:31] [DEBUG] Executing request POST /session HTTP/1.1
[2018-05-07-23:06:31] [DEBUG] Target auth state: UNCHALLENGED
[2018-05-07-23:06:31] [DEBUG] Proxy auth state: UNCHALLENGED
[2018-05-07-23:06:31] [DEBUG] http-outgoing-0 >> POST /session HTTP/1.1
[2018-05-07-23:06:31] [DEBUG] http-outgoing-0 >> Content-Type: application/json; charset=utf-8
[2018-05-07-23:06:31] [DEBUG] http-outgoing-0 >> Content-Length: 550
[2018-05-07-23:06:31] [DEBUG] http-outgoing-0 >> Host: localhost:28469
[2018-05-07-23:06:31] [DEBUG] http-outgoing-0 >> Connection: Keep-Alive
[2018-05-07-23:06:31] [DEBUG] http-outgoing-0 >> User-Agent: Apache-HttpClient/4.5.3 (Java/1.8.0_151)
[2018-05-07-23:06:31] [DEBUG] http-outgoing-0 >> Accept-Encoding: gzip,deflate
[2018-05-07-23:06:31] [DEBUG] http-outgoing-0 >> "POST /session HTTP/1.1[\r][\n]"
[2018-05-07-23:06:31] [DEBUG] http-outgoing-0 >> "Content-Type: application/json; charset=utf-8[\r][\n]"
[2018-05-07-23:06:31] [DEBUG] http-outgoing-0 >> "Content-Length: 550[\r][\n]"
[2018-05-07-23:06:31] [DEBUG] http-outgoing-0 >> "Host: localhost:28469[\r][\n]"
[2018-05-07-23:06:31] [DEBUG] http-outgoing-0 >> "Connection: Keep-Alive[\r][\n]"
[2018-05-07-23:06:31] [DEBUG] http-outgoing-0 >> "User-Agent: Apache-HttpClient/4.5.3 (Java/1.8.0_151)[\r][\n]"
[2018-05-07-23:06:31] [DEBUG] http-outgoing-0 >> "Accept-Encoding: gzip,deflate[\r][\n]"
[2018-05-07-23:06:31] [DEBUG] http-outgoing-0 >> "[\r][\n]"
[2018-05-07-23:06:31] [DEBUG] http-outgoing-0 >> "{[\n]"
[2018-05-07-23:06:31] [DEBUG] http-outgoing-0 >> "  "desiredCapabilities": {[\n]"
[2018-05-07-23:06:31] [DEBUG] http-outgoing-0 >> "    "browserName": "chrome",[\n]"
[2018-05-07-23:06:31] [DEBUG] http-outgoing-0 >> "    "chromeOptions": {[\n]"
[2018-05-07-23:06:31] [DEBUG] http-outgoing-0 >> "      "args": [],[\n]"
[2018-05-07-23:06:31] [DEBUG] http-outgoing-0 >> "      "extensions": [][\n]"
[2018-05-07-23:06:31] [DEBUG] http-outgoing-0 >> "    },[\n]"
[2018-05-07-23:06:31] [DEBUG] http-outgoing-0 >> "    "version": "",[\n]"
[2018-05-07-23:06:31] [DEBUG] http-outgoing-0 >> "    "platform": "ANY"[\n]"
[2018-05-07-23:06:31] [DEBUG] http-outgoing-0 >> "  },[\n]"
[2018-05-07-23:06:31] [DEBUG] http-outgoing-0 >> "  "requiredCapabilities": {},[\n]"
[2018-05-07-23:06:31] [DEBUG] http-outgoing-0 >> "  "capabilities": {[\n]"
[2018-05-07-23:06:31] [DEBUG] http-outgoing-0 >> "    "desiredCapabilities": {[\n]"
[2018-05-07-23:06:31] [DEBUG] http-outgoing-0 >> "      "browserName": "chrome",[\n]"
[2018-05-07-23:06:31] [DEBUG] http-outgoing-0 >> "      "chromeOptions": {[\n]"
[2018-05-07-23:06:31] [DEBUG] http-outgoing-0 >> "        "args": [],[\n]"
[2018-05-07-23:06:31] [DEBUG] http-outgoing-0 >> "        "extensions": [][\n]"
[2018-05-07-23:06:31] [DEBUG] http-outgoing-0 >> "      },[\n]"
[2018-05-07-23:06:31] [DEBUG] http-outgoing-0 >> "      "version": "",[\n]"
[2018-05-07-23:06:31] [DEBUG] http-outgoing-0 >> "      "platform": "ANY"[\n]"
[2018-05-07-23:06:31] [DEBUG] http-outgoing-0 >> "    },[\n]"
[2018-05-07-23:06:31] [DEBUG] http-outgoing-0 >> "    "requiredCapabilities": {},[\n]"
[2018-05-07-23:06:31] [DEBUG] http-outgoing-0 >> "    "alwaysMatch": {},[\n]"
[2018-05-07-23:06:31] [DEBUG] http-outgoing-0 >> "    "firstMatch": [[\n]"
[2018-05-07-23:06:31] [DEBUG] http-outgoing-0 >> "      {[\n]"
[2018-05-07-23:06:31] [DEBUG] http-outgoing-0 >> "        "browserName": "chrome"[\n]"
[2018-05-07-23:06:31] [DEBUG] http-outgoing-0 >> "      }[\n]"
[2018-05-07-23:06:31] [DEBUG] http-outgoing-0 >> "    ][\n]"
[2018-05-07-23:06:31] [DEBUG] http-outgoing-0 >> "  }[\n]"
[2018-05-07-23:06:31] [DEBUG] http-outgoing-0 >> "}"
[2018-05-07-23:06:32] [DEBUG] http-outgoing-0 << "HTTP/1.1 200 OK[\r][\n]"
[2018-05-07-23:06:32] [DEBUG] http-outgoing-0 << "Content-Length:833[\r][\n]"
[2018-05-07-23:06:32] [DEBUG] http-outgoing-0 << "Content-Type:application/json; charset=utf-8[\r][\n]"
[2018-05-07-23:06:32] [DEBUG] http-outgoing-0 << "[\r][\n]"
[2018-05-07-23:06:32] [DEBUG] http-outgoing-0 << "{"sessionId":"f0d3883c90824f69ed1adc46b2d45f5d","status":0,"value":{"acceptInsecureCerts":false,"acceptSslCerts":false,"applicationCacheEnabled":false,"browserConnectionEnabled":false,"browserName":"chrome","chrome":{"chromedriverVersion":"2.38.552522 (437e6fbedfa8762dec75e2c5b3ddb86763dc9dcb)","userDataDir":"C:\\Users\\CHENJI~1\\AppData\\Local\\Temp\\scoped_dir16100_14324"},"cssSelectorsEnabled":true,"databaseEnabled":false,"handlesAlerts":true,"hasTouchScreen":false,"javascriptEnabled":true,"locationContextEnabled":true,"mobileEmulationEnabled":false,"nativeEvents":true,"networkConnectionEnabled":false,"pageLoadStrategy":"normal","platform":"Windows NT","rotatable":false,"setWindowRect":true,"takesHeapSnapshot":true,"takesScreenshot":true,"unexpectedAlertBehaviour":"","version":"66.0.3359.139","webStorageEnabled":true}}"
[2018-05-07-23:06:32] [DEBUG] http-outgoing-0 << HTTP/1.1 200 OK
[2018-05-07-23:06:32] [DEBUG] http-outgoing-0 << Content-Length:833
[2018-05-07-23:06:32] [DEBUG] http-outgoing-0 << Content-Type:application/json; charset=utf-8
[2018-05-07-23:06:32] [DEBUG] Connection can be kept alive indefinitely
[2018-05-07-23:06:33] [DEBUG] Connection [id: 0][route: {}->http://localhost:28469] can be kept alive indefinitely
[2018-05-07-23:06:33] [DEBUG] Connection released: [id: 0][route: {}->http://localhost:28469][total kept alive: 1; route allocated: 1 of 2000; total allocated: 1 of 2000]
[2018-05-07-23:06:33] [INFO] 正在启动谷歌浏览器....
[2018-05-07-23:06:33] [DEBUG] CookieSpec selected: default
[2018-05-07-23:06:33] [DEBUG] Auth cache not set in the context
[2018-05-07-23:06:33] [DEBUG] Connection request: [route: {}->http://localhost:28469][total kept alive: 1; route allocated: 1 of 2000; total allocated: 1 of 2000]
[2018-05-07-23:06:33] [DEBUG] Connection leased: [id: 0][route: {}->http://localhost:28469][total kept alive: 0; route allocated: 1 of 2000; total allocated: 1 of 2000]
[2018-05-07-23:06:33] [DEBUG] Stale connection check
[2018-05-07-23:06:33] [DEBUG] http-outgoing-0 << "[read] I/O error: Read timed out"
[2018-05-07-23:06:33] [DEBUG] http-outgoing-0: set socket timeout to 10800000
[2018-05-07-23:06:33] [DEBUG] Executing request POST /session/f0d3883c90824f69ed1adc46b2d45f5d/url HTTP/1.1
[2018-05-07-23:06:33] [DEBUG] Target auth state: UNCHALLENGED
[2018-05-07-23:06:33] [DEBUG] Proxy auth state: UNCHALLENGED
[2018-05-07-23:06:33] [DEBUG] http-outgoing-0 >> POST /session/f0d3883c90824f69ed1adc46b2d45f5d/url HTTP/1.1
[2018-05-07-23:06:33] [DEBUG] http-outgoing-0 >> Content-Type: application/json; charset=utf-8
[2018-05-07-23:06:33] [DEBUG] http-outgoing-0 >> Content-Length: 48
[2018-05-07-23:06:33] [DEBUG] http-outgoing-0 >> Host: localhost:28469
[2018-05-07-23:06:33] [DEBUG] http-outgoing-0 >> Connection: Keep-Alive
[2018-05-07-23:06:33] [DEBUG] http-outgoing-0 >> User-Agent: Apache-HttpClient/4.5.3 (Java/1.8.0_151)
[2018-05-07-23:06:33] [DEBUG] http-outgoing-0 >> Accept-Encoding: gzip,deflate
[2018-05-07-23:06:33] [DEBUG] http-outgoing-0 >> "POST /session/f0d3883c90824f69ed1adc46b2d45f5d/url HTTP/1.1[\r][\n]"
[2018-05-07-23:06:33] [DEBUG] http-outgoing-0 >> "Content-Type: application/json; charset=utf-8[\r][\n]"
[2018-05-07-23:06:33] [DEBUG] http-outgoing-0 >> "Content-Length: 48[\r][\n]"
[2018-05-07-23:06:33] [DEBUG] http-outgoing-0 >> "Host: localhost:28469[\r][\n]"
[2018-05-07-23:06:33] [DEBUG] http-outgoing-0 >> "Connection: Keep-Alive[\r][\n]"
[2018-05-07-23:06:33] [DEBUG] http-outgoing-0 >> "User-Agent: Apache-HttpClient/4.5.3 (Java/1.8.0_151)[\r][\n]"
[2018-05-07-23:06:33] [DEBUG] http-outgoing-0 >> "Accept-Encoding: gzip,deflate[\r][\n]"
[2018-05-07-23:06:33] [DEBUG] http-outgoing-0 >> "[\r][\n]"
[2018-05-07-23:06:33] [DEBUG] http-outgoing-0 >> "{"url":"http://127.0.0.1:8080/discuz/forum.php"}"
[2018-05-07-23:06:33] [DEBUG] http-outgoing-0 << "HTTP/1.1 200 OK[\r][\n]"
[2018-05-07-23:06:33] [DEBUG] http-outgoing-0 << "Content-Length:72[\r][\n]"
[2018-05-07-23:06:33] [DEBUG] http-outgoing-0 << "Content-Type:application/json; charset=utf-8[\r][\n]"
[2018-05-07-23:06:33] [DEBUG] http-outgoing-0 << "[\r][\n]"
[2018-05-07-23:06:33] [DEBUG] http-outgoing-0 << "{"sessionId":"f0d3883c90824f69ed1adc46b2d45f5d","status":0,"value":null}"
[2018-05-07-23:06:33] [DEBUG] http-outgoing-0 << HTTP/1.1 200 OK
[2018-05-07-23:06:33] [DEBUG] http-outgoing-0 << Content-Length:72
[2018-05-07-23:06:33] [DEBUG] http-outgoing-0 << Content-Type:application/json; charset=utf-8
[2018-05-07-23:06:33] [DEBUG] Connection can be kept alive indefinitely
[2018-05-07-23:06:33] [DEBUG] Connection [id: 0][route: {}->http://localhost:28469] can be kept alive indefinitely
[2018-05-07-23:06:33] [DEBUG] Connection released: [id: 0][route: {}->http://localhost:28469][total kept alive: 1; route allocated: 1 of 2000; total allocated: 1 of 2000]
[2018-05-07-23:06:33] [INFO] 打开网址http://127.0.0.1:8080/discuz/forum.php
[2018-05-07-23:06:33] [DEBUG] CookieSpec selected: default
[2018-05-07-23:06:33] [DEBUG] Auth cache not set in the context
[2018-05-07-23:06:33] [DEBUG] Connection request: [route: {}->http://localhost:28469][total kept alive: 1; route allocated: 1 of 2000; total allocated: 1 of 2000]
[2018-05-07-23:06:33] [DEBUG] Connection leased: [id: 0][route: {}->http://localhost:28469][total kept alive: 0; route allocated: 1 of 2000; total allocated: 1 of 2000]
[2018-05-07-23:06:33] [DEBUG] Stale connection check
[2018-05-07-23:06:33] [DEBUG] http-outgoing-0 << "[read] I/O error: Read timed out"
[2018-05-07-23:06:33] [DEBUG] http-outgoing-0: set socket timeout to 10800000
[2018-05-07-23:06:33] [DEBUG] Executing request POST /session/f0d3883c90824f69ed1adc46b2d45f5d/element HTTP/1.1
[2018-05-07-23:06:33] [DEBUG] Target auth state: UNCHALLENGED
[2018-05-07-23:06:33] [DEBUG] Proxy auth state: UNCHALLENGED
[2018-05-07-23:06:33] [DEBUG] http-outgoing-0 >> POST /session/f0d3883c90824f69ed1adc46b2d45f5d/element HTTP/1.1
[2018-05-07-23:06:33] [DEBUG] http-outgoing-0 >> Content-Type: application/json; charset=utf-8
[2018-05-07-23:06:33] [DEBUG] http-outgoing-0 >> Content-Length: 36
[2018-05-07-23:06:33] [DEBUG] http-outgoing-0 >> Host: localhost:28469
[2018-05-07-23:06:33] [DEBUG] http-outgoing-0 >> Connection: Keep-Alive
[2018-05-07-23:06:33] [DEBUG] http-outgoing-0 >> User-Agent: Apache-HttpClient/4.5.3 (Java/1.8.0_151)
[2018-05-07-23:06:33] [DEBUG] http-outgoing-0 >> Accept-Encoding: gzip,deflate
[2018-05-07-23:06:33] [DEBUG] http-outgoing-0 >> "POST /session/f0d3883c90824f69ed1adc46b2d45f5d/element HTTP/1.1[\r][\n]"
[2018-05-07-23:06:33] [DEBUG] http-outgoing-0 >> "Content-Type: application/json; charset=utf-8[\r][\n]"
[2018-05-07-23:06:33] [DEBUG] http-outgoing-0 >> "Content-Length: 36[\r][\n]"
[2018-05-07-23:06:33] [DEBUG] http-outgoing-0 >> "Host: localhost:28469[\r][\n]"
[2018-05-07-23:06:33] [DEBUG] http-outgoing-0 >> "Connection: Keep-Alive[\r][\n]"
[2018-05-07-23:06:33] [DEBUG] http-outgoing-0 >> "User-Agent: Apache-HttpClient/4.5.3 (Java/1.8.0_151)[\r][\n]"
[2018-05-07-23:06:33] [DEBUG] http-outgoing-0 >> "Accept-Encoding: gzip,deflate[\r][\n]"
[2018-05-07-23:06:33] [DEBUG] http-outgoing-0 >> "[\r][\n]"
[2018-05-07-23:06:33] [DEBUG] http-outgoing-0 >> "{"using":"id","value":"ls_username"}"
[2018-05-07-23:06:33] [DEBUG] http-outgoing-0 << "HTTP/1.1 200 OK[\r][\n]"
[2018-05-07-23:06:33] [DEBUG] http-outgoing-0 << "Content-Length:104[\r][\n]"
[2018-05-07-23:06:33] [DEBUG] http-outgoing-0 << "Content-Type:application/json; charset=utf-8[\r][\n]"
[2018-05-07-23:06:33] [DEBUG] http-outgoing-0 << "[\r][\n]"
[2018-05-07-23:06:33] [DEBUG] http-outgoing-0 << "{"sessionId":"f0d3883c90824f69ed1adc46b2d45f5d","status":0,"value":{"ELEMENT":"0.014916897742487834-1"}}"
[2018-05-07-23:06:33] [DEBUG] http-outgoing-0 << HTTP/1.1 200 OK
[2018-05-07-23:06:33] [DEBUG] http-outgoing-0 << Content-Length:104
[2018-05-07-23:06:33] [DEBUG] http-outgoing-0 << Content-Type:application/json; charset=utf-8
[2018-05-07-23:06:33] [DEBUG] Connection can be kept alive indefinitely
[2018-05-07-23:06:33] [DEBUG] Connection [id: 0][route: {}->http://localhost:28469] can be kept alive indefinitely
[2018-05-07-23:06:33] [DEBUG] Connection released: [id: 0][route: {}->http://localhost:28469][total kept alive: 1; route allocated: 1 of 2000; total allocated: 1 of 2000]
[2018-05-07-23:06:33] [INFO] 元素找到 id: ls_username
[2018-05-07-23:06:33] [DEBUG] CookieSpec selected: default
[2018-05-07-23:06:33] [DEBUG] Auth cache not set in the context
[2018-05-07-23:06:33] [DEBUG] Connection request: [route: {}->http://localhost:28469][total kept alive: 1; route allocated: 1 of 2000; total allocated: 1 of 2000]
[2018-05-07-23:06:33] [DEBUG] Connection leased: [id: 0][route: {}->http://localhost:28469][total kept alive: 0; route allocated: 1 of 2000; total allocated: 1 of 2000]
[2018-05-07-23:06:33] [DEBUG] Stale connection check
[2018-05-07-23:06:33] [DEBUG] http-outgoing-0 << "[read] I/O error: Read timed out"
[2018-05-07-23:06:33] [DEBUG] http-outgoing-0: set socket timeout to 10800000
[2018-05-07-23:06:33] [DEBUG] Executing request POST /session/f0d3883c90824f69ed1adc46b2d45f5d/element HTTP/1.1
[2018-05-07-23:06:33] [DEBUG] Target auth state: UNCHALLENGED
[2018-05-07-23:06:33] [DEBUG] Proxy auth state: UNCHALLENGED
[2018-05-07-23:06:33] [DEBUG] http-outgoing-0 >> POST /session/f0d3883c90824f69ed1adc46b2d45f5d/element HTTP/1.1
[2018-05-07-23:06:33] [DEBUG] http-outgoing-0 >> Content-Type: application/json; charset=utf-8
[2018-05-07-23:06:33] [DEBUG] http-outgoing-0 >> Content-Length: 36
[2018-05-07-23:06:33] [DEBUG] http-outgoing-0 >> Host: localhost:28469
[2018-05-07-23:06:33] [DEBUG] http-outgoing-0 >> Connection: Keep-Alive
[2018-05-07-23:06:33] [DEBUG] http-outgoing-0 >> User-Agent: Apache-HttpClient/4.5.3 (Java/1.8.0_151)
[2018-05-07-23:06:33] [DEBUG] http-outgoing-0 >> Accept-Encoding: gzip,deflate
[2018-05-07-23:06:33] [DEBUG] http-outgoing-0 >> "POST /session/f0d3883c90824f69ed1adc46b2d45f5d/element HTTP/1.1[\r][\n]"
[2018-05-07-23:06:33] [DEBUG] http-outgoing-0 >> "Content-Type: application/json; charset=utf-8[\r][\n]"
[2018-05-07-23:06:33] [DEBUG] http-outgoing-0 >> "Content-Length: 36[\r][\n]"
[2018-05-07-23:06:33] [DEBUG] http-outgoing-0 >> "Host: localhost:28469[\r][\n]"
[2018-05-07-23:06:33] [DEBUG] http-outgoing-0 >> "Connection: Keep-Alive[\r][\n]"
[2018-05-07-23:06:33] [DEBUG] http-outgoing-0 >> "User-Agent: Apache-HttpClient/4.5.3 (Java/1.8.0_151)[\r][\n]"
[2018-05-07-23:06:33] [DEBUG] http-outgoing-0 >> "Accept-Encoding: gzip,deflate[\r][\n]"
[2018-05-07-23:06:33] [DEBUG] http-outgoing-0 >> "[\r][\n]"
[2018-05-07-23:06:33] [DEBUG] http-outgoing-0 >> "{"using":"id","value":"ls_username"}"
[2018-05-07-23:06:33] [DEBUG] http-outgoing-0 << "HTTP/1.1 200 OK[\r][\n]"
[2018-05-07-23:06:33] [DEBUG] http-outgoing-0 << "Content-Length:104[\r][\n]"
[2018-05-07-23:06:33] [DEBUG] http-outgoing-0 << "Content-Type:application/json; charset=utf-8[\r][\n]"
[2018-05-07-23:06:33] [DEBUG] http-outgoing-0 << "[\r][\n]"
[2018-05-07-23:06:33] [DEBUG] http-outgoing-0 << "{"sessionId":"f0d3883c90824f69ed1adc46b2d45f5d","status":0,"value":{"ELEMENT":"0.014916897742487834-1"}}"
[2018-05-07-23:06:33] [DEBUG] http-outgoing-0 << HTTP/1.1 200 OK
[2018-05-07-23:06:33] [DEBUG] http-outgoing-0 << Content-Length:104
[2018-05-07-23:06:33] [DEBUG] http-outgoing-0 << Content-Type:application/json; charset=utf-8
[2018-05-07-23:06:33] [DEBUG] Connection can be kept alive indefinitely
[2018-05-07-23:06:33] [DEBUG] Connection [id: 0][route: {}->http://localhost:28469] can be kept alive indefinitely
[2018-05-07-23:06:33] [DEBUG] Connection released: [id: 0][route: {}->http://localhost:28469][total kept alive: 1; route allocated: 1 of 2000; total allocated: 1 of 2000]
[2018-05-07-23:06:33] [INFO] 元素找到 id: ls_username
[2018-05-07-23:06:33] [DEBUG] CookieSpec selected: default
[2018-05-07-23:06:33] [DEBUG] Auth cache not set in the context
[2018-05-07-23:06:33] [DEBUG] Connection request: [route: {}->http://localhost:28469][total kept alive: 1; route allocated: 1 of 2000; total allocated: 1 of 2000]
[2018-05-07-23:06:33] [DEBUG] Connection leased: [id: 0][route: {}->http://localhost:28469][total kept alive: 0; route allocated: 1 of 2000; total allocated: 1 of 2000]
[2018-05-07-23:06:33] [DEBUG] Stale connection check
[2018-05-07-23:06:33] [DEBUG] http-outgoing-0 << "[read] I/O error: Read timed out"
[2018-05-07-23:06:33] [DEBUG] http-outgoing-0: set socket timeout to 10800000
[2018-05-07-23:06:33] [DEBUG] Executing request POST /session/f0d3883c90824f69ed1adc46b2d45f5d/element/0.014916897742487834-1/clear HTTP/1.1
[2018-05-07-23:06:33] [DEBUG] Target auth state: UNCHALLENGED
[2018-05-07-23:06:33] [DEBUG] Proxy auth state: UNCHALLENGED
[2018-05-07-23:06:33] [DEBUG] http-outgoing-0 >> POST /session/f0d3883c90824f69ed1adc46b2d45f5d/element/0.014916897742487834-1/clear HTTP/1.1
[2018-05-07-23:06:33] [DEBUG] http-outgoing-0 >> Content-Type: application/json; charset=utf-8
[2018-05-07-23:06:33] [DEBUG] http-outgoing-0 >> Content-Length: 31
[2018-05-07-23:06:33] [DEBUG] http-outgoing-0 >> Host: localhost:28469
[2018-05-07-23:06:33] [DEBUG] http-outgoing-0 >> Connection: Keep-Alive
[2018-05-07-23:06:33] [DEBUG] http-outgoing-0 >> User-Agent: Apache-HttpClient/4.5.3 (Java/1.8.0_151)
[2018-05-07-23:06:33] [DEBUG] http-outgoing-0 >> Accept-Encoding: gzip,deflate
[2018-05-07-23:06:33] [DEBUG] http-outgoing-0 >> "POST /session/f0d3883c90824f69ed1adc46b2d45f5d/element/0.014916897742487834-1/clear HTTP/1.1[\r][\n]"
[2018-05-07-23:06:33] [DEBUG] http-outgoing-0 >> "Content-Type: application/json; charset=utf-8[\r][\n]"
[2018-05-07-23:06:33] [DEBUG] http-outgoing-0 >> "Content-Length: 31[\r][\n]"
[2018-05-07-23:06:33] [DEBUG] http-outgoing-0 >> "Host: localhost:28469[\r][\n]"
[2018-05-07-23:06:33] [DEBUG] http-outgoing-0 >> "Connection: Keep-Alive[\r][\n]"
[2018-05-07-23:06:33] [DEBUG] http-outgoing-0 >> "User-Agent: Apache-HttpClient/4.5.3 (Java/1.8.0_151)[\r][\n]"
[2018-05-07-23:06:33] [DEBUG] http-outgoing-0 >> "Accept-Encoding: gzip,deflate[\r][\n]"
[2018-05-07-23:06:33] [DEBUG] http-outgoing-0 >> "[\r][\n]"
[2018-05-07-23:06:33] [DEBUG] http-outgoing-0 >> "{"id":"0.014916897742487834-1"}"
[2018-05-07-23:06:33] [DEBUG] http-outgoing-0 << "HTTP/1.1 200 OK[\r][\n]"
[2018-05-07-23:06:33] [DEBUG] http-outgoing-0 << "Content-Length:72[\r][\n]"
[2018-05-07-23:06:33] [DEBUG] http-outgoing-0 << "Content-Type:application/json; charset=utf-8[\r][\n]"
[2018-05-07-23:06:33] [DEBUG] http-outgoing-0 << "[\r][\n]"
[2018-05-07-23:06:33] [DEBUG] http-outgoing-0 << "{"sessionId":"f0d3883c90824f69ed1adc46b2d45f5d","status":0,"value":null}"
[2018-05-07-23:06:33] [DEBUG] http-outgoing-0 << HTTP/1.1 200 OK
[2018-05-07-23:06:33] [DEBUG] http-outgoing-0 << Content-Length:72
[2018-05-07-23:06:33] [DEBUG] http-outgoing-0 << Content-Type:application/json; charset=utf-8
[2018-05-07-23:06:33] [DEBUG] Connection can be kept alive indefinitely
[2018-05-07-23:06:33] [DEBUG] Connection [id: 0][route: {}->http://localhost:28469] can be kept alive indefinitely
[2018-05-07-23:06:33] [DEBUG] Connection released: [id: 0][route: {}->http://localhost:28469][total kept alive: 1; route allocated: 1 of 2000; total allocated: 1 of 2000]
[2018-05-07-23:06:33] [INFO] 已清除[[ChromeDriver: chrome on WIN8_1 (f0d3883c90824f69ed1adc46b2d45f5d)] -> id: ls_username内容
[2018-05-07-23:06:33] [DEBUG] CookieSpec selected: default
[2018-05-07-23:06:33] [DEBUG] Auth cache not set in the context
[2018-05-07-23:06:33] [DEBUG] Connection request: [route: {}->http://localhost:28469][total kept alive: 1; route allocated: 1 of 2000; total allocated: 1 of 2000]
[2018-05-07-23:06:33] [DEBUG] Connection leased: [id: 0][route: {}->http://localhost:28469][total kept alive: 0; route allocated: 1 of 2000; total allocated: 1 of 2000]
[2018-05-07-23:06:33] [DEBUG] Stale connection check
[2018-05-07-23:06:33] [DEBUG] http-outgoing-0 << "[read] I/O error: Read timed out"
[2018-05-07-23:06:33] [DEBUG] http-outgoing-0: set socket timeout to 10800000
[2018-05-07-23:06:33] [DEBUG] Executing request POST /session/f0d3883c90824f69ed1adc46b2d45f5d/element/0.014916897742487834-1/value HTTP/1.1
[2018-05-07-23:06:33] [DEBUG] Target auth state: UNCHALLENGED
[2018-05-07-23:06:33] [DEBUG] Proxy auth state: UNCHALLENGED
[2018-05-07-23:06:33] [DEBUG] http-outgoing-0 >> POST /session/f0d3883c90824f69ed1adc46b2d45f5d/element/0.014916897742487834-1/value HTTP/1.1
[2018-05-07-23:06:33] [DEBUG] http-outgoing-0 >> Content-Type: application/json; charset=utf-8
[2018-05-07-23:06:33] [DEBUG] http-outgoing-0 >> Content-Length: 47
[2018-05-07-23:06:33] [DEBUG] http-outgoing-0 >> Host: localhost:28469
[2018-05-07-23:06:33] [DEBUG] http-outgoing-0 >> Connection: Keep-Alive
[2018-05-07-23:06:33] [DEBUG] http-outgoing-0 >> User-Agent: Apache-HttpClient/4.5.3 (Java/1.8.0_151)
[2018-05-07-23:06:33] [DEBUG] http-outgoing-0 >> Accept-Encoding: gzip,deflate
[2018-05-07-23:06:33] [DEBUG] http-outgoing-0 >> "POST /session/f0d3883c90824f69ed1adc46b2d45f5d/element/0.014916897742487834-1/value HTTP/1.1[\r][\n]"
[2018-05-07-23:06:33] [DEBUG] http-outgoing-0 >> "Content-Type: application/json; charset=utf-8[\r][\n]"
[2018-05-07-23:06:33] [DEBUG] http-outgoing-0 >> "Content-Length: 47[\r][\n]"
[2018-05-07-23:06:33] [DEBUG] http-outgoing-0 >> "Host: localhost:28469[\r][\n]"
[2018-05-07-23:06:33] [DEBUG] http-outgoing-0 >> "Connection: Keep-Alive[\r][\n]"
[2018-05-07-23:06:33] [DEBUG] http-outgoing-0 >> "User-Agent: Apache-HttpClient/4.5.3 (Java/1.8.0_151)[\r][\n]"
[2018-05-07-23:06:33] [DEBUG] http-outgoing-0 >> "Accept-Encoding: gzip,deflate[\r][\n]"
[2018-05-07-23:06:33] [DEBUG] http-outgoing-0 >> "[\r][\n]"
[2018-05-07-23:06:33] [DEBUG] http-outgoing-0 >> "{"id":"0.014916897742487834-1","value":["cjw"]}"
[2018-05-07-23:06:34] [DEBUG] http-outgoing-0 << "HTTP/1.1 200 OK[\r][\n]"
[2018-05-07-23:06:34] [DEBUG] http-outgoing-0 << "Content-Length:72[\r][\n]"
[2018-05-07-23:06:34] [DEBUG] http-outgoing-0 << "Content-Type:application/json; charset=utf-8[\r][\n]"
[2018-05-07-23:06:34] [DEBUG] http-outgoing-0 << "[\r][\n]"
[2018-05-07-23:06:34] [DEBUG] http-outgoing-0 << "{"sessionId":"f0d3883c90824f69ed1adc46b2d45f5d","status":0,"value":null}"
[2018-05-07-23:06:34] [DEBUG] http-outgoing-0 << HTTP/1.1 200 OK
[2018-05-07-23:06:34] [DEBUG] http-outgoing-0 << Content-Length:72
[2018-05-07-23:06:34] [DEBUG] http-outgoing-0 << Content-Type:application/json; charset=utf-8
[2018-05-07-23:06:34] [DEBUG] Connection can be kept alive indefinitely
[2018-05-07-23:06:34] [DEBUG] Connection [id: 0][route: {}->http://localhost:28469] can be kept alive indefinitely
[2018-05-07-23:06:34] [DEBUG] Connection released: [id: 0][route: {}->http://localhost:28469][total kept alive: 1; route allocated: 1 of 2000; total allocated: 1 of 2000]
[2018-05-07-23:06:34] [INFO] 输入[[ChromeDriver: chrome on WIN8_1 (f0d3883c90824f69ed1adc46b2d45f5d)] -> id: ls_username
[2018-05-07-23:06:34] [DEBUG] CookieSpec selected: default
[2018-05-07-23:06:34] [DEBUG] Auth cache not set in the context
[2018-05-07-23:06:34] [DEBUG] Connection request: [route: {}->http://localhost:28469][total kept alive: 1; route allocated: 1 of 2000; total allocated: 1 of 2000]
[2018-05-07-23:06:34] [DEBUG] Connection leased: [id: 0][route: {}->http://localhost:28469][total kept alive: 0; route allocated: 1 of 2000; total allocated: 1 of 2000]
[2018-05-07-23:06:34] [DEBUG] Stale connection check
[2018-05-07-23:06:34] [DEBUG] http-outgoing-0 << "[read] I/O error: Read timed out"
[2018-05-07-23:06:34] [DEBUG] http-outgoing-0: set socket timeout to 10800000
[2018-05-07-23:06:34] [DEBUG] Executing request POST /session/f0d3883c90824f69ed1adc46b2d45f5d/element HTTP/1.1
[2018-05-07-23:06:34] [DEBUG] Target auth state: UNCHALLENGED
[2018-05-07-23:06:34] [DEBUG] Proxy auth state: UNCHALLENGED
[2018-05-07-23:06:34] [DEBUG] http-outgoing-0 >> POST /session/f0d3883c90824f69ed1adc46b2d45f5d/element HTTP/1.1
[2018-05-07-23:06:34] [DEBUG] http-outgoing-0 >> Content-Type: application/json; charset=utf-8
[2018-05-07-23:06:34] [DEBUG] http-outgoing-0 >> Content-Length: 36
[2018-05-07-23:06:34] [DEBUG] http-outgoing-0 >> Host: localhost:28469
[2018-05-07-23:06:34] [DEBUG] http-outgoing-0 >> Connection: Keep-Alive
[2018-05-07-23:06:34] [DEBUG] http-outgoing-0 >> User-Agent: Apache-HttpClient/4.5.3 (Java/1.8.0_151)
[2018-05-07-23:06:34] [DEBUG] http-outgoing-0 >> Accept-Encoding: gzip,deflate
[2018-05-07-23:06:34] [DEBUG] http-outgoing-0 >> "POST /session/f0d3883c90824f69ed1adc46b2d45f5d/element HTTP/1.1[\r][\n]"
[2018-05-07-23:06:34] [DEBUG] http-outgoing-0 >> "Content-Type: application/json; charset=utf-8[\r][\n]"
[2018-05-07-23:06:34] [DEBUG] http-outgoing-0 >> "Content-Length: 36[\r][\n]"
[2018-05-07-23:06:34] [DEBUG] http-outgoing-0 >> "Host: localhost:28469[\r][\n]"
[2018-05-07-23:06:34] [DEBUG] http-outgoing-0 >> "Connection: Keep-Alive[\r][\n]"
[2018-05-07-23:06:34] [DEBUG] http-outgoing-0 >> "User-Agent: Apache-HttpClient/4.5.3 (Java/1.8.0_151)[\r][\n]"
[2018-05-07-23:06:34] [DEBUG] http-outgoing-0 >> "Accept-Encoding: gzip,deflate[\r][\n]"
[2018-05-07-23:06:34] [DEBUG] http-outgoing-0 >> "[\r][\n]"
[2018-05-07-23:06:34] [DEBUG] http-outgoing-0 >> "{"using":"id","value":"ls_password"}"
[2018-05-07-23:06:34] [DEBUG] http-outgoing-0 << "HTTP/1.1 200 OK[\r][\n]"
[2018-05-07-23:06:34] [DEBUG] http-outgoing-0 << "Content-Length:104[\r][\n]"
[2018-05-07-23:06:34] [DEBUG] http-outgoing-0 << "Content-Type:application/json; charset=utf-8[\r][\n]"
[2018-05-07-23:06:34] [DEBUG] http-outgoing-0 << "[\r][\n]"
[2018-05-07-23:06:34] [DEBUG] http-outgoing-0 << "{"sessionId":"f0d3883c90824f69ed1adc46b2d45f5d","status":0,"value":{"ELEMENT":"0.014916897742487834-2"}}"
[2018-05-07-23:06:34] [DEBUG] http-outgoing-0 << HTTP/1.1 200 OK
[2018-05-07-23:06:34] [DEBUG] http-outgoing-0 << Content-Length:104
[2018-05-07-23:06:34] [DEBUG] http-outgoing-0 << Content-Type:application/json; charset=utf-8
[2018-05-07-23:06:34] [DEBUG] Connection can be kept alive indefinitely
[2018-05-07-23:06:34] [DEBUG] Connection [id: 0][route: {}->http://localhost:28469] can be kept alive indefinitely
[2018-05-07-23:06:34] [DEBUG] Connection released: [id: 0][route: {}->http://localhost:28469][total kept alive: 1; route allocated: 1 of 2000; total allocated: 1 of 2000]
[2018-05-07-23:06:34] [INFO] 元素找到 id: ls_password
[2018-05-07-23:06:34] [DEBUG] CookieSpec selected: default
[2018-05-07-23:06:34] [DEBUG] Auth cache not set in the context
[2018-05-07-23:06:34] [DEBUG] Connection request: [route: {}->http://localhost:28469][total kept alive: 1; route allocated: 1 of 2000; total allocated: 1 of 2000]
[2018-05-07-23:06:34] [DEBUG] Connection leased: [id: 0][route: {}->http://localhost:28469][total kept alive: 0; route allocated: 1 of 2000; total allocated: 1 of 2000]
[2018-05-07-23:06:34] [DEBUG] Stale connection check
[2018-05-07-23:06:34] [DEBUG] http-outgoing-0 << "[read] I/O error: Read timed out"
[2018-05-07-23:06:34] [DEBUG] http-outgoing-0: set socket timeout to 10800000
[2018-05-07-23:06:34] [DEBUG] Executing request POST /session/f0d3883c90824f69ed1adc46b2d45f5d/element HTTP/1.1
[2018-05-07-23:06:34] [DEBUG] Target auth state: UNCHALLENGED
[2018-05-07-23:06:34] [DEBUG] Proxy auth state: UNCHALLENGED
[2018-05-07-23:06:34] [DEBUG] http-outgoing-0 >> POST /session/f0d3883c90824f69ed1adc46b2d45f5d/element HTTP/1.1
[2018-05-07-23:06:34] [DEBUG] http-outgoing-0 >> Content-Type: application/json; charset=utf-8
[2018-05-07-23:06:34] [DEBUG] http-outgoing-0 >> Content-Length: 36
[2018-05-07-23:06:34] [DEBUG] http-outgoing-0 >> Host: localhost:28469
[2018-05-07-23:06:34] [DEBUG] http-outgoing-0 >> Connection: Keep-Alive
[2018-05-07-23:06:34] [DEBUG] http-outgoing-0 >> User-Agent: Apache-HttpClient/4.5.3 (Java/1.8.0_151)
[2018-05-07-23:06:34] [DEBUG] http-outgoing-0 >> Accept-Encoding: gzip,deflate
[2018-05-07-23:06:34] [DEBUG] http-outgoing-0 >> "POST /session/f0d3883c90824f69ed1adc46b2d45f5d/element HTTP/1.1[\r][\n]"
[2018-05-07-23:06:34] [DEBUG] http-outgoing-0 >> "Content-Type: application/json; charset=utf-8[\r][\n]"
[2018-05-07-23:06:34] [DEBUG] http-outgoing-0 >> "Content-Length: 36[\r][\n]"
[2018-05-07-23:06:34] [DEBUG] http-outgoing-0 >> "Host: localhost:28469[\r][\n]"
[2018-05-07-23:06:34] [DEBUG] http-outgoing-0 >> "Connection: Keep-Alive[\r][\n]"
[2018-05-07-23:06:34] [DEBUG] http-outgoing-0 >> "User-Agent: Apache-HttpClient/4.5.3 (Java/1.8.0_151)[\r][\n]"
[2018-05-07-23:06:34] [DEBUG] http-outgoing-0 >> "Accept-Encoding: gzip,deflate[\r][\n]"
[2018-05-07-23:06:34] [DEBUG] http-outgoing-0 >> "[\r][\n]"
[2018-05-07-23:06:34] [DEBUG] http-outgoing-0 >> "{"using":"id","value":"ls_password"}"
[2018-05-07-23:06:34] [DEBUG] http-outgoing-0 << "HTTP/1.1 200 OK[\r][\n]"
[2018-05-07-23:06:34] [DEBUG] http-outgoing-0 << "Content-Length:104[\r][\n]"
[2018-05-07-23:06:34] [DEBUG] http-outgoing-0 << "Content-Type:application/json; charset=utf-8[\r][\n]"
[2018-05-07-23:06:34] [DEBUG] http-outgoing-0 << "[\r][\n]"
[2018-05-07-23:06:34] [DEBUG] http-outgoing-0 << "{"sessionId":"f0d3883c90824f69ed1adc46b2d45f5d","status":0,"value":{"ELEMENT":"0.014916897742487834-2"}}"
[2018-05-07-23:06:34] [DEBUG] http-outgoing-0 << HTTP/1.1 200 OK
[2018-05-07-23:06:34] [DEBUG] http-outgoing-0 << Content-Length:104
[2018-05-07-23:06:34] [DEBUG] http-outgoing-0 << Content-Type:application/json; charset=utf-8
[2018-05-07-23:06:34] [DEBUG] Connection can be kept alive indefinitely
[2018-05-07-23:06:34] [DEBUG] Connection [id: 0][route: {}->http://localhost:28469] can be kept alive indefinitely
[2018-05-07-23:06:34] [DEBUG] Connection released: [id: 0][route: {}->http://localhost:28469][total kept alive: 1; route allocated: 1 of 2000; total allocated: 1 of 2000]
[2018-05-07-23:06:34] [INFO] 元素找到 id: ls_password
[2018-05-07-23:06:34] [DEBUG] CookieSpec selected: default
[2018-05-07-23:06:34] [DEBUG] Auth cache not set in the context
[2018-05-07-23:06:34] [DEBUG] Connection request: [route: {}->http://localhost:28469][total kept alive: 1; route allocated: 1 of 2000; total allocated: 1 of 2000]
[2018-05-07-23:06:34] [DEBUG] Connection leased: [id: 0][route: {}->http://localhost:28469][total kept alive: 0; route allocated: 1 of 2000; total allocated: 1 of 2000]
[2018-05-07-23:06:34] [DEBUG] Stale connection check
[2018-05-07-23:06:34] [DEBUG] http-outgoing-0 << "[read] I/O error: Read timed out"
[2018-05-07-23:06:34] [DEBUG] http-outgoing-0: set socket timeout to 10800000
[2018-05-07-23:06:34] [DEBUG] Executing request POST /session/f0d3883c90824f69ed1adc46b2d45f5d/element/0.014916897742487834-2/clear HTTP/1.1
[2018-05-07-23:06:34] [DEBUG] Target auth state: UNCHALLENGED
[2018-05-07-23:06:34] [DEBUG] Proxy auth state: UNCHALLENGED
[2018-05-07-23:06:34] [DEBUG] http-outgoing-0 >> POST /session/f0d3883c90824f69ed1adc46b2d45f5d/element/0.014916897742487834-2/clear HTTP/1.1
[2018-05-07-23:06:34] [DEBUG] http-outgoing-0 >> Content-Type: application/json; charset=utf-8
[2018-05-07-23:06:34] [DEBUG] http-outgoing-0 >> Content-Length: 31
[2018-05-07-23:06:34] [DEBUG] http-outgoing-0 >> Host: localhost:28469
[2018-05-07-23:06:34] [DEBUG] http-outgoing-0 >> Connection: Keep-Alive
[2018-05-07-23:06:34] [DEBUG] http-outgoing-0 >> User-Agent: Apache-HttpClient/4.5.3 (Java/1.8.0_151)
[2018-05-07-23:06:34] [DEBUG] http-outgoing-0 >> Accept-Encoding: gzip,deflate
[2018-05-07-23:06:34] [DEBUG] http-outgoing-0 >> "POST /session/f0d3883c90824f69ed1adc46b2d45f5d/element/0.014916897742487834-2/clear HTTP/1.1[\r][\n]"
[2018-05-07-23:06:34] [DEBUG] http-outgoing-0 >> "Content-Type: application/json; charset=utf-8[\r][\n]"
[2018-05-07-23:06:34] [DEBUG] http-outgoing-0 >> "Content-Length: 31[\r][\n]"
[2018-05-07-23:06:34] [DEBUG] http-outgoing-0 >> "Host: localhost:28469[\r][\n]"
[2018-05-07-23:06:34] [DEBUG] http-outgoing-0 >> "Connection: Keep-Alive[\r][\n]"
[2018-05-07-23:06:34] [DEBUG] http-outgoing-0 >> "User-Agent: Apache-HttpClient/4.5.3 (Java/1.8.0_151)[\r][\n]"
[2018-05-07-23:06:34] [DEBUG] http-outgoing-0 >> "Accept-Encoding: gzip,deflate[\r][\n]"
[2018-05-07-23:06:34] [DEBUG] http-outgoing-0 >> "[\r][\n]"
[2018-05-07-23:06:34] [DEBUG] http-outgoing-0 >> "{"id":"0.014916897742487834-2"}"
[2018-05-07-23:06:34] [DEBUG] http-outgoing-0 << "HTTP/1.1 200 OK[\r][\n]"
[2018-05-07-23:06:34] [DEBUG] http-outgoing-0 << "Content-Length:72[\r][\n]"
[2018-05-07-23:06:34] [DEBUG] http-outgoing-0 << "Content-Type:application/json; charset=utf-8[\r][\n]"
[2018-05-07-23:06:34] [DEBUG] http-outgoing-0 << "[\r][\n]"
[2018-05-07-23:06:34] [DEBUG] http-outgoing-0 << "{"sessionId":"f0d3883c90824f69ed1adc46b2d45f5d","status":0,"value":null}"
[2018-05-07-23:06:34] [DEBUG] http-outgoing-0 << HTTP/1.1 200 OK
[2018-05-07-23:06:34] [DEBUG] http-outgoing-0 << Content-Length:72
[2018-05-07-23:06:34] [DEBUG] http-outgoing-0 << Content-Type:application/json; charset=utf-8
[2018-05-07-23:06:34] [DEBUG] Connection can be kept alive indefinitely
[2018-05-07-23:06:34] [DEBUG] Connection [id: 0][route: {}->http://localhost:28469] can be kept alive indefinitely
[2018-05-07-23:06:34] [DEBUG] Connection released: [id: 0][route: {}->http://localhost:28469][total kept alive: 1; route allocated: 1 of 2000; total allocated: 1 of 2000]
[2018-05-07-23:06:34] [INFO] 已清除[[ChromeDriver: chrome on WIN8_1 (f0d3883c90824f69ed1adc46b2d45f5d)] -> id: ls_password内容
[2018-05-07-23:06:34] [DEBUG] CookieSpec selected: default
[2018-05-07-23:06:34] [DEBUG] Auth cache not set in the context
[2018-05-07-23:06:34] [DEBUG] Connection request: [route: {}->http://localhost:28469][total kept alive: 1; route allocated: 1 of 2000; total allocated: 1 of 2000]
[2018-05-07-23:06:34] [DEBUG] Connection leased: [id: 0][route: {}->http://localhost:28469][total kept alive: 0; route allocated: 1 of 2000; total allocated: 1 of 2000]
[2018-05-07-23:06:34] [DEBUG] Stale connection check
[2018-05-07-23:06:34] [DEBUG] http-outgoing-0 << "[read] I/O error: Read timed out"
[2018-05-07-23:06:34] [DEBUG] http-outgoing-0: set socket timeout to 10800000
[2018-05-07-23:06:34] [DEBUG] Executing request POST /session/f0d3883c90824f69ed1adc46b2d45f5d/element/0.014916897742487834-2/value HTTP/1.1
[2018-05-07-23:06:34] [DEBUG] Target auth state: UNCHALLENGED
[2018-05-07-23:06:34] [DEBUG] Proxy auth state: UNCHALLENGED
[2018-05-07-23:06:34] [DEBUG] http-outgoing-0 >> POST /session/f0d3883c90824f69ed1adc46b2d45f5d/element/0.014916897742487834-2/value HTTP/1.1
[2018-05-07-23:06:34] [DEBUG] http-outgoing-0 >> Content-Type: application/json; charset=utf-8
[2018-05-07-23:06:34] [DEBUG] http-outgoing-0 >> Content-Length: 52
[2018-05-07-23:06:34] [DEBUG] http-outgoing-0 >> Host: localhost:28469
[2018-05-07-23:06:34] [DEBUG] http-outgoing-0 >> Connection: Keep-Alive
[2018-05-07-23:06:34] [DEBUG] http-outgoing-0 >> User-Agent: Apache-HttpClient/4.5.3 (Java/1.8.0_151)
[2018-05-07-23:06:34] [DEBUG] http-outgoing-0 >> Accept-Encoding: gzip,deflate
[2018-05-07-23:06:34] [DEBUG] http-outgoing-0 >> "POST /session/f0d3883c90824f69ed1adc46b2d45f5d/element/0.014916897742487834-2/value HTTP/1.1[\r][\n]"
[2018-05-07-23:06:34] [DEBUG] http-outgoing-0 >> "Content-Type: application/json; charset=utf-8[\r][\n]"
[2018-05-07-23:06:34] [DEBUG] http-outgoing-0 >> "Content-Length: 52[\r][\n]"
[2018-05-07-23:06:34] [DEBUG] http-outgoing-0 >> "Host: localhost:28469[\r][\n]"
[2018-05-07-23:06:34] [DEBUG] http-outgoing-0 >> "Connection: Keep-Alive[\r][\n]"
[2018-05-07-23:06:34] [DEBUG] http-outgoing-0 >> "User-Agent: Apache-HttpClient/4.5.3 (Java/1.8.0_151)[\r][\n]"
[2018-05-07-23:06:34] [DEBUG] http-outgoing-0 >> "Accept-Encoding: gzip,deflate[\r][\n]"
[2018-05-07-23:06:34] [DEBUG] http-outgoing-0 >> "[\r][\n]"
[2018-05-07-23:06:34] [DEBUG] http-outgoing-0 >> "{"id":"0.014916897742487834-2","value":["password"]}"
[2018-05-07-23:06:34] [DEBUG] http-outgoing-0 << "HTTP/1.1 200 OK[\r][\n]"
[2018-05-07-23:06:34] [DEBUG] http-outgoing-0 << "Content-Length:72[\r][\n]"
[2018-05-07-23:06:34] [DEBUG] http-outgoing-0 << "Content-Type:application/json; charset=utf-8[\r][\n]"
[2018-05-07-23:06:34] [DEBUG] http-outgoing-0 << "[\r][\n]"
[2018-05-07-23:06:34] [DEBUG] http-outgoing-0 << "{"sessionId":"f0d3883c90824f69ed1adc46b2d45f5d","status":0,"value":null}"
[2018-05-07-23:06:34] [DEBUG] http-outgoing-0 << HTTP/1.1 200 OK
[2018-05-07-23:06:34] [DEBUG] http-outgoing-0 << Content-Length:72
[2018-05-07-23:06:34] [DEBUG] http-outgoing-0 << Content-Type:application/json; charset=utf-8
[2018-05-07-23:06:34] [DEBUG] Connection can be kept alive indefinitely
[2018-05-07-23:06:34] [DEBUG] Connection [id: 0][route: {}->http://localhost:28469] can be kept alive indefinitely
[2018-05-07-23:06:34] [DEBUG] Connection released: [id: 0][route: {}->http://localhost:28469][total kept alive: 1; route allocated: 1 of 2000; total allocated: 1 of 2000]
[2018-05-07-23:06:34] [INFO] 输入assword
[2018-05-07-23:06:34] [DEBUG] CookieSpec selected: default
[2018-05-07-23:06:34] [DEBUG] Auth cache not set in the context
[2018-05-07-23:06:34] [DEBUG] Connection request: [route: {}->http://localhost:28469][total kept alive: 1; route allocated: 1 of 2000; total allocated: 1 of 2000]
[2018-05-07-23:06:34] [DEBUG] Connection leased: [id: 0][route: {}->http://localhost:28469][total kept alive: 0; route allocated: 1 of 2000; total allocated: 1 of 2000]
[2018-05-07-23:06:34] [DEBUG] Stale connection check
[2018-05-07-23:06:34] [DEBUG] http-outgoing-0 << "[read] I/O error: Read timed out"
[2018-05-07-23:06:34] [DEBUG] http-outgoing-0: set socket timeout to 10800000
[2018-05-07-23:06:34] [DEBUG] Executing request POST /session/f0d3883c90824f69ed1adc46b2d45f5d/element HTTP/1.1
[2018-05-07-23:06:34] [DEBUG] Target auth state: UNCHALLENGED
[2018-05-07-23:06:34] [DEBUG] Proxy auth state: UNCHALLENGED
[2018-05-07-23:06:34] [DEBUG] http-outgoing-0 >> POST /session/f0d3883c90824f69ed1adc46b2d45f5d/element HTTP/1.1
[2018-05-07-23:06:34] [DEBUG] http-outgoing-0 >> Content-Type: application/json; charset=utf-8
[2018-05-07-23:06:34] [DEBUG] http-outgoing-0 >> Content-Length: 86
[2018-05-07-23:06:34] [DEBUG] http-outgoing-0 >> Host: localhost:28469
[2018-05-07-23:06:34] [DEBUG] http-outgoing-0 >> Connection: Keep-Alive
[2018-05-07-23:06:34] [DEBUG] http-outgoing-0 >> User-Agent: Apache-HttpClient/4.5.3 (Java/1.8.0_151)
[2018-05-07-23:06:34] [DEBUG] http-outgoing-0 >> Accept-Encoding: gzip,deflate
[2018-05-07-23:06:34] [DEBUG] http-outgoing-0 >> "POST /session/f0d3883c90824f69ed1adc46b2d45f5d/element HTTP/1.1[\r][\n]"
[2018-05-07-23:06:34] [DEBUG] http-outgoing-0 >> "Content-Type: application/json; charset=utf-8[\r][\n]"
[2018-05-07-23:06:34] [DEBUG] http-outgoing-0 >> "Content-Length: 86[\r][\n]"
[2018-05-07-23:06:34] [DEBUG] http-outgoing-0 >> "Host: localhost:28469[\r][\n]"
[2018-05-07-23:06:34] [DEBUG] http-outgoing-0 >> "Connection: Keep-Alive[\r][\n]"
[2018-05-07-23:06:34] [DEBUG] http-outgoing-0 >> "User-Agent: Apache-HttpClient/4.5.3 (Java/1.8.0_151)[\r][\n]"
[2018-05-07-23:06:34] [DEBUG] http-outgoing-0 >> "Accept-Encoding: gzip,deflate[\r][\n]"
[2018-05-07-23:06:34] [DEBUG] http-outgoing-0 >> "[\r][\n]"
[2018-05-07-23:06:34] [DEBUG] http-outgoing-0 >> "{"using":"xpath","value":"//*[@id=\"lsform\"]/div/div/table/tbody/tr[2]/td[3]/button"}"
[2018-05-07-23:06:34] [DEBUG] http-outgoing-0 << "HTTP/1.1 200 OK[\r][\n]"
[2018-05-07-23:06:34] [DEBUG] http-outgoing-0 << "Content-Length:104[\r][\n]"
[2018-05-07-23:06:34] [DEBUG] http-outgoing-0 << "Content-Type:application/json; charset=utf-8[\r][\n]"
[2018-05-07-23:06:34] [DEBUG] http-outgoing-0 << "[\r][\n]"
[2018-05-07-23:06:34] [DEBUG] http-outgoing-0 << "{"sessionId":"f0d3883c90824f69ed1adc46b2d45f5d","status":0,"value":{"ELEMENT":"0.014916897742487834-3"}}"
[2018-05-07-23:06:34] [DEBUG] http-outgoing-0 << HTTP/1.1 200 OK
[2018-05-07-23:06:34] [DEBUG] http-outgoing-0 << Content-Length:104
[2018-05-07-23:06:34] [DEBUG] http-outgoing-0 << Content-Type:application/json; charset=utf-8
[2018-05-07-23:06:34] [DEBUG] Connection can be kept alive indefinitely
[2018-05-07-23:06:34] [DEBUG] Connection [id: 0][route: {}->http://localhost:28469] can be kept alive indefinitely
[2018-05-07-23:06:34] [DEBUG] Connection released: [id: 0][route: {}->http://localhost:28469][total kept alive: 1; route allocated: 1 of 2000; total allocated: 1 of 2000]
[2018-05-07-23:06:34] [INFO] 元素找到 xpath: //*[@id="lsform"]/div/div/table/tbody/tr[2]/td[3]/button
[2018-05-07-23:06:34] [DEBUG] CookieSpec selected: default
[2018-05-07-23:06:34] [DEBUG] Auth cache not set in the context
[2018-05-07-23:06:34] [DEBUG] Connection request: [route: {}->http://localhost:28469][total kept alive: 1; route allocated: 1 of 2000; total allocated: 1 of 2000]
[2018-05-07-23:06:34] [DEBUG] Connection leased: [id: 0][route: {}->http://localhost:28469][total kept alive: 0; route allocated: 1 of 2000; total allocated: 1 of 2000]
[2018-05-07-23:06:34] [DEBUG] Stale connection check
[2018-05-07-23:06:34] [DEBUG] http-outgoing-0 << "[read] I/O error: Read timed out"
[2018-05-07-23:06:34] [DEBUG] http-outgoing-0: set socket timeout to 10800000
[2018-05-07-23:06:34] [DEBUG] Executing request POST /session/f0d3883c90824f69ed1adc46b2d45f5d/element/0.014916897742487834-3/click HTTP/1.1
[2018-05-07-23:06:34] [DEBUG] Target auth state: UNCHALLENGED
[2018-05-07-23:06:34] [DEBUG] Proxy auth state: UNCHALLENGED
[2018-05-07-23:06:34] [DEBUG] http-outgoing-0 >> POST /session/f0d3883c90824f69ed1adc46b2d45f5d/element/0.014916897742487834-3/click HTTP/1.1
[2018-05-07-23:06:34] [DEBUG] http-outgoing-0 >> Content-Type: application/json; charset=utf-8
[2018-05-07-23:06:34] [DEBUG] http-outgoing-0 >> Content-Length: 31
[2018-05-07-23:06:34] [DEBUG] http-outgoing-0 >> Host: localhost:28469
[2018-05-07-23:06:34] [DEBUG] http-outgoing-0 >> Connection: Keep-Alive
[2018-05-07-23:06:34] [DEBUG] http-outgoing-0 >> User-Agent: Apache-HttpClient/4.5.3 (Java/1.8.0_151)
[2018-05-07-23:06:34] [DEBUG] http-outgoing-0 >> Accept-Encoding: gzip,deflate
[2018-05-07-23:06:34] [DEBUG] http-outgoing-0 >> "POST /session/f0d3883c90824f69ed1adc46b2d45f5d/element/0.014916897742487834-3/click HTTP/1.1[\r][\n]"
[2018-05-07-23:06:34] [DEBUG] http-outgoing-0 >> "Content-Type: application/json; charset=utf-8[\r][\n]"
[2018-05-07-23:06:34] [DEBUG] http-outgoing-0 >> "Content-Length: 31[\r][\n]"
[2018-05-07-23:06:34] [DEBUG] http-outgoing-0 >> "Host: localhost:28469[\r][\n]"
[2018-05-07-23:06:34] [DEBUG] http-outgoing-0 >> "Connection: Keep-Alive[\r][\n]"
[2018-05-07-23:06:34] [DEBUG] http-outgoing-0 >> "User-Agent: Apache-HttpClient/4.5.3 (Java/1.8.0_151)[\r][\n]"
[2018-05-07-23:06:34] [DEBUG] http-outgoing-0 >> "Accept-Encoding: gzip,deflate[\r][\n]"
[2018-05-07-23:06:34] [DEBUG] http-outgoing-0 >> "[\r][\n]"
[2018-05-07-23:06:34] [DEBUG] http-outgoing-0 >> "{"id":"0.014916897742487834-3"}"
[2018-05-07-23:06:34] [DEBUG] http-outgoing-0 << "HTTP/1.1 200 OK[\r][\n]"
[2018-05-07-23:06:34] [DEBUG] http-outgoing-0 << "Content-Length:72[\r][\n]"
[2018-05-07-23:06:34] [DEBUG] http-outgoing-0 << "Content-Type:application/json; charset=utf-8[\r][\n]"
[2018-05-07-23:06:34] [DEBUG] http-outgoing-0 << "[\r][\n]"
[2018-05-07-23:06:34] [DEBUG] http-outgoing-0 << "{"sessionId":"f0d3883c90824f69ed1adc46b2d45f5d","status":0,"value":null}"
[2018-05-07-23:06:34] [DEBUG] http-outgoing-0 << HTTP/1.1 200 OK
[2018-05-07-23:06:34] [DEBUG] http-outgoing-0 << Content-Length:72
[2018-05-07-23:06:34] [DEBUG] http-outgoing-0 << Content-Type:application/json; charset=utf-8
[2018-05-07-23:06:34] [DEBUG] Connection can be kept alive indefinitely
[2018-05-07-23:06:34] [DEBUG] Connection [id: 0][route: {}->http://localhost:28469] can be kept alive indefinitely
[2018-05-07-23:06:34] [DEBUG] Connection released: [id: 0][route: {}->http://localhost:28469][total kept alive: 1; route allocated: 1 of 2000; total allocated: 1 of 2000]
[2018-05-07-23:06:34] [INFO] 已点击加载
[2018-05-07-23:06:34] [DEBUG] CookieSpec selected: default
[2018-05-07-23:06:34] [DEBUG] Auth cache not set in the context
[2018-05-07-23:06:34] [DEBUG] Connection request: [route: {}->http://localhost:28469][total kept alive: 1; route allocated: 1 of 2000; total allocated: 1 of 2000]
[2018-05-07-23:06:34] [DEBUG] Connection leased: [id: 0][route: {}->http://localhost:28469][total kept alive: 0; route allocated: 1 of 2000; total allocated: 1 of 2000]
[2018-05-07-23:06:34] [DEBUG] Stale connection check
[2018-05-07-23:06:34] [DEBUG] http-outgoing-0 << "[read] I/O error: Read timed out"
[2018-05-07-23:06:34] [DEBUG] http-outgoing-0: set socket timeout to 10800000
[2018-05-07-23:06:34] [DEBUG] Executing request POST /session/f0d3883c90824f69ed1adc46b2d45f5d/element HTTP/1.1
[2018-05-07-23:06:34] [DEBUG] Target auth state: UNCHALLENGED
[2018-05-07-23:06:34] [DEBUG] Proxy auth state: UNCHALLENGED
[2018-05-07-23:06:34] [DEBUG] http-outgoing-0 >> POST /session/f0d3883c90824f69ed1adc46b2d45f5d/element HTTP/1.1
[2018-05-07-23:06:34] [DEBUG] http-outgoing-0 >> Content-Type: application/json; charset=utf-8
[2018-05-07-23:06:34] [DEBUG] http-outgoing-0 >> Content-Length: 39
[2018-05-07-23:06:34] [DEBUG] http-outgoing-0 >> Host: localhost:28469
[2018-05-07-23:06:34] [DEBUG] http-outgoing-0 >> Connection: Keep-Alive
[2018-05-07-23:06:34] [DEBUG] http-outgoing-0 >> User-Agent: Apache-HttpClient/4.5.3 (Java/1.8.0_151)
[2018-05-07-23:06:34] [DEBUG] http-outgoing-0 >> Accept-Encoding: gzip,deflate
[2018-05-07-23:06:34] [DEBUG] http-outgoing-0 >> "POST /session/f0d3883c90824f69ed1adc46b2d45f5d/element HTTP/1.1[\r][\n]"
[2018-05-07-23:06:34] [DEBUG] http-outgoing-0 >> "Content-Type: application/json; charset=utf-8[\r][\n]"
[2018-05-07-23:06:34] [DEBUG] http-outgoing-0 >> "Content-Length: 39[\r][\n]"
[2018-05-07-23:06:34] [DEBUG] http-outgoing-0 >> "Host: localhost:28469[\r][\n]"
[2018-05-07-23:06:34] [DEBUG] http-outgoing-0 >> "Connection: Keep-Alive[\r][\n]"
[2018-05-07-23:06:34] [DEBUG] http-outgoing-0 >> "User-Agent: Apache-HttpClient/4.5.3 (Java/1.8.0_151)[\r][\n]"
[2018-05-07-23:06:34] [DEBUG] http-outgoing-0 >> "Accept-Encoding: gzip,deflate[\r][\n]"
[2018-05-07-23:06:34] [DEBUG] http-outgoing-0 >> "[\r][\n]"
[2018-05-07-23:06:34] [DEBUG] http-outgoing-0 >> "{"using":"class name","value":"fl_icn"}"
[2018-05-07-23:06:34] [DEBUG] http-outgoing-0 << "HTTP/1.1 200 OK[\r][\n]"
[2018-05-07-23:06:34] [DEBUG] http-outgoing-0 << "Content-Length:104[\r][\n]"
[2018-05-07-23:06:34] [DEBUG] http-outgoing-0 << "Content-Type:application/json; charset=utf-8[\r][\n]"
[2018-05-07-23:06:34] [DEBUG] http-outgoing-0 << "[\r][\n]"
[2018-05-07-23:06:34] [DEBUG] http-outgoing-0 << "{"sessionId":"f0d3883c90824f69ed1adc46b2d45f5d","status":0,"value":{"ELEMENT":"0.014916897742487834-4"}}"
[2018-05-07-23:06:34] [DEBUG] http-outgoing-0 << HTTP/1.1 200 OK
[2018-05-07-23:06:34] [DEBUG] http-outgoing-0 << Content-Length:104
[2018-05-07-23:06:34] [DEBUG] http-outgoing-0 << Content-Type:application/json; charset=utf-8
[2018-05-07-23:06:34] [DEBUG] Connection can be kept alive indefinitely
[2018-05-07-23:06:34] [DEBUG] Connection [id: 0][route: {}->http://localhost:28469] can be kept alive indefinitely
[2018-05-07-23:06:34] [DEBUG] Connection released: [id: 0][route: {}->http://localhost:28469][total kept alive: 1; route allocated: 1 of 2000; total allocated: 1 of 2000]
[2018-05-07-23:06:34] [INFO] 元素找到 class name: fl_icn
[2018-05-07-23:06:34] [DEBUG] CookieSpec selected: default
[2018-05-07-23:06:34] [DEBUG] Auth cache not set in the context
[2018-05-07-23:06:34] [DEBUG] Connection request: [route: {}->http://localhost:28469][total kept alive: 1; route allocated: 1 of 2000; total allocated: 1 of 2000]
[2018-05-07-23:06:34] [DEBUG] Connection leased: [id: 0][route: {}->http://localhost:28469][total kept alive: 0; route allocated: 1 of 2000; total allocated: 1 of 2000]
[2018-05-07-23:06:34] [DEBUG] Stale connection check
[2018-05-07-23:06:34] [DEBUG] http-outgoing-0 << "[read] I/O error: Read timed out"
[2018-05-07-23:06:34] [DEBUG] http-outgoing-0: set socket timeout to 10800000
[2018-05-07-23:06:34] [DEBUG] Executing request POST /session/f0d3883c90824f69ed1adc46b2d45f5d/element/0.014916897742487834-4/click HTTP/1.1
[2018-05-07-23:06:34] [DEBUG] Target auth state: UNCHALLENGED
[2018-05-07-23:06:34] [DEBUG] Proxy auth state: UNCHALLENGED
[2018-05-07-23:06:34] [DEBUG] http-outgoing-0 >> POST /session/f0d3883c90824f69ed1adc46b2d45f5d/element/0.014916897742487834-4/click HTTP/1.1
[2018-05-07-23:06:34] [DEBUG] http-outgoing-0 >> Content-Type: application/json; charset=utf-8
[2018-05-07-23:06:34] [DEBUG] http-outgoing-0 >> Content-Length: 31
[2018-05-07-23:06:34] [DEBUG] http-outgoing-0 >> Host: localhost:28469
[2018-05-07-23:06:34] [DEBUG] http-outgoing-0 >> Connection: Keep-Alive
[2018-05-07-23:06:34] [DEBUG] http-outgoing-0 >> User-Agent: Apache-HttpClient/4.5.3 (Java/1.8.0_151)
[2018-05-07-23:06:34] [DEBUG] http-outgoing-0 >> Accept-Encoding: gzip,deflate
[2018-05-07-23:06:34] [DEBUG] http-outgoing-0 >> "POST /session/f0d3883c90824f69ed1adc46b2d45f5d/element/0.014916897742487834-4/click HTTP/1.1[\r][\n]"
[2018-05-07-23:06:34] [DEBUG] http-outgoing-0 >> "Content-Type: application/json; charset=utf-8[\r][\n]"
[2018-05-07-23:06:34] [DEBUG] http-outgoing-0 >> "Content-Length: 31[\r][\n]"
[2018-05-07-23:06:34] [DEBUG] http-outgoing-0 >> "Host: localhost:28469[\r][\n]"
[2018-05-07-23:06:34] [DEBUG] http-outgoing-0 >> "Connection: Keep-Alive[\r][\n]"
[2018-05-07-23:06:34] [DEBUG] http-outgoing-0 >> "User-Agent: Apache-HttpClient/4.5.3 (Java/1.8.0_151)[\r][\n]"
[2018-05-07-23:06:34] [DEBUG] http-outgoing-0 >> "Accept-Encoding: gzip,deflate[\r][\n]"
[2018-05-07-23:06:34] [DEBUG] http-outgoing-0 >> "[\r][\n]"
[2018-05-07-23:06:34] [DEBUG] http-outgoing-0 >> "{"id":"0.014916897742487834-4"}"
[2018-05-07-23:06:34] [DEBUG] http-outgoing-0 << "HTTP/1.1 200 OK[\r][\n]"
[2018-05-07-23:06:34] [DEBUG] http-outgoing-0 << "Content-Length:72[\r][\n]"
[2018-05-07-23:06:34] [DEBUG] http-outgoing-0 << "Content-Type:application/json; charset=utf-8[\r][\n]"
[2018-05-07-23:06:34] [DEBUG] http-outgoing-0 << "[\r][\n]"
[2018-05-07-23:06:34] [DEBUG] http-outgoing-0 << "{"sessionId":"f0d3883c90824f69ed1adc46b2d45f5d","status":0,"value":null}"
[2018-05-07-23:06:34] [DEBUG] http-outgoing-0 << HTTP/1.1 200 OK
[2018-05-07-23:06:34] [DEBUG] http-outgoing-0 << Content-Length:72
[2018-05-07-23:06:34] [DEBUG] http-outgoing-0 << Content-Type:application/json; charset=utf-8
[2018-05-07-23:06:34] [DEBUG] Connection can be kept alive indefinitely
[2018-05-07-23:06:34] [DEBUG] Connection [id: 0][route: {}->http://localhost:28469] can be kept alive indefinitely
[2018-05-07-23:06:34] [DEBUG] Connection released: [id: 0][route: {}->http://localhost:28469][total kept alive: 1; route allocated: 1 of 2000; total allocated: 1 of 2000]
[2018-05-07-23:06:34] [INFO] 已点击加载
[2018-05-07-23:06:34] [DEBUG] CookieSpec selected: default
[2018-05-07-23:06:34] [DEBUG] Auth cache not set in the context
[2018-05-07-23:06:34] [DEBUG] Connection request: [route: {}->http://localhost:28469][total kept alive: 1; route allocated: 1 of 2000; total allocated: 1 of 2000]
[2018-05-07-23:06:34] [DEBUG] Connection leased: [id: 0][route: {}->http://localhost:28469][total kept alive: 0; route allocated: 1 of 2000; total allocated: 1 of 2000]
[2018-05-07-23:06:34] [DEBUG] Stale connection check
[2018-05-07-23:06:34] [DEBUG] http-outgoing-0 << "[read] I/O error: Read timed out"
[2018-05-07-23:06:34] [DEBUG] http-outgoing-0: set socket timeout to 10800000
[2018-05-07-23:06:34] [DEBUG] Executing request POST /session/f0d3883c90824f69ed1adc46b2d45f5d/element HTTP/1.1
[2018-05-07-23:06:34] [DEBUG] Target auth state: UNCHALLENGED
[2018-05-07-23:06:34] [DEBUG] Proxy auth state: UNCHALLENGED
[2018-05-07-23:06:34] [DEBUG] http-outgoing-0 >> POST /session/f0d3883c90824f69ed1adc46b2d45f5d/element HTTP/1.1
[2018-05-07-23:06:34] [DEBUG] http-outgoing-0 >> Content-Type: application/json; charset=utf-8
[2018-05-07-23:06:34] [DEBUG] http-outgoing-0 >> Content-Length: 32
[2018-05-07-23:06:34] [DEBUG] http-outgoing-0 >> Host: localhost:28469
[2018-05-07-23:06:34] [DEBUG] http-outgoing-0 >> Connection: Keep-Alive
[2018-05-07-23:06:34] [DEBUG] http-outgoing-0 >> User-Agent: Apache-HttpClient/4.5.3 (Java/1.8.0_151)
[2018-05-07-23:06:34] [DEBUG] http-outgoing-0 >> Accept-Encoding: gzip,deflate
[2018-05-07-23:06:34] [DEBUG] http-outgoing-0 >> "POST /session/f0d3883c90824f69ed1adc46b2d45f5d/element HTTP/1.1[\r][\n]"
[2018-05-07-23:06:34] [DEBUG] http-outgoing-0 >> "Content-Type: application/json; charset=utf-8[\r][\n]"
[2018-05-07-23:06:34] [DEBUG] http-outgoing-0 >> "Content-Length: 32[\r][\n]"
[2018-05-07-23:06:34] [DEBUG] http-outgoing-0 >> "Host: localhost:28469[\r][\n]"
[2018-05-07-23:06:34] [DEBUG] http-outgoing-0 >> "Connection: Keep-Alive[\r][\n]"
[2018-05-07-23:06:34] [DEBUG] http-outgoing-0 >> "User-Agent: Apache-HttpClient/4.5.3 (Java/1.8.0_151)[\r][\n]"
[2018-05-07-23:06:34] [DEBUG] http-outgoing-0 >> "Accept-Encoding: gzip,deflate[\r][\n]"
[2018-05-07-23:06:34] [DEBUG] http-outgoing-0 >> "[\r][\n]"
[2018-05-07-23:06:34] [DEBUG] http-outgoing-0 >> "{"using":"id","value":"subject"}"
[2018-05-07-23:06:35] [DEBUG] http-outgoing-0 << "HTTP/1.1 200 OK[\r][\n]"
[2018-05-07-23:06:35] [DEBUG] http-outgoing-0 << "Content-Length:331[\r][\n]"
[2018-05-07-23:06:35] [DEBUG] http-outgoing-0 << "Content-Type:application/json; charset=utf-8[\r][\n]"
[2018-05-07-23:06:35] [DEBUG] http-outgoing-0 << "[\r][\n]"
[2018-05-07-23:06:35] [DEBUG] http-outgoing-0 << "{"sessionId":"f0d3883c90824f69ed1adc46b2d45f5d","status":7,"value":{"message":"no such element: Unable to locate element: {\"method\":\"id\",\"selector\":\"subject\"}\n  (Session info: chrome=66.0.3359.139)\n  (Driver info: chromedriver=2.38.552522 (437e6fbedfa8762dec75e2c5b3ddb86763dc9dcb),platform=Windows NT 6.3.9600 x86_64)"}}"
[2018-05-07-23:06:35] [DEBUG] http-outgoing-0 << HTTP/1.1 200 OK
[2018-05-07-23:06:35] [DEBUG] http-outgoing-0 << Content-Length:331
[2018-05-07-23:06:35] [DEBUG] http-outgoing-0 << Content-Type:application/json; charset=utf-8
[2018-05-07-23:06:35] [DEBUG] Connection can be kept alive indefinitely
[2018-05-07-23:06:35] [DEBUG] Connection [id: 0][route: {}->http://localhost:28469] can be kept alive indefinitely
[2018-05-07-23:06:35] [DEBUG] Connection released: [id: 0][route: {}->http://localhost:28469][total kept alive: 1; route allocated: 1 of 2000; total allocated: 1 of 2000]
[2018-05-07-23:06:35] [INFO] 元素未找到
[2018-05-07-23:06:35] [DEBUG] CookieSpec selected: default
[2018-05-07-23:06:35] [DEBUG] Auth cache not set in the context
[2018-05-07-23:06:35] [DEBUG] Connection request: [route: {}->http://localhost:28469][total kept alive: 1; route allocated: 1 of 2000; total allocated: 1 of 2000]
[2018-05-07-23:06:35] [DEBUG] Connection leased: [id: 0][route: {}->http://localhost:28469][total kept alive: 0; route allocated: 1 of 2000; total allocated: 1 of 2000]
[2018-05-07-23:06:35] [DEBUG] Stale connection check
[2018-05-07-23:06:35] [DEBUG] http-outgoing-0 << "[read] I/O error: Read timed out"
[2018-05-07-23:06:35] [DEBUG] http-outgoing-0: set socket timeout to 10800000
[2018-05-07-23:06:35] [DEBUG] Executing request POST /session/f0d3883c90824f69ed1adc46b2d45f5d/element HTTP/1.1
[2018-05-07-23:06:35] [DEBUG] Target auth state: UNCHALLENGED
[2018-05-07-23:06:35] [DEBUG] Proxy auth state: UNCHALLENGED
[2018-05-07-23:06:35] [DEBUG] http-outgoing-0 >> POST /session/f0d3883c90824f69ed1adc46b2d45f5d/element HTTP/1.1
[2018-05-07-23:06:35] [DEBUG] http-outgoing-0 >> Content-Type: application/json; charset=utf-8
[2018-05-07-23:06:35] [DEBUG] http-outgoing-0 >> Content-Length: 32
[2018-05-07-23:06:35] [DEBUG] http-outgoing-0 >> Host: localhost:28469
[2018-05-07-23:06:35] [DEBUG] http-outgoing-0 >> Connection: Keep-Alive
[2018-05-07-23:06:35] [DEBUG] http-outgoing-0 >> User-Agent: Apache-HttpClient/4.5.3 (Java/1.8.0_151)
[2018-05-07-23:06:35] [DEBUG] http-outgoing-0 >> Accept-Encoding: gzip,deflate
[2018-05-07-23:06:35] [DEBUG] http-outgoing-0 >> "POST /session/f0d3883c90824f69ed1adc46b2d45f5d/element HTTP/1.1[\r][\n]"
[2018-05-07-23:06:35] [DEBUG] http-outgoing-0 >> "Content-Type: application/json; charset=utf-8[\r][\n]"
[2018-05-07-23:06:35] [DEBUG] http-outgoing-0 >> "Content-Length: 32[\r][\n]"
[2018-05-07-23:06:35] [DEBUG] http-outgoing-0 >> "Host: localhost:28469[\r][\n]"
[2018-05-07-23:06:35] [DEBUG] http-outgoing-0 >> "Connection: Keep-Alive[\r][\n]"
[2018-05-07-23:06:35] [DEBUG] http-outgoing-0 >> "User-Agent: Apache-HttpClient/4.5.3 (Java/1.8.0_151)[\r][\n]"
[2018-05-07-23:06:35] [DEBUG] http-outgoing-0 >> "Accept-Encoding: gzip,deflate[\r][\n]"
[2018-05-07-23:06:35] [DEBUG] http-outgoing-0 >> "[\r][\n]"
[2018-05-07-23:06:35] [DEBUG] http-outgoing-0 >> "{"using":"id","value":"subject"}"
[2018-05-07-23:06:35] [DEBUG] http-outgoing-0 << "HTTP/1.1 200 OK[\r][\n]"
[2018-05-07-23:06:35] [DEBUG] http-outgoing-0 << "Content-Length:331[\r][\n]"
[2018-05-07-23:06:35] [DEBUG] http-outgoing-0 << "Content-Type:application/json; charset=utf-8[\r][\n]"
[2018-05-07-23:06:35] [DEBUG] http-outgoing-0 << "[\r][\n]"
[2018-05-07-23:06:35] [DEBUG] http-outgoing-0 << "{"sessionId":"f0d3883c90824f69ed1adc46b2d45f5d","status":7,"value":{"message":"no such element: Unable to locate element: {\"method\":\"id\",\"selector\":\"subject\"}\n  (Session info: chrome=66.0.3359.139)\n  (Driver info: chromedriver=2.38.552522 (437e6fbedfa8762dec75e2c5b3ddb86763dc9dcb),platform=Windows NT 6.3.9600 x86_64)"}}"
[2018-05-07-23:06:35] [DEBUG] http-outgoing-0 << HTTP/1.1 200 OK
[2018-05-07-23:06:35] [DEBUG] http-outgoing-0 << Content-Length:331
[2018-05-07-23:06:35] [DEBUG] http-outgoing-0 << Content-Type:application/json; charset=utf-8
[2018-05-07-23:06:35] [DEBUG] Connection can be kept alive indefinitely
[2018-05-07-23:06:35] [DEBUG] Connection [id: 0][route: {}->http://localhost:28469] can be kept alive indefinitely
[2018-05-07-23:06:35] [DEBUG] Connection released: [id: 0][route: {}->http://localhost:28469][total kept alive: 1; route allocated: 1 of 2000; total allocated: 1 of 2000]
[2018-05-07-23:06:35] [INFO] 元素未找到
