[2018-05-09-20:39:41] [INFO] 正在启动谷歌浏览器....
[2018-05-09-20:39:43] [INFO] 打开网址http://127.0.0.1:8088/discuz/forum.php
[2018-05-09-20:39:43] [INFO] 元素找到 id: ls_username
[2018-05-09-20:39:43] [INFO] 元素找到 id: ls_username
[2018-05-09-20:39:43] [INFO] 已清除[[ChromeDriver: chrome on WIN8_1 (6753437013ab091c35a06c04bd9e4632)] -> id: ls_username内容
[2018-05-09-20:39:43] [INFO] 输入[[ChromeDriver: chrome on WIN8_1 (6753437013ab091c35a06c04bd9e4632)] -> id: ls_username
[2018-05-09-20:39:43] [INFO] 元素找到 id: ls_password
[2018-05-09-20:39:43] [INFO] 元素找到 id: ls_password
[2018-05-09-20:39:43] [INFO] 已清除[[ChromeDriver: chrome on WIN8_1 (6753437013ab091c35a06c04bd9e4632)] -> id: ls_password内容
[2018-05-09-20:39:43] [INFO] 输入assword
[2018-05-09-20:39:43] [INFO] 元素找到 xpath: //*[@id="lsform"]/div/div/table/tbody/tr[2]/td[3]/button
[2018-05-09-20:39:43] [INFO] 已点击加载
[2018-05-09-20:39:46] [INFO] 元素找到 link text: 123
[2018-05-09-20:39:46] [INFO] 已点击加载
[2018-05-09-20:39:49] [INFO] 开始查找元素：By.id: subject
[2018-05-09-20:39:49] [INFO] 找到了元素 [By.id: subject]
[2018-05-09-20:39:49] [INFO] 元素找到 id: subject
[2018-05-09-20:39:49] [INFO] 元素找到 id: subject
[2018-05-09-20:39:49] [INFO] 已清除[[ChromeDriver: chrome on WIN8_1 (6753437013ab091c35a06c04bd9e4632)] -> id: subject内容
[2018-05-09-20:39:49] [INFO] 输入[[ChromeDriver: chrome on WIN8_1 (6753437013ab091c35a06c04bd9e4632)] -> id: subject
[2018-05-09-20:39:49] [INFO] 开始查找元素：By.id: fastpostmessage
[2018-05-09-20:39:49] [INFO] 找到了元素 [By.id: fastpostmessage]
[2018-05-09-20:39:49] [INFO] 元素找到 id: fastpostmessage
[2018-05-09-20:39:49] [INFO] 元素找到 id: fastpostmessage
[2018-05-09-20:39:49] [INFO] 已清除[[ChromeDriver: chrome on WIN8_1 (6753437013ab091c35a06c04bd9e4632)] -> id: fastpostmessage内容
[2018-05-09-20:39:50] [INFO] 输入[[ChromeDriver: chrome on WIN8_1 (6753437013ab091c35a06c04bd9e4632)] -> id: fastpostmessage
[2018-05-09-20:39:50] [INFO] 开始查找元素：By.id: fastpostsubmit
[2018-05-09-20:39:50] [INFO] 找到了元素 [By.id: fastpostsubmit]
[2018-05-09-20:39:50] [INFO] 元素找到 id: fastpostsubmit
[2018-05-09-20:39:50] [INFO] 已点击加载
