[2018-05-08-08:40:35] [INFO] 正在启动谷歌浏览器....
[2018-05-08-08:40:36] [INFO] 打开网址http://127.0.0.1:8080/discuz/forum.php
[2018-05-08-08:40:36] [INFO] 元素找到 id: ls_username
[2018-05-08-08:40:36] [INFO] 元素找到 id: ls_username
[2018-05-08-08:40:36] [INFO] 已清除[[ChromeDriver: chrome on WIN8_1 (266d46d4401b5797083a633e480ffc63)] -> id: ls_username内容
[2018-05-08-08:40:37] [INFO] 输入[[ChromeDriver: chrome on WIN8_1 (266d46d4401b5797083a633e480ffc63)] -> id: ls_username
[2018-05-08-08:40:37] [INFO] 元素找到 id: ls_password
[2018-05-08-08:40:37] [INFO] 元素找到 id: ls_password
[2018-05-08-08:40:37] [INFO] 已清除[[ChromeDriver: chrome on WIN8_1 (266d46d4401b5797083a633e480ffc63)] -> id: ls_password内容
[2018-05-08-08:40:37] [INFO] 输入assword
[2018-05-08-08:40:37] [INFO] 元素找到 xpath: //*[@id="lsform"]/div/div/table/tbody/tr[2]/td[3]/button
[2018-05-08-08:40:37] [INFO] 已点击加载
[2018-05-08-08:40:40] [INFO] 元素找到 class name: fl_icn
[2018-05-08-08:40:40] [INFO] 已点击加载
[2018-05-08-08:40:40] [INFO] 元素找到 id: subject
[2018-05-08-08:40:40] [INFO] 元素找到 id: subject
[2018-05-08-08:40:40] [INFO] 已清除[[ChromeDriver: chrome on WIN8_1 (266d46d4401b5797083a633e480ffc63)] -> id: subject内容
[2018-05-08-08:40:40] [INFO] 输入[[ChromeDriver: chrome on WIN8_1 (266d46d4401b5797083a633e480ffc63)] -> id: subject
[2018-05-08-08:40:40] [INFO] 元素找到 id: fastpostmessage
[2018-05-08-08:40:40] [INFO] 元素找到 id: fastpostmessage
[2018-05-08-08:40:40] [INFO] 已清除[[ChromeDriver: chrome on WIN8_1 (266d46d4401b5797083a633e480ffc63)] -> id: fastpostmessage内容
[2018-05-08-08:40:40] [INFO] 输入[[ChromeDriver: chrome on WIN8_1 (266d46d4401b5797083a633e480ffc63)] -> id: fastpostmessage
[2018-05-08-08:40:40] [INFO] 元素找到 id: fastpostsubmit
[2018-05-08-08:40:41] [INFO] 已点击加载
