[2018-05-09-09:11:22] [INFO] 正在启动谷歌浏览器....
[2018-05-09-09:11:24] [INFO] 打开网址http://127.0.0.1:8080/discuz/forum.php
[2018-05-09-09:11:24] [INFO] 元素找到 id: ls_username
[2018-05-09-09:11:24] [INFO] 元素找到 id: ls_username
[2018-05-09-09:11:24] [INFO] 已清除[[ChromeDriver: chrome on WIN8_1 (bf52ebc88ad1d990664394602ee5c48c)] -> id: ls_username内容
[2018-05-09-09:11:24] [INFO] 输入[[ChromeDriver: chrome on WIN8_1 (bf52ebc88ad1d990664394602ee5c48c)] -> id: ls_username
[2018-05-09-09:11:24] [INFO] 元素找到 id: ls_password
[2018-05-09-09:11:24] [INFO] 元素找到 id: ls_password
[2018-05-09-09:11:24] [INFO] 已清除[[ChromeDriver: chrome on WIN8_1 (bf52ebc88ad1d990664394602ee5c48c)] -> id: ls_password内容
[2018-05-09-09:11:24] [INFO] 输入[[ChromeDriver: chrome on WIN8_1 (bf52ebc88ad1d990664394602ee5c48c)] -> id: ls_password
[2018-05-09-09:11:24] [INFO] 元素找到 xpath: //*[@id="lsform"]/div/div/table/tbody/tr[2]/td[3]/button
[2018-05-09-09:11:24] [INFO] 已点击加载
[2018-05-09-09:11:24] [INFO] 开始查找元素：By.xpath: //*[@id="um"]/p[1]/a[5]
[2018-05-09-09:11:27] [INFO] 找到了元素 [By.xpath: //*[@id="um"]/p[1]/a[5]]
[2018-05-09-09:11:27] [INFO] 元素找到 xpath: //*[@id="um"]/p[1]/a[5]
[2018-05-09-09:11:27] [INFO] 已点击加载
[2018-05-09-09:11:27] [INFO] 跳转到新的页面
[2018-05-09-09:11:27] [INFO] 开始查找元素：By.xpath: //*[@id="loginform"]/p[4]/input
[2018-05-09-09:11:28] [INFO] 找到了元素 [By.xpath: //*[@id="loginform"]/p[4]/input]
[2018-05-09-09:11:28] [INFO] 元素找到 xpath: //*[@id="loginform"]/p[4]/input
[2018-05-09-09:11:28] [INFO] 元素找到 xpath: //*[@id="loginform"]/p[4]/input
[2018-05-09-09:11:28] [INFO] 已清除[[ChromeDriver: chrome on WIN8_1 (bf52ebc88ad1d990664394602ee5c48c)] -> xpath: //*[@id="loginform"]/p[4]/input内容
[2018-05-09-09:11:28] [INFO] 输入[[ChromeDriver: chrome on WIN8_1 (bf52ebc88ad1d990664394602ee5c48c)] -> xpath: //*[@id="loginform"]/p[4]/input
[2018-05-09-09:11:28] [INFO] 开始查找元素：By.name: submit
[2018-05-09-09:11:29] [INFO] 找到了元素 [By.name: submit]
[2018-05-09-09:11:29] [INFO] 元素找到 name: submit
[2018-05-09-09:12:00] [INFO] 已点击加载
[2018-05-09-09:12:00] [INFO] 开始查找元素：By.id: mian
[2018-05-09-09:12:16] [ERROR] 超时!! 15 秒之后还没找到元素 [By.id: mian]
