[2018-05-08-17:35:35] [INFO] 正在启动谷歌浏览器....
[2018-05-08-17:35:37] [INFO] 打开网址http://127.0.0.1:8080/discuz/forum.php
[2018-05-08-17:35:37] [INFO] 元素找到 id: ls_username
[2018-05-08-17:35:37] [INFO] 元素找到 id: ls_username
[2018-05-08-17:35:37] [INFO] 已清除[[ChromeDriver: chrome on WIN8_1 (cf544dca92792143cfd0a2db1e9f2d85)] -> id: ls_username内容
[2018-05-08-17:35:37] [INFO] 输入[[ChromeDriver: chrome on WIN8_1 (cf544dca92792143cfd0a2db1e9f2d85)] -> id: ls_username
[2018-05-08-17:35:37] [INFO] 元素找到 id: ls_password
[2018-05-08-17:35:37] [INFO] 元素找到 id: ls_password
[2018-05-08-17:35:37] [INFO] 已清除[[ChromeDriver: chrome on WIN8_1 (cf544dca92792143cfd0a2db1e9f2d85)] -> id: ls_password内容
[2018-05-08-17:35:37] [INFO] 输入assword
[2018-05-08-17:35:37] [INFO] 元素找到 xpath: //*[@id="lsform"]/div/div/table/tbody/tr[2]/td[3]/button
[2018-05-08-17:35:37] [INFO] 已点击加载
[2018-05-08-17:35:40] [INFO] 元素找到 class name: fl_icn
[2018-05-08-17:35:41] [INFO] 已点击加载
[2018-05-08-17:35:44] [INFO] 元素找到 link text: chenjiewei1
[2018-05-08-17:35:44] [INFO] 已点击加载
[2018-05-08-17:35:47] [INFO] 元素找到 id: fastpostmessage
[2018-05-08-17:35:47] [INFO] 元素找到 id: fastpostmessage
[2018-05-08-17:35:47] [INFO] 已清除[[ChromeDriver: chrome on WIN8_1 (cf544dca92792143cfd0a2db1e9f2d85)] -> id: fastpostmessage内容
[2018-05-08-17:35:47] [INFO] 输入[[ChromeDriver: chrome on WIN8_1 (cf544dca92792143cfd0a2db1e9f2d85)] -> id: fastpostmessage
[2018-05-08-17:35:47] [INFO] 元素找到 xpath: //*[@id="fastpostsubmit"]
[2018-05-08-17:35:47] [INFO] 已点击加载
[2018-05-08-17:35:47] [INFO] 元素找到 xpath: //*[@id="um"]/p[1]/a[4]
[2018-05-08-17:35:47] [INFO] 已点击加载
