[2018-05-07-21:00:12] [DEBUG] CookieSpec selected: default
[2018-05-07-21:00:12] [DEBUG] Auth cache not set in the context
[2018-05-07-21:00:12] [DEBUG] Connection request: [route: {}->http://localhost:22240][total kept alive: 0; route allocated: 0 of 2000; total allocated: 0 of 2000]
[2018-05-07-21:00:12] [DEBUG] Connection leased: [id: 0][route: {}->http://localhost:22240][total kept alive: 0; route allocated: 1 of 2000; total allocated: 1 of 2000]
[2018-05-07-21:00:12] [DEBUG] Opening connection {}->http://localhost:22240
[2018-05-07-21:00:12] [DEBUG] Connecting to localhost/127.0.0.1:22240
[2018-05-07-21:00:12] [DEBUG] Connection established 127.0.0.1:58802<->127.0.0.1:22240
[2018-05-07-21:00:12] [DEBUG] http-outgoing-0: set socket timeout to 10800000
[2018-05-07-21:00:12] [DEBUG] Executing request POST /session HTTP/1.1
[2018-05-07-21:00:12] [DEBUG] Target auth state: UNCHALLENGED
[2018-05-07-21:00:12] [DEBUG] Proxy auth state: UNCHALLENGED
[2018-05-07-21:00:12] [DEBUG] http-outgoing-0 >> POST /session HTTP/1.1
[2018-05-07-21:00:12] [DEBUG] http-outgoing-0 >> Content-Type: application/json; charset=utf-8
[2018-05-07-21:00:12] [DEBUG] http-outgoing-0 >> Content-Length: 550
[2018-05-07-21:00:12] [DEBUG] http-outgoing-0 >> Host: localhost:22240
[2018-05-07-21:00:12] [DEBUG] http-outgoing-0 >> Connection: Keep-Alive
[2018-05-07-21:00:12] [DEBUG] http-outgoing-0 >> User-Agent: Apache-HttpClient/4.5.3 (Java/1.8.0_151)
[2018-05-07-21:00:12] [DEBUG] http-outgoing-0 >> Accept-Encoding: gzip,deflate
[2018-05-07-21:00:12] [DEBUG] http-outgoing-0 >> "POST /session HTTP/1.1[\r][\n]"
[2018-05-07-21:00:12] [DEBUG] http-outgoing-0 >> "Content-Type: application/json; charset=utf-8[\r][\n]"
[2018-05-07-21:00:12] [DEBUG] http-outgoing-0 >> "Content-Length: 550[\r][\n]"
[2018-05-07-21:00:12] [DEBUG] http-outgoing-0 >> "Host: localhost:22240[\r][\n]"
[2018-05-07-21:00:12] [DEBUG] http-outgoing-0 >> "Connection: Keep-Alive[\r][\n]"
[2018-05-07-21:00:12] [DEBUG] http-outgoing-0 >> "User-Agent: Apache-HttpClient/4.5.3 (Java/1.8.0_151)[\r][\n]"
[2018-05-07-21:00:12] [DEBUG] http-outgoing-0 >> "Accept-Encoding: gzip,deflate[\r][\n]"
[2018-05-07-21:00:12] [DEBUG] http-outgoing-0 >> "[\r][\n]"
[2018-05-07-21:00:12] [DEBUG] http-outgoing-0 >> "{[\n]"
[2018-05-07-21:00:12] [DEBUG] http-outgoing-0 >> "  "desiredCapabilities": {[\n]"
[2018-05-07-21:00:12] [DEBUG] http-outgoing-0 >> "    "browserName": "chrome",[\n]"
[2018-05-07-21:00:12] [DEBUG] http-outgoing-0 >> "    "chromeOptions": {[\n]"
[2018-05-07-21:00:12] [DEBUG] http-outgoing-0 >> "      "args": [],[\n]"
[2018-05-07-21:00:12] [DEBUG] http-outgoing-0 >> "      "extensions": [][\n]"
[2018-05-07-21:00:12] [DEBUG] http-outgoing-0 >> "    },[\n]"
[2018-05-07-21:00:12] [DEBUG] http-outgoing-0 >> "    "version": "",[\n]"
[2018-05-07-21:00:12] [DEBUG] http-outgoing-0 >> "    "platform": "ANY"[\n]"
[2018-05-07-21:00:12] [DEBUG] http-outgoing-0 >> "  },[\n]"
[2018-05-07-21:00:12] [DEBUG] http-outgoing-0 >> "  "requiredCapabilities": {},[\n]"
[2018-05-07-21:00:12] [DEBUG] http-outgoing-0 >> "  "capabilities": {[\n]"
[2018-05-07-21:00:12] [DEBUG] http-outgoing-0 >> "    "desiredCapabilities": {[\n]"
[2018-05-07-21:00:12] [DEBUG] http-outgoing-0 >> "      "browserName": "chrome",[\n]"
[2018-05-07-21:00:12] [DEBUG] http-outgoing-0 >> "      "chromeOptions": {[\n]"
[2018-05-07-21:00:12] [DEBUG] http-outgoing-0 >> "        "args": [],[\n]"
[2018-05-07-21:00:12] [DEBUG] http-outgoing-0 >> "        "extensions": [][\n]"
[2018-05-07-21:00:12] [DEBUG] http-outgoing-0 >> "      },[\n]"
[2018-05-07-21:00:12] [DEBUG] http-outgoing-0 >> "      "version": "",[\n]"
[2018-05-07-21:00:12] [DEBUG] http-outgoing-0 >> "      "platform": "ANY"[\n]"
[2018-05-07-21:00:12] [DEBUG] http-outgoing-0 >> "    },[\n]"
[2018-05-07-21:00:12] [DEBUG] http-outgoing-0 >> "    "requiredCapabilities": {},[\n]"
[2018-05-07-21:00:12] [DEBUG] http-outgoing-0 >> "    "alwaysMatch": {},[\n]"
[2018-05-07-21:00:12] [DEBUG] http-outgoing-0 >> "    "firstMatch": [[\n]"
[2018-05-07-21:00:12] [DEBUG] http-outgoing-0 >> "      {[\n]"
[2018-05-07-21:00:12] [DEBUG] http-outgoing-0 >> "        "browserName": "chrome"[\n]"
[2018-05-07-21:00:12] [DEBUG] http-outgoing-0 >> "      }[\n]"
[2018-05-07-21:00:12] [DEBUG] http-outgoing-0 >> "    ][\n]"
[2018-05-07-21:00:12] [DEBUG] http-outgoing-0 >> "  }[\n]"
[2018-05-07-21:00:12] [DEBUG] http-outgoing-0 >> "}"
[2018-05-07-21:00:13] [DEBUG] http-outgoing-0 << "HTTP/1.1 200 OK[\r][\n]"
[2018-05-07-21:00:13] [DEBUG] http-outgoing-0 << "Content-Length:832[\r][\n]"
[2018-05-07-21:00:13] [DEBUG] http-outgoing-0 << "Content-Type:application/json; charset=utf-8[\r][\n]"
[2018-05-07-21:00:13] [DEBUG] http-outgoing-0 << "[\r][\n]"
[2018-05-07-21:00:13] [DEBUG] http-outgoing-0 << "{"sessionId":"b67ebc827b3923a1b4086093eeba98e1","status":0,"value":{"acceptInsecureCerts":false,"acceptSslCerts":false,"applicationCacheEnabled":false,"browserConnectionEnabled":false,"browserName":"chrome","chrome":{"chromedriverVersion":"2.38.552522 (437e6fbedfa8762dec75e2c5b3ddb86763dc9dcb)","userDataDir":"C:\\Users\\CHENJI~1\\AppData\\Local\\Temp\\scoped_dir15500_5521"},"cssSelectorsEnabled":true,"databaseEnabled":false,"handlesAlerts":true,"hasTouchScreen":false,"javascriptEnabled":true,"locationContextEnabled":true,"mobileEmulationEnabled":false,"nativeEvents":true,"networkConnectionEnabled":false,"pageLoadStrategy":"normal","platform":"Windows NT","rotatable":false,"setWindowRect":true,"takesHeapSnapshot":true,"takesScreenshot":true,"unexpectedAlertBehaviour":"","version":"66.0.3359.139","webStorageEnabled":true}}"
[2018-05-07-21:00:13] [DEBUG] http-outgoing-0 << HTTP/1.1 200 OK
[2018-05-07-21:00:13] [DEBUG] http-outgoing-0 << Content-Length:832
[2018-05-07-21:00:13] [DEBUG] http-outgoing-0 << Content-Type:application/json; charset=utf-8
[2018-05-07-21:00:14] [DEBUG] Connection can be kept alive indefinitely
[2018-05-07-21:00:14] [DEBUG] Connection [id: 0][route: {}->http://localhost:22240] can be kept alive indefinitely
[2018-05-07-21:00:14] [DEBUG] Connection released: [id: 0][route: {}->http://localhost:22240][total kept alive: 1; route allocated: 1 of 2000; total allocated: 1 of 2000]
[2018-05-07-21:00:14] [INFO] 正在启动谷歌浏览器....
[2018-05-07-21:00:14] [DEBUG] CookieSpec selected: default
[2018-05-07-21:00:14] [DEBUG] Auth cache not set in the context
[2018-05-07-21:00:14] [DEBUG] Connection request: [route: {}->http://localhost:22240][total kept alive: 1; route allocated: 1 of 2000; total allocated: 1 of 2000]
[2018-05-07-21:00:14] [DEBUG] Connection leased: [id: 0][route: {}->http://localhost:22240][total kept alive: 0; route allocated: 1 of 2000; total allocated: 1 of 2000]
[2018-05-07-21:00:14] [DEBUG] Stale connection check
[2018-05-07-21:00:14] [DEBUG] http-outgoing-0 << "[read] I/O error: Read timed out"
[2018-05-07-21:00:14] [DEBUG] http-outgoing-0: set socket timeout to 10800000
[2018-05-07-21:00:14] [DEBUG] Executing request POST /session/b67ebc827b3923a1b4086093eeba98e1/url HTTP/1.1
[2018-05-07-21:00:14] [DEBUG] Target auth state: UNCHALLENGED
[2018-05-07-21:00:14] [DEBUG] Proxy auth state: UNCHALLENGED
[2018-05-07-21:00:14] [DEBUG] http-outgoing-0 >> POST /session/b67ebc827b3923a1b4086093eeba98e1/url HTTP/1.1
[2018-05-07-21:00:14] [DEBUG] http-outgoing-0 >> Content-Type: application/json; charset=utf-8
[2018-05-07-21:00:14] [DEBUG] http-outgoing-0 >> Content-Length: 48
[2018-05-07-21:00:14] [DEBUG] http-outgoing-0 >> Host: localhost:22240
[2018-05-07-21:00:14] [DEBUG] http-outgoing-0 >> Connection: Keep-Alive
[2018-05-07-21:00:14] [DEBUG] http-outgoing-0 >> User-Agent: Apache-HttpClient/4.5.3 (Java/1.8.0_151)
[2018-05-07-21:00:14] [DEBUG] http-outgoing-0 >> Accept-Encoding: gzip,deflate
[2018-05-07-21:00:14] [DEBUG] http-outgoing-0 >> "POST /session/b67ebc827b3923a1b4086093eeba98e1/url HTTP/1.1[\r][\n]"
[2018-05-07-21:00:14] [DEBUG] http-outgoing-0 >> "Content-Type: application/json; charset=utf-8[\r][\n]"
[2018-05-07-21:00:14] [DEBUG] http-outgoing-0 >> "Content-Length: 48[\r][\n]"
[2018-05-07-21:00:14] [DEBUG] http-outgoing-0 >> "Host: localhost:22240[\r][\n]"
[2018-05-07-21:00:14] [DEBUG] http-outgoing-0 >> "Connection: Keep-Alive[\r][\n]"
[2018-05-07-21:00:14] [DEBUG] http-outgoing-0 >> "User-Agent: Apache-HttpClient/4.5.3 (Java/1.8.0_151)[\r][\n]"
[2018-05-07-21:00:14] [DEBUG] http-outgoing-0 >> "Accept-Encoding: gzip,deflate[\r][\n]"
[2018-05-07-21:00:14] [DEBUG] http-outgoing-0 >> "[\r][\n]"
[2018-05-07-21:00:14] [DEBUG] http-outgoing-0 >> "{"url":"http://127.0.0.1:8080/discuz/forum.php"}"
[2018-05-07-21:00:14] [DEBUG] http-outgoing-0 << "HTTP/1.1 200 OK[\r][\n]"
[2018-05-07-21:00:14] [DEBUG] http-outgoing-0 << "Content-Length:72[\r][\n]"
[2018-05-07-21:00:14] [DEBUG] http-outgoing-0 << "Content-Type:application/json; charset=utf-8[\r][\n]"
[2018-05-07-21:00:14] [DEBUG] http-outgoing-0 << "[\r][\n]"
[2018-05-07-21:00:14] [DEBUG] http-outgoing-0 << "{"sessionId":"b67ebc827b3923a1b4086093eeba98e1","status":0,"value":null}"
[2018-05-07-21:00:14] [DEBUG] http-outgoing-0 << HTTP/1.1 200 OK
[2018-05-07-21:00:14] [DEBUG] http-outgoing-0 << Content-Length:72
[2018-05-07-21:00:14] [DEBUG] http-outgoing-0 << Content-Type:application/json; charset=utf-8
[2018-05-07-21:00:14] [DEBUG] Connection can be kept alive indefinitely
[2018-05-07-21:00:14] [DEBUG] Connection [id: 0][route: {}->http://localhost:22240] can be kept alive indefinitely
[2018-05-07-21:00:14] [DEBUG] Connection released: [id: 0][route: {}->http://localhost:22240][total kept alive: 1; route allocated: 1 of 2000; total allocated: 1 of 2000]
[2018-05-07-21:00:14] [INFO] 打开网址http://127.0.0.1:8080/discuz/forum.php
