[2018-05-09-17:42:30] [INFO] 正在启动谷歌浏览器....
[2018-05-09-17:42:31] [INFO] 打开网址http://127.0.0.1:8088/discuz/forum.php
[2018-05-09-17:42:31] [INFO] 元素找到 id: ls_username
[2018-05-09-17:42:31] [INFO] 元素找到 id: ls_username
[2018-05-09-17:42:31] [INFO] 已清除[[ChromeDriver: chrome on WIN8_1 (f1e48777cef271bde0e8f01fe40f1b62)] -> id: ls_username内容
[2018-05-09-17:42:31] [INFO] 输入[[ChromeDriver: chrome on WIN8_1 (f1e48777cef271bde0e8f01fe40f1b62)] -> id: ls_username
[2018-05-09-17:42:31] [INFO] 元素找到 id: ls_password
[2018-05-09-17:42:31] [INFO] 元素找到 id: ls_password
[2018-05-09-17:42:31] [INFO] 已清除[[ChromeDriver: chrome on WIN8_1 (f1e48777cef271bde0e8f01fe40f1b62)] -> id: ls_password内容
[2018-05-09-17:42:31] [INFO] 输入assword
[2018-05-09-17:42:31] [INFO] 元素找到 xpath: //*[@id="lsform"]/div/div/table/tbody/tr[2]/td[3]/button
[2018-05-09-17:42:31] [INFO] 已点击加载
[2018-05-09-17:42:41] [INFO] 开始查找元素：By.id: scbar_txt
[2018-05-09-17:42:41] [INFO] 找到了元素 [By.id: scbar_txt]
[2018-05-09-17:42:41] [INFO] 元素找到 id: scbar_txt
[2018-05-09-17:42:41] [INFO] 元素找到 id: scbar_txt
[2018-05-09-17:42:41] [INFO] 已清除[[ChromeDriver: chrome on WIN8_1 (f1e48777cef271bde0e8f01fe40f1b62)] -> id: scbar_txt内容
[2018-05-09-17:42:42] [INFO] 输入[[ChromeDriver: chrome on WIN8_1 (f1e48777cef271bde0e8f01fe40f1b62)] -> id: scbar_txt
[2018-05-09-17:42:52] [INFO] 开始查找元素：By.name: searchsubmit
[2018-05-09-17:42:52] [INFO] 找到了元素 [By.name: searchsubmit]
[2018-05-09-17:42:52] [INFO] 元素找到 name: searchsubmit
[2018-05-09-17:42:52] [INFO] 已点击加载
[2018-05-09-17:43:02] [INFO] 开始查找元素：By.xpath: //*[@id="10"]/h3/a/strong/font
[2018-05-09-17:43:14] [ERROR] 超时!! 10 秒之后还没找到元素 [By.xpath: //*[@id="10"]/h3/a/strong/font]
