[2018-05-07-23:13:50] [DEBUG] CookieSpec selected: default
[2018-05-07-23:13:50] [DEBUG] Auth cache not set in the context
[2018-05-07-23:13:50] [DEBUG] Connection request: [route: {}->http://localhost:38555][total kept alive: 0; route allocated: 0 of 2000; total allocated: 0 of 2000]
[2018-05-07-23:13:50] [DEBUG] Connection leased: [id: 0][route: {}->http://localhost:38555][total kept alive: 0; route allocated: 1 of 2000; total allocated: 1 of 2000]
[2018-05-07-23:13:50] [DEBUG] Opening connection {}->http://localhost:38555
[2018-05-07-23:13:50] [DEBUG] Connecting to localhost/127.0.0.1:38555
[2018-05-07-23:13:50] [DEBUG] Connection established 127.0.0.1:59087<->127.0.0.1:38555
[2018-05-07-23:13:50] [DEBUG] http-outgoing-0: set socket timeout to 10800000
[2018-05-07-23:13:50] [DEBUG] Executing request POST /session HTTP/1.1
[2018-05-07-23:13:50] [DEBUG] Target auth state: UNCHALLENGED
[2018-05-07-23:13:50] [DEBUG] Proxy auth state: UNCHALLENGED
[2018-05-07-23:13:50] [DEBUG] http-outgoing-0 >> POST /session HTTP/1.1
[2018-05-07-23:13:50] [DEBUG] http-outgoing-0 >> Content-Type: application/json; charset=utf-8
[2018-05-07-23:13:50] [DEBUG] http-outgoing-0 >> Content-Length: 550
[2018-05-07-23:13:50] [DEBUG] http-outgoing-0 >> Host: localhost:38555
[2018-05-07-23:13:50] [DEBUG] http-outgoing-0 >> Connection: Keep-Alive
[2018-05-07-23:13:50] [DEBUG] http-outgoing-0 >> User-Agent: Apache-HttpClient/4.5.3 (Java/1.8.0_151)
[2018-05-07-23:13:50] [DEBUG] http-outgoing-0 >> Accept-Encoding: gzip,deflate
[2018-05-07-23:13:50] [DEBUG] http-outgoing-0 >> "POST /session HTTP/1.1[\r][\n]"
[2018-05-07-23:13:50] [DEBUG] http-outgoing-0 >> "Content-Type: application/json; charset=utf-8[\r][\n]"
[2018-05-07-23:13:50] [DEBUG] http-outgoing-0 >> "Content-Length: 550[\r][\n]"
[2018-05-07-23:13:50] [DEBUG] http-outgoing-0 >> "Host: localhost:38555[\r][\n]"
[2018-05-07-23:13:50] [DEBUG] http-outgoing-0 >> "Connection: Keep-Alive[\r][\n]"
[2018-05-07-23:13:50] [DEBUG] http-outgoing-0 >> "User-Agent: Apache-HttpClient/4.5.3 (Java/1.8.0_151)[\r][\n]"
[2018-05-07-23:13:50] [DEBUG] http-outgoing-0 >> "Accept-Encoding: gzip,deflate[\r][\n]"
[2018-05-07-23:13:50] [DEBUG] http-outgoing-0 >> "[\r][\n]"
[2018-05-07-23:13:50] [DEBUG] http-outgoing-0 >> "{[\n]"
[2018-05-07-23:13:50] [DEBUG] http-outgoing-0 >> "  "desiredCapabilities": {[\n]"
[2018-05-07-23:13:50] [DEBUG] http-outgoing-0 >> "    "browserName": "chrome",[\n]"
[2018-05-07-23:13:50] [DEBUG] http-outgoing-0 >> "    "chromeOptions": {[\n]"
[2018-05-07-23:13:50] [DEBUG] http-outgoing-0 >> "      "args": [],[\n]"
[2018-05-07-23:13:50] [DEBUG] http-outgoing-0 >> "      "extensions": [][\n]"
[2018-05-07-23:13:50] [DEBUG] http-outgoing-0 >> "    },[\n]"
[2018-05-07-23:13:50] [DEBUG] http-outgoing-0 >> "    "version": "",[\n]"
[2018-05-07-23:13:50] [DEBUG] http-outgoing-0 >> "    "platform": "ANY"[\n]"
[2018-05-07-23:13:50] [DEBUG] http-outgoing-0 >> "  },[\n]"
[2018-05-07-23:13:50] [DEBUG] http-outgoing-0 >> "  "requiredCapabilities": {},[\n]"
[2018-05-07-23:13:50] [DEBUG] http-outgoing-0 >> "  "capabilities": {[\n]"
[2018-05-07-23:13:50] [DEBUG] http-outgoing-0 >> "    "desiredCapabilities": {[\n]"
[2018-05-07-23:13:50] [DEBUG] http-outgoing-0 >> "      "browserName": "chrome",[\n]"
[2018-05-07-23:13:50] [DEBUG] http-outgoing-0 >> "      "chromeOptions": {[\n]"
[2018-05-07-23:13:50] [DEBUG] http-outgoing-0 >> "        "args": [],[\n]"
[2018-05-07-23:13:50] [DEBUG] http-outgoing-0 >> "        "extensions": [][\n]"
[2018-05-07-23:13:50] [DEBUG] http-outgoing-0 >> "      },[\n]"
[2018-05-07-23:13:50] [DEBUG] http-outgoing-0 >> "      "version": "",[\n]"
[2018-05-07-23:13:50] [DEBUG] http-outgoing-0 >> "      "platform": "ANY"[\n]"
[2018-05-07-23:13:50] [DEBUG] http-outgoing-0 >> "    },[\n]"
[2018-05-07-23:13:50] [DEBUG] http-outgoing-0 >> "    "requiredCapabilities": {},[\n]"
[2018-05-07-23:13:50] [DEBUG] http-outgoing-0 >> "    "alwaysMatch": {},[\n]"
[2018-05-07-23:13:50] [DEBUG] http-outgoing-0 >> "    "firstMatch": [[\n]"
[2018-05-07-23:13:50] [DEBUG] http-outgoing-0 >> "      {[\n]"
[2018-05-07-23:13:50] [DEBUG] http-outgoing-0 >> "        "browserName": "chrome"[\n]"
[2018-05-07-23:13:50] [DEBUG] http-outgoing-0 >> "      }[\n]"
[2018-05-07-23:13:50] [DEBUG] http-outgoing-0 >> "    ][\n]"
[2018-05-07-23:13:50] [DEBUG] http-outgoing-0 >> "  }[\n]"
[2018-05-07-23:13:50] [DEBUG] http-outgoing-0 >> "}"
[2018-05-07-23:13:52] [DEBUG] http-outgoing-0 << "HTTP/1.1 200 OK[\r][\n]"
[2018-05-07-23:13:52] [DEBUG] http-outgoing-0 << "Content-Length:833[\r][\n]"
[2018-05-07-23:13:52] [DEBUG] http-outgoing-0 << "Content-Type:application/json; charset=utf-8[\r][\n]"
[2018-05-07-23:13:52] [DEBUG] http-outgoing-0 << "[\r][\n]"
[2018-05-07-23:13:52] [DEBUG] http-outgoing-0 << "{"sessionId":"f49558bd6e3757e1cd9d6181ce7d5095","status":0,"value":{"acceptInsecureCerts":false,"acceptSslCerts":false,"applicationCacheEnabled":false,"browserConnectionEnabled":false,"browserName":"chrome","chrome":{"chromedriverVersion":"2.38.552522 (437e6fbedfa8762dec75e2c5b3ddb86763dc9dcb)","userDataDir":"C:\\Users\\CHENJI~1\\AppData\\Local\\Temp\\scoped_dir18692_27366"},"cssSelectorsEnabled":true,"databaseEnabled":false,"handlesAlerts":true,"hasTouchScreen":false,"javascriptEnabled":true,"locationContextEnabled":true,"mobileEmulationEnabled":false,"nativeEvents":true,"networkConnectionEnabled":false,"pageLoadStrategy":"normal","platform":"Windows NT","rotatable":false,"setWindowRect":true,"takesHeapSnapshot":true,"takesScreenshot":true,"unexpectedAlertBehaviour":"","version":"66.0.3359.139","webStorageEnabled":true}}"
[2018-05-07-23:13:52] [DEBUG] http-outgoing-0 << HTTP/1.1 200 OK
[2018-05-07-23:13:52] [DEBUG] http-outgoing-0 << Content-Length:833
[2018-05-07-23:13:52] [DEBUG] http-outgoing-0 << Content-Type:application/json; charset=utf-8
[2018-05-07-23:13:52] [DEBUG] Connection can be kept alive indefinitely
[2018-05-07-23:13:52] [DEBUG] Connection [id: 0][route: {}->http://localhost:38555] can be kept alive indefinitely
[2018-05-07-23:13:52] [DEBUG] Connection released: [id: 0][route: {}->http://localhost:38555][total kept alive: 1; route allocated: 1 of 2000; total allocated: 1 of 2000]
[2018-05-07-23:13:52] [INFO] 正在启动谷歌浏览器....
[2018-05-07-23:13:52] [DEBUG] CookieSpec selected: default
[2018-05-07-23:13:52] [DEBUG] Auth cache not set in the context
[2018-05-07-23:13:52] [DEBUG] Connection request: [route: {}->http://localhost:38555][total kept alive: 1; route allocated: 1 of 2000; total allocated: 1 of 2000]
[2018-05-07-23:13:52] [DEBUG] Connection leased: [id: 0][route: {}->http://localhost:38555][total kept alive: 0; route allocated: 1 of 2000; total allocated: 1 of 2000]
[2018-05-07-23:13:52] [DEBUG] Stale connection check
[2018-05-07-23:13:52] [DEBUG] http-outgoing-0 << "[read] I/O error: Read timed out"
[2018-05-07-23:13:52] [DEBUG] http-outgoing-0: set socket timeout to 10800000
[2018-05-07-23:13:52] [DEBUG] Executing request POST /session/f49558bd6e3757e1cd9d6181ce7d5095/url HTTP/1.1
[2018-05-07-23:13:52] [DEBUG] Target auth state: UNCHALLENGED
[2018-05-07-23:13:52] [DEBUG] Proxy auth state: UNCHALLENGED
[2018-05-07-23:13:52] [DEBUG] http-outgoing-0 >> POST /session/f49558bd6e3757e1cd9d6181ce7d5095/url HTTP/1.1
[2018-05-07-23:13:52] [DEBUG] http-outgoing-0 >> Content-Type: application/json; charset=utf-8
[2018-05-07-23:13:52] [DEBUG] http-outgoing-0 >> Content-Length: 48
[2018-05-07-23:13:52] [DEBUG] http-outgoing-0 >> Host: localhost:38555
[2018-05-07-23:13:52] [DEBUG] http-outgoing-0 >> Connection: Keep-Alive
[2018-05-07-23:13:52] [DEBUG] http-outgoing-0 >> User-Agent: Apache-HttpClient/4.5.3 (Java/1.8.0_151)
[2018-05-07-23:13:52] [DEBUG] http-outgoing-0 >> Accept-Encoding: gzip,deflate
[2018-05-07-23:13:52] [DEBUG] http-outgoing-0 >> "POST /session/f49558bd6e3757e1cd9d6181ce7d5095/url HTTP/1.1[\r][\n]"
[2018-05-07-23:13:52] [DEBUG] http-outgoing-0 >> "Content-Type: application/json; charset=utf-8[\r][\n]"
[2018-05-07-23:13:52] [DEBUG] http-outgoing-0 >> "Content-Length: 48[\r][\n]"
[2018-05-07-23:13:52] [DEBUG] http-outgoing-0 >> "Host: localhost:38555[\r][\n]"
[2018-05-07-23:13:52] [DEBUG] http-outgoing-0 >> "Connection: Keep-Alive[\r][\n]"
[2018-05-07-23:13:52] [DEBUG] http-outgoing-0 >> "User-Agent: Apache-HttpClient/4.5.3 (Java/1.8.0_151)[\r][\n]"
[2018-05-07-23:13:52] [DEBUG] http-outgoing-0 >> "Accept-Encoding: gzip,deflate[\r][\n]"
[2018-05-07-23:13:52] [DEBUG] http-outgoing-0 >> "[\r][\n]"
[2018-05-07-23:13:52] [DEBUG] http-outgoing-0 >> "{"url":"http://127.0.0.1:8080/discuz/forum.php"}"
[2018-05-07-23:13:53] [DEBUG] http-outgoing-0 << "HTTP/1.1 200 OK[\r][\n]"
[2018-05-07-23:13:53] [DEBUG] http-outgoing-0 << "Content-Length:72[\r][\n]"
[2018-05-07-23:13:53] [DEBUG] http-outgoing-0 << "Content-Type:application/json; charset=utf-8[\r][\n]"
[2018-05-07-23:13:53] [DEBUG] http-outgoing-0 << "[\r][\n]"
[2018-05-07-23:13:53] [DEBUG] http-outgoing-0 << "{"sessionId":"f49558bd6e3757e1cd9d6181ce7d5095","status":0,"value":null}"
[2018-05-07-23:13:53] [DEBUG] http-outgoing-0 << HTTP/1.1 200 OK
[2018-05-07-23:13:53] [DEBUG] http-outgoing-0 << Content-Length:72
[2018-05-07-23:13:53] [DEBUG] http-outgoing-0 << Content-Type:application/json; charset=utf-8
[2018-05-07-23:13:53] [DEBUG] Connection can be kept alive indefinitely
[2018-05-07-23:13:53] [DEBUG] Connection [id: 0][route: {}->http://localhost:38555] can be kept alive indefinitely
[2018-05-07-23:13:53] [DEBUG] Connection released: [id: 0][route: {}->http://localhost:38555][total kept alive: 1; route allocated: 1 of 2000; total allocated: 1 of 2000]
[2018-05-07-23:13:53] [INFO] 打开网址http://127.0.0.1:8080/discuz/forum.php
[2018-05-07-23:13:53] [DEBUG] CookieSpec selected: default
[2018-05-07-23:13:53] [DEBUG] Auth cache not set in the context
[2018-05-07-23:13:53] [DEBUG] Connection request: [route: {}->http://localhost:38555][total kept alive: 1; route allocated: 1 of 2000; total allocated: 1 of 2000]
[2018-05-07-23:13:53] [DEBUG] Connection leased: [id: 0][route: {}->http://localhost:38555][total kept alive: 0; route allocated: 1 of 2000; total allocated: 1 of 2000]
[2018-05-07-23:13:53] [DEBUG] Stale connection check
[2018-05-07-23:13:53] [DEBUG] http-outgoing-0 << "[read] I/O error: Read timed out"
[2018-05-07-23:13:53] [DEBUG] http-outgoing-0: set socket timeout to 10800000
[2018-05-07-23:13:53] [DEBUG] Executing request POST /session/f49558bd6e3757e1cd9d6181ce7d5095/element HTTP/1.1
[2018-05-07-23:13:53] [DEBUG] Target auth state: UNCHALLENGED
[2018-05-07-23:13:53] [DEBUG] Proxy auth state: UNCHALLENGED
[2018-05-07-23:13:53] [DEBUG] http-outgoing-0 >> POST /session/f49558bd6e3757e1cd9d6181ce7d5095/element HTTP/1.1
[2018-05-07-23:13:53] [DEBUG] http-outgoing-0 >> Content-Type: application/json; charset=utf-8
[2018-05-07-23:13:53] [DEBUG] http-outgoing-0 >> Content-Length: 36
[2018-05-07-23:13:53] [DEBUG] http-outgoing-0 >> Host: localhost:38555
[2018-05-07-23:13:53] [DEBUG] http-outgoing-0 >> Connection: Keep-Alive
[2018-05-07-23:13:53] [DEBUG] http-outgoing-0 >> User-Agent: Apache-HttpClient/4.5.3 (Java/1.8.0_151)
[2018-05-07-23:13:53] [DEBUG] http-outgoing-0 >> Accept-Encoding: gzip,deflate
[2018-05-07-23:13:53] [DEBUG] http-outgoing-0 >> "POST /session/f49558bd6e3757e1cd9d6181ce7d5095/element HTTP/1.1[\r][\n]"
[2018-05-07-23:13:53] [DEBUG] http-outgoing-0 >> "Content-Type: application/json; charset=utf-8[\r][\n]"
[2018-05-07-23:13:53] [DEBUG] http-outgoing-0 >> "Content-Length: 36[\r][\n]"
[2018-05-07-23:13:53] [DEBUG] http-outgoing-0 >> "Host: localhost:38555[\r][\n]"
[2018-05-07-23:13:53] [DEBUG] http-outgoing-0 >> "Connection: Keep-Alive[\r][\n]"
[2018-05-07-23:13:53] [DEBUG] http-outgoing-0 >> "User-Agent: Apache-HttpClient/4.5.3 (Java/1.8.0_151)[\r][\n]"
[2018-05-07-23:13:53] [DEBUG] http-outgoing-0 >> "Accept-Encoding: gzip,deflate[\r][\n]"
[2018-05-07-23:13:53] [DEBUG] http-outgoing-0 >> "[\r][\n]"
[2018-05-07-23:13:53] [DEBUG] http-outgoing-0 >> "{"using":"id","value":"ls_username"}"
[2018-05-07-23:13:53] [DEBUG] http-outgoing-0 << "HTTP/1.1 200 OK[\r][\n]"
[2018-05-07-23:13:53] [DEBUG] http-outgoing-0 << "Content-Length:102[\r][\n]"
[2018-05-07-23:13:53] [DEBUG] http-outgoing-0 << "Content-Type:application/json; charset=utf-8[\r][\n]"
[2018-05-07-23:13:53] [DEBUG] http-outgoing-0 << "[\r][\n]"
[2018-05-07-23:13:53] [DEBUG] http-outgoing-0 << "{"sessionId":"f49558bd6e3757e1cd9d6181ce7d5095","status":0,"value":{"ELEMENT":"0.5131819950258134-1"}}"
[2018-05-07-23:13:53] [DEBUG] http-outgoing-0 << HTTP/1.1 200 OK
[2018-05-07-23:13:53] [DEBUG] http-outgoing-0 << Content-Length:102
[2018-05-07-23:13:53] [DEBUG] http-outgoing-0 << Content-Type:application/json; charset=utf-8
[2018-05-07-23:13:53] [DEBUG] Connection can be kept alive indefinitely
[2018-05-07-23:13:53] [DEBUG] Connection [id: 0][route: {}->http://localhost:38555] can be kept alive indefinitely
[2018-05-07-23:13:53] [DEBUG] Connection released: [id: 0][route: {}->http://localhost:38555][total kept alive: 1; route allocated: 1 of 2000; total allocated: 1 of 2000]
[2018-05-07-23:13:53] [INFO] 元素找到 id: ls_username
[2018-05-07-23:13:53] [DEBUG] CookieSpec selected: default
[2018-05-07-23:13:53] [DEBUG] Auth cache not set in the context
[2018-05-07-23:13:53] [DEBUG] Connection request: [route: {}->http://localhost:38555][total kept alive: 1; route allocated: 1 of 2000; total allocated: 1 of 2000]
[2018-05-07-23:13:53] [DEBUG] Connection leased: [id: 0][route: {}->http://localhost:38555][total kept alive: 0; route allocated: 1 of 2000; total allocated: 1 of 2000]
[2018-05-07-23:13:53] [DEBUG] Stale connection check
[2018-05-07-23:13:53] [DEBUG] http-outgoing-0 << "[read] I/O error: Read timed out"
[2018-05-07-23:13:53] [DEBUG] http-outgoing-0: set socket timeout to 10800000
[2018-05-07-23:13:53] [DEBUG] Executing request POST /session/f49558bd6e3757e1cd9d6181ce7d5095/element HTTP/1.1
[2018-05-07-23:13:53] [DEBUG] Target auth state: UNCHALLENGED
[2018-05-07-23:13:53] [DEBUG] Proxy auth state: UNCHALLENGED
[2018-05-07-23:13:53] [DEBUG] http-outgoing-0 >> POST /session/f49558bd6e3757e1cd9d6181ce7d5095/element HTTP/1.1
[2018-05-07-23:13:53] [DEBUG] http-outgoing-0 >> Content-Type: application/json; charset=utf-8
[2018-05-07-23:13:53] [DEBUG] http-outgoing-0 >> Content-Length: 36
[2018-05-07-23:13:53] [DEBUG] http-outgoing-0 >> Host: localhost:38555
[2018-05-07-23:13:53] [DEBUG] http-outgoing-0 >> Connection: Keep-Alive
[2018-05-07-23:13:53] [DEBUG] http-outgoing-0 >> User-Agent: Apache-HttpClient/4.5.3 (Java/1.8.0_151)
[2018-05-07-23:13:53] [DEBUG] http-outgoing-0 >> Accept-Encoding: gzip,deflate
[2018-05-07-23:13:53] [DEBUG] http-outgoing-0 >> "POST /session/f49558bd6e3757e1cd9d6181ce7d5095/element HTTP/1.1[\r][\n]"
[2018-05-07-23:13:53] [DEBUG] http-outgoing-0 >> "Content-Type: application/json; charset=utf-8[\r][\n]"
[2018-05-07-23:13:53] [DEBUG] http-outgoing-0 >> "Content-Length: 36[\r][\n]"
[2018-05-07-23:13:53] [DEBUG] http-outgoing-0 >> "Host: localhost:38555[\r][\n]"
[2018-05-07-23:13:53] [DEBUG] http-outgoing-0 >> "Connection: Keep-Alive[\r][\n]"
[2018-05-07-23:13:53] [DEBUG] http-outgoing-0 >> "User-Agent: Apache-HttpClient/4.5.3 (Java/1.8.0_151)[\r][\n]"
[2018-05-07-23:13:53] [DEBUG] http-outgoing-0 >> "Accept-Encoding: gzip,deflate[\r][\n]"
[2018-05-07-23:13:53] [DEBUG] http-outgoing-0 >> "[\r][\n]"
[2018-05-07-23:13:53] [DEBUG] http-outgoing-0 >> "{"using":"id","value":"ls_username"}"
[2018-05-07-23:13:53] [DEBUG] http-outgoing-0 << "HTTP/1.1 200 OK[\r][\n]"
[2018-05-07-23:13:53] [DEBUG] http-outgoing-0 << "Content-Length:102[\r][\n]"
[2018-05-07-23:13:53] [DEBUG] http-outgoing-0 << "Content-Type:application/json; charset=utf-8[\r][\n]"
[2018-05-07-23:13:53] [DEBUG] http-outgoing-0 << "[\r][\n]"
[2018-05-07-23:13:53] [DEBUG] http-outgoing-0 << "{"sessionId":"f49558bd6e3757e1cd9d6181ce7d5095","status":0,"value":{"ELEMENT":"0.5131819950258134-1"}}"
[2018-05-07-23:13:53] [DEBUG] http-outgoing-0 << HTTP/1.1 200 OK
[2018-05-07-23:13:53] [DEBUG] http-outgoing-0 << Content-Length:102
[2018-05-07-23:13:53] [DEBUG] http-outgoing-0 << Content-Type:application/json; charset=utf-8
[2018-05-07-23:13:53] [DEBUG] Connection can be kept alive indefinitely
[2018-05-07-23:13:53] [DEBUG] Connection [id: 0][route: {}->http://localhost:38555] can be kept alive indefinitely
[2018-05-07-23:13:53] [DEBUG] Connection released: [id: 0][route: {}->http://localhost:38555][total kept alive: 1; route allocated: 1 of 2000; total allocated: 1 of 2000]
[2018-05-07-23:13:53] [INFO] 元素找到 id: ls_username
[2018-05-07-23:13:53] [DEBUG] CookieSpec selected: default
[2018-05-07-23:13:53] [DEBUG] Auth cache not set in the context
[2018-05-07-23:13:53] [DEBUG] Connection request: [route: {}->http://localhost:38555][total kept alive: 1; route allocated: 1 of 2000; total allocated: 1 of 2000]
[2018-05-07-23:13:53] [DEBUG] Connection leased: [id: 0][route: {}->http://localhost:38555][total kept alive: 0; route allocated: 1 of 2000; total allocated: 1 of 2000]
[2018-05-07-23:13:53] [DEBUG] Stale connection check
[2018-05-07-23:13:53] [DEBUG] http-outgoing-0 << "[read] I/O error: Read timed out"
[2018-05-07-23:13:53] [DEBUG] http-outgoing-0: set socket timeout to 10800000
[2018-05-07-23:13:53] [DEBUG] Executing request POST /session/f49558bd6e3757e1cd9d6181ce7d5095/element/0.5131819950258134-1/clear HTTP/1.1
[2018-05-07-23:13:53] [DEBUG] Target auth state: UNCHALLENGED
[2018-05-07-23:13:53] [DEBUG] Proxy auth state: UNCHALLENGED
[2018-05-07-23:13:53] [DEBUG] http-outgoing-0 >> POST /session/f49558bd6e3757e1cd9d6181ce7d5095/element/0.5131819950258134-1/clear HTTP/1.1
[2018-05-07-23:13:53] [DEBUG] http-outgoing-0 >> Content-Type: application/json; charset=utf-8
[2018-05-07-23:13:53] [DEBUG] http-outgoing-0 >> Content-Length: 29
[2018-05-07-23:13:53] [DEBUG] http-outgoing-0 >> Host: localhost:38555
[2018-05-07-23:13:53] [DEBUG] http-outgoing-0 >> Connection: Keep-Alive
[2018-05-07-23:13:53] [DEBUG] http-outgoing-0 >> User-Agent: Apache-HttpClient/4.5.3 (Java/1.8.0_151)
[2018-05-07-23:13:53] [DEBUG] http-outgoing-0 >> Accept-Encoding: gzip,deflate
[2018-05-07-23:13:53] [DEBUG] http-outgoing-0 >> "POST /session/f49558bd6e3757e1cd9d6181ce7d5095/element/0.5131819950258134-1/clear HTTP/1.1[\r][\n]"
[2018-05-07-23:13:53] [DEBUG] http-outgoing-0 >> "Content-Type: application/json; charset=utf-8[\r][\n]"
[2018-05-07-23:13:53] [DEBUG] http-outgoing-0 >> "Content-Length: 29[\r][\n]"
[2018-05-07-23:13:53] [DEBUG] http-outgoing-0 >> "Host: localhost:38555[\r][\n]"
[2018-05-07-23:13:53] [DEBUG] http-outgoing-0 >> "Connection: Keep-Alive[\r][\n]"
[2018-05-07-23:13:53] [DEBUG] http-outgoing-0 >> "User-Agent: Apache-HttpClient/4.5.3 (Java/1.8.0_151)[\r][\n]"
[2018-05-07-23:13:53] [DEBUG] http-outgoing-0 >> "Accept-Encoding: gzip,deflate[\r][\n]"
[2018-05-07-23:13:53] [DEBUG] http-outgoing-0 >> "[\r][\n]"
[2018-05-07-23:13:53] [DEBUG] http-outgoing-0 >> "{"id":"0.5131819950258134-1"}"
[2018-05-07-23:13:53] [DEBUG] http-outgoing-0 << "HTTP/1.1 200 OK[\r][\n]"
[2018-05-07-23:13:53] [DEBUG] http-outgoing-0 << "Content-Length:72[\r][\n]"
[2018-05-07-23:13:53] [DEBUG] http-outgoing-0 << "Content-Type:application/json; charset=utf-8[\r][\n]"
[2018-05-07-23:13:53] [DEBUG] http-outgoing-0 << "[\r][\n]"
[2018-05-07-23:13:53] [DEBUG] http-outgoing-0 << "{"sessionId":"f49558bd6e3757e1cd9d6181ce7d5095","status":0,"value":null}"
[2018-05-07-23:13:53] [DEBUG] http-outgoing-0 << HTTP/1.1 200 OK
[2018-05-07-23:13:53] [DEBUG] http-outgoing-0 << Content-Length:72
[2018-05-07-23:13:53] [DEBUG] http-outgoing-0 << Content-Type:application/json; charset=utf-8
[2018-05-07-23:13:53] [DEBUG] Connection can be kept alive indefinitely
[2018-05-07-23:13:53] [DEBUG] Connection [id: 0][route: {}->http://localhost:38555] can be kept alive indefinitely
[2018-05-07-23:13:53] [DEBUG] Connection released: [id: 0][route: {}->http://localhost:38555][total kept alive: 1; route allocated: 1 of 2000; total allocated: 1 of 2000]
[2018-05-07-23:13:53] [INFO] 已清除[[ChromeDriver: chrome on WIN8_1 (f49558bd6e3757e1cd9d6181ce7d5095)] -> id: ls_username内容
[2018-05-07-23:13:53] [DEBUG] CookieSpec selected: default
[2018-05-07-23:13:53] [DEBUG] Auth cache not set in the context
[2018-05-07-23:13:53] [DEBUG] Connection request: [route: {}->http://localhost:38555][total kept alive: 1; route allocated: 1 of 2000; total allocated: 1 of 2000]
[2018-05-07-23:13:53] [DEBUG] Connection leased: [id: 0][route: {}->http://localhost:38555][total kept alive: 0; route allocated: 1 of 2000; total allocated: 1 of 2000]
[2018-05-07-23:13:53] [DEBUG] Stale connection check
[2018-05-07-23:13:53] [DEBUG] http-outgoing-0 << "[read] I/O error: Read timed out"
[2018-05-07-23:13:53] [DEBUG] http-outgoing-0: set socket timeout to 10800000
[2018-05-07-23:13:53] [DEBUG] Executing request POST /session/f49558bd6e3757e1cd9d6181ce7d5095/element/0.5131819950258134-1/value HTTP/1.1
[2018-05-07-23:13:53] [DEBUG] Target auth state: UNCHALLENGED
[2018-05-07-23:13:53] [DEBUG] Proxy auth state: UNCHALLENGED
[2018-05-07-23:13:53] [DEBUG] http-outgoing-0 >> POST /session/f49558bd6e3757e1cd9d6181ce7d5095/element/0.5131819950258134-1/value HTTP/1.1
[2018-05-07-23:13:53] [DEBUG] http-outgoing-0 >> Content-Type: application/json; charset=utf-8
[2018-05-07-23:13:53] [DEBUG] http-outgoing-0 >> Content-Length: 45
[2018-05-07-23:13:53] [DEBUG] http-outgoing-0 >> Host: localhost:38555
[2018-05-07-23:13:53] [DEBUG] http-outgoing-0 >> Connection: Keep-Alive
[2018-05-07-23:13:53] [DEBUG] http-outgoing-0 >> User-Agent: Apache-HttpClient/4.5.3 (Java/1.8.0_151)
[2018-05-07-23:13:53] [DEBUG] http-outgoing-0 >> Accept-Encoding: gzip,deflate
[2018-05-07-23:13:53] [DEBUG] http-outgoing-0 >> "POST /session/f49558bd6e3757e1cd9d6181ce7d5095/element/0.5131819950258134-1/value HTTP/1.1[\r][\n]"
[2018-05-07-23:13:53] [DEBUG] http-outgoing-0 >> "Content-Type: application/json; charset=utf-8[\r][\n]"
[2018-05-07-23:13:53] [DEBUG] http-outgoing-0 >> "Content-Length: 45[\r][\n]"
[2018-05-07-23:13:53] [DEBUG] http-outgoing-0 >> "Host: localhost:38555[\r][\n]"
[2018-05-07-23:13:53] [DEBUG] http-outgoing-0 >> "Connection: Keep-Alive[\r][\n]"
[2018-05-07-23:13:53] [DEBUG] http-outgoing-0 >> "User-Agent: Apache-HttpClient/4.5.3 (Java/1.8.0_151)[\r][\n]"
[2018-05-07-23:13:53] [DEBUG] http-outgoing-0 >> "Accept-Encoding: gzip,deflate[\r][\n]"
[2018-05-07-23:13:53] [DEBUG] http-outgoing-0 >> "[\r][\n]"
[2018-05-07-23:13:53] [DEBUG] http-outgoing-0 >> "{"id":"0.5131819950258134-1","value":["cjw"]}"
[2018-05-07-23:13:53] [DEBUG] http-outgoing-0 << "HTTP/1.1 200 OK[\r][\n]"
[2018-05-07-23:13:53] [DEBUG] http-outgoing-0 << "Content-Length:72[\r][\n]"
[2018-05-07-23:13:53] [DEBUG] http-outgoing-0 << "Content-Type:application/json; charset=utf-8[\r][\n]"
[2018-05-07-23:13:53] [DEBUG] http-outgoing-0 << "[\r][\n]"
[2018-05-07-23:13:53] [DEBUG] http-outgoing-0 << "{"sessionId":"f49558bd6e3757e1cd9d6181ce7d5095","status":0,"value":null}"
[2018-05-07-23:13:53] [DEBUG] http-outgoing-0 << HTTP/1.1 200 OK
[2018-05-07-23:13:53] [DEBUG] http-outgoing-0 << Content-Length:72
[2018-05-07-23:13:53] [DEBUG] http-outgoing-0 << Content-Type:application/json; charset=utf-8
[2018-05-07-23:13:53] [DEBUG] Connection can be kept alive indefinitely
[2018-05-07-23:13:53] [DEBUG] Connection [id: 0][route: {}->http://localhost:38555] can be kept alive indefinitely
[2018-05-07-23:13:53] [DEBUG] Connection released: [id: 0][route: {}->http://localhost:38555][total kept alive: 1; route allocated: 1 of 2000; total allocated: 1 of 2000]
[2018-05-07-23:13:53] [INFO] 输入[[ChromeDriver: chrome on WIN8_1 (f49558bd6e3757e1cd9d6181ce7d5095)] -> id: ls_username
[2018-05-07-23:13:53] [DEBUG] CookieSpec selected: default
[2018-05-07-23:13:53] [DEBUG] Auth cache not set in the context
[2018-05-07-23:13:53] [DEBUG] Connection request: [route: {}->http://localhost:38555][total kept alive: 1; route allocated: 1 of 2000; total allocated: 1 of 2000]
[2018-05-07-23:13:53] [DEBUG] Connection leased: [id: 0][route: {}->http://localhost:38555][total kept alive: 0; route allocated: 1 of 2000; total allocated: 1 of 2000]
[2018-05-07-23:13:53] [DEBUG] Stale connection check
[2018-05-07-23:13:53] [DEBUG] http-outgoing-0 << "[read] I/O error: Read timed out"
[2018-05-07-23:13:53] [DEBUG] http-outgoing-0: set socket timeout to 10800000
[2018-05-07-23:13:53] [DEBUG] Executing request POST /session/f49558bd6e3757e1cd9d6181ce7d5095/element HTTP/1.1
[2018-05-07-23:13:53] [DEBUG] Target auth state: UNCHALLENGED
[2018-05-07-23:13:53] [DEBUG] Proxy auth state: UNCHALLENGED
[2018-05-07-23:13:53] [DEBUG] http-outgoing-0 >> POST /session/f49558bd6e3757e1cd9d6181ce7d5095/element HTTP/1.1
[2018-05-07-23:13:53] [DEBUG] http-outgoing-0 >> Content-Type: application/json; charset=utf-8
[2018-05-07-23:13:53] [DEBUG] http-outgoing-0 >> Content-Length: 36
[2018-05-07-23:13:53] [DEBUG] http-outgoing-0 >> Host: localhost:38555
[2018-05-07-23:13:53] [DEBUG] http-outgoing-0 >> Connection: Keep-Alive
[2018-05-07-23:13:53] [DEBUG] http-outgoing-0 >> User-Agent: Apache-HttpClient/4.5.3 (Java/1.8.0_151)
[2018-05-07-23:13:53] [DEBUG] http-outgoing-0 >> Accept-Encoding: gzip,deflate
[2018-05-07-23:13:53] [DEBUG] http-outgoing-0 >> "POST /session/f49558bd6e3757e1cd9d6181ce7d5095/element HTTP/1.1[\r][\n]"
[2018-05-07-23:13:53] [DEBUG] http-outgoing-0 >> "Content-Type: application/json; charset=utf-8[\r][\n]"
[2018-05-07-23:13:53] [DEBUG] http-outgoing-0 >> "Content-Length: 36[\r][\n]"
[2018-05-07-23:13:53] [DEBUG] http-outgoing-0 >> "Host: localhost:38555[\r][\n]"
[2018-05-07-23:13:53] [DEBUG] http-outgoing-0 >> "Connection: Keep-Alive[\r][\n]"
[2018-05-07-23:13:53] [DEBUG] http-outgoing-0 >> "User-Agent: Apache-HttpClient/4.5.3 (Java/1.8.0_151)[\r][\n]"
[2018-05-07-23:13:53] [DEBUG] http-outgoing-0 >> "Accept-Encoding: gzip,deflate[\r][\n]"
[2018-05-07-23:13:53] [DEBUG] http-outgoing-0 >> "[\r][\n]"
[2018-05-07-23:13:53] [DEBUG] http-outgoing-0 >> "{"using":"id","value":"ls_password"}"
[2018-05-07-23:13:53] [DEBUG] http-outgoing-0 << "HTTP/1.1 200 OK[\r][\n]"
[2018-05-07-23:13:53] [DEBUG] http-outgoing-0 << "Content-Length:102[\r][\n]"
[2018-05-07-23:13:53] [DEBUG] http-outgoing-0 << "Content-Type:application/json; charset=utf-8[\r][\n]"
[2018-05-07-23:13:53] [DEBUG] http-outgoing-0 << "[\r][\n]"
[2018-05-07-23:13:53] [DEBUG] http-outgoing-0 << "{"sessionId":"f49558bd6e3757e1cd9d6181ce7d5095","status":0,"value":{"ELEMENT":"0.5131819950258134-2"}}"
[2018-05-07-23:13:53] [DEBUG] http-outgoing-0 << HTTP/1.1 200 OK
[2018-05-07-23:13:53] [DEBUG] http-outgoing-0 << Content-Length:102
[2018-05-07-23:13:53] [DEBUG] http-outgoing-0 << Content-Type:application/json; charset=utf-8
[2018-05-07-23:13:53] [DEBUG] Connection can be kept alive indefinitely
[2018-05-07-23:13:53] [DEBUG] Connection [id: 0][route: {}->http://localhost:38555] can be kept alive indefinitely
[2018-05-07-23:13:53] [DEBUG] Connection released: [id: 0][route: {}->http://localhost:38555][total kept alive: 1; route allocated: 1 of 2000; total allocated: 1 of 2000]
[2018-05-07-23:13:53] [INFO] 元素找到 id: ls_password
[2018-05-07-23:13:53] [DEBUG] CookieSpec selected: default
[2018-05-07-23:13:53] [DEBUG] Auth cache not set in the context
[2018-05-07-23:13:53] [DEBUG] Connection request: [route: {}->http://localhost:38555][total kept alive: 1; route allocated: 1 of 2000; total allocated: 1 of 2000]
[2018-05-07-23:13:53] [DEBUG] Connection leased: [id: 0][route: {}->http://localhost:38555][total kept alive: 0; route allocated: 1 of 2000; total allocated: 1 of 2000]
[2018-05-07-23:13:53] [DEBUG] Stale connection check
[2018-05-07-23:13:53] [DEBUG] http-outgoing-0 << "[read] I/O error: Read timed out"
[2018-05-07-23:13:53] [DEBUG] http-outgoing-0: set socket timeout to 10800000
[2018-05-07-23:13:53] [DEBUG] Executing request POST /session/f49558bd6e3757e1cd9d6181ce7d5095/element HTTP/1.1
[2018-05-07-23:13:53] [DEBUG] Target auth state: UNCHALLENGED
[2018-05-07-23:13:53] [DEBUG] Proxy auth state: UNCHALLENGED
[2018-05-07-23:13:53] [DEBUG] http-outgoing-0 >> POST /session/f49558bd6e3757e1cd9d6181ce7d5095/element HTTP/1.1
[2018-05-07-23:13:53] [DEBUG] http-outgoing-0 >> Content-Type: application/json; charset=utf-8
[2018-05-07-23:13:53] [DEBUG] http-outgoing-0 >> Content-Length: 36
[2018-05-07-23:13:53] [DEBUG] http-outgoing-0 >> Host: localhost:38555
[2018-05-07-23:13:53] [DEBUG] http-outgoing-0 >> Connection: Keep-Alive
[2018-05-07-23:13:53] [DEBUG] http-outgoing-0 >> User-Agent: Apache-HttpClient/4.5.3 (Java/1.8.0_151)
[2018-05-07-23:13:53] [DEBUG] http-outgoing-0 >> Accept-Encoding: gzip,deflate
[2018-05-07-23:13:53] [DEBUG] http-outgoing-0 >> "POST /session/f49558bd6e3757e1cd9d6181ce7d5095/element HTTP/1.1[\r][\n]"
[2018-05-07-23:13:53] [DEBUG] http-outgoing-0 >> "Content-Type: application/json; charset=utf-8[\r][\n]"
[2018-05-07-23:13:53] [DEBUG] http-outgoing-0 >> "Content-Length: 36[\r][\n]"
[2018-05-07-23:13:53] [DEBUG] http-outgoing-0 >> "Host: localhost:38555[\r][\n]"
[2018-05-07-23:13:53] [DEBUG] http-outgoing-0 >> "Connection: Keep-Alive[\r][\n]"
[2018-05-07-23:13:53] [DEBUG] http-outgoing-0 >> "User-Agent: Apache-HttpClient/4.5.3 (Java/1.8.0_151)[\r][\n]"
[2018-05-07-23:13:53] [DEBUG] http-outgoing-0 >> "Accept-Encoding: gzip,deflate[\r][\n]"
[2018-05-07-23:13:53] [DEBUG] http-outgoing-0 >> "[\r][\n]"
[2018-05-07-23:13:53] [DEBUG] http-outgoing-0 >> "{"using":"id","value":"ls_password"}"
[2018-05-07-23:13:53] [DEBUG] http-outgoing-0 << "HTTP/1.1 200 OK[\r][\n]"
[2018-05-07-23:13:53] [DEBUG] http-outgoing-0 << "Content-Length:102[\r][\n]"
[2018-05-07-23:13:53] [DEBUG] http-outgoing-0 << "Content-Type:application/json; charset=utf-8[\r][\n]"
[2018-05-07-23:13:53] [DEBUG] http-outgoing-0 << "[\r][\n]"
[2018-05-07-23:13:53] [DEBUG] http-outgoing-0 << "{"sessionId":"f49558bd6e3757e1cd9d6181ce7d5095","status":0,"value":{"ELEMENT":"0.5131819950258134-2"}}"
[2018-05-07-23:13:53] [DEBUG] http-outgoing-0 << HTTP/1.1 200 OK
[2018-05-07-23:13:53] [DEBUG] http-outgoing-0 << Content-Length:102
[2018-05-07-23:13:53] [DEBUG] http-outgoing-0 << Content-Type:application/json; charset=utf-8
[2018-05-07-23:13:53] [DEBUG] Connection can be kept alive indefinitely
[2018-05-07-23:13:53] [DEBUG] Connection [id: 0][route: {}->http://localhost:38555] can be kept alive indefinitely
[2018-05-07-23:13:53] [DEBUG] Connection released: [id: 0][route: {}->http://localhost:38555][total kept alive: 1; route allocated: 1 of 2000; total allocated: 1 of 2000]
[2018-05-07-23:13:53] [INFO] 元素找到 id: ls_password
[2018-05-07-23:13:53] [DEBUG] CookieSpec selected: default
[2018-05-07-23:13:53] [DEBUG] Auth cache not set in the context
[2018-05-07-23:13:53] [DEBUG] Connection request: [route: {}->http://localhost:38555][total kept alive: 1; route allocated: 1 of 2000; total allocated: 1 of 2000]
[2018-05-07-23:13:53] [DEBUG] Connection leased: [id: 0][route: {}->http://localhost:38555][total kept alive: 0; route allocated: 1 of 2000; total allocated: 1 of 2000]
[2018-05-07-23:13:53] [DEBUG] Stale connection check
[2018-05-07-23:13:53] [DEBUG] http-outgoing-0 << "[read] I/O error: Read timed out"
[2018-05-07-23:13:53] [DEBUG] http-outgoing-0: set socket timeout to 10800000
[2018-05-07-23:13:53] [DEBUG] Executing request POST /session/f49558bd6e3757e1cd9d6181ce7d5095/element/0.5131819950258134-2/clear HTTP/1.1
[2018-05-07-23:13:53] [DEBUG] Target auth state: UNCHALLENGED
[2018-05-07-23:13:53] [DEBUG] Proxy auth state: UNCHALLENGED
[2018-05-07-23:13:53] [DEBUG] http-outgoing-0 >> POST /session/f49558bd6e3757e1cd9d6181ce7d5095/element/0.5131819950258134-2/clear HTTP/1.1
[2018-05-07-23:13:53] [DEBUG] http-outgoing-0 >> Content-Type: application/json; charset=utf-8
[2018-05-07-23:13:53] [DEBUG] http-outgoing-0 >> Content-Length: 29
[2018-05-07-23:13:53] [DEBUG] http-outgoing-0 >> Host: localhost:38555
[2018-05-07-23:13:53] [DEBUG] http-outgoing-0 >> Connection: Keep-Alive
[2018-05-07-23:13:53] [DEBUG] http-outgoing-0 >> User-Agent: Apache-HttpClient/4.5.3 (Java/1.8.0_151)
[2018-05-07-23:13:53] [DEBUG] http-outgoing-0 >> Accept-Encoding: gzip,deflate
[2018-05-07-23:13:53] [DEBUG] http-outgoing-0 >> "POST /session/f49558bd6e3757e1cd9d6181ce7d5095/element/0.5131819950258134-2/clear HTTP/1.1[\r][\n]"
[2018-05-07-23:13:53] [DEBUG] http-outgoing-0 >> "Content-Type: application/json; charset=utf-8[\r][\n]"
[2018-05-07-23:13:53] [DEBUG] http-outgoing-0 >> "Content-Length: 29[\r][\n]"
[2018-05-07-23:13:53] [DEBUG] http-outgoing-0 >> "Host: localhost:38555[\r][\n]"
[2018-05-07-23:13:53] [DEBUG] http-outgoing-0 >> "Connection: Keep-Alive[\r][\n]"
[2018-05-07-23:13:53] [DEBUG] http-outgoing-0 >> "User-Agent: Apache-HttpClient/4.5.3 (Java/1.8.0_151)[\r][\n]"
[2018-05-07-23:13:53] [DEBUG] http-outgoing-0 >> "Accept-Encoding: gzip,deflate[\r][\n]"
[2018-05-07-23:13:53] [DEBUG] http-outgoing-0 >> "[\r][\n]"
[2018-05-07-23:13:53] [DEBUG] http-outgoing-0 >> "{"id":"0.5131819950258134-2"}"
[2018-05-07-23:13:54] [DEBUG] http-outgoing-0 << "HTTP/1.1 200 OK[\r][\n]"
[2018-05-07-23:13:54] [DEBUG] http-outgoing-0 << "Content-Length:72[\r][\n]"
[2018-05-07-23:13:54] [DEBUG] http-outgoing-0 << "Content-Type:application/json; charset=utf-8[\r][\n]"
[2018-05-07-23:13:54] [DEBUG] http-outgoing-0 << "[\r][\n]"
[2018-05-07-23:13:54] [DEBUG] http-outgoing-0 << "{"sessionId":"f49558bd6e3757e1cd9d6181ce7d5095","status":0,"value":null}"
[2018-05-07-23:13:54] [DEBUG] http-outgoing-0 << HTTP/1.1 200 OK
[2018-05-07-23:13:54] [DEBUG] http-outgoing-0 << Content-Length:72
[2018-05-07-23:13:54] [DEBUG] http-outgoing-0 << Content-Type:application/json; charset=utf-8
[2018-05-07-23:13:54] [DEBUG] Connection can be kept alive indefinitely
[2018-05-07-23:13:54] [DEBUG] Connection [id: 0][route: {}->http://localhost:38555] can be kept alive indefinitely
[2018-05-07-23:13:54] [DEBUG] Connection released: [id: 0][route: {}->http://localhost:38555][total kept alive: 1; route allocated: 1 of 2000; total allocated: 1 of 2000]
[2018-05-07-23:13:54] [INFO] 已清除[[ChromeDriver: chrome on WIN8_1 (f49558bd6e3757e1cd9d6181ce7d5095)] -> id: ls_password内容
[2018-05-07-23:13:54] [DEBUG] CookieSpec selected: default
[2018-05-07-23:13:54] [DEBUG] Auth cache not set in the context
[2018-05-07-23:13:54] [DEBUG] Connection request: [route: {}->http://localhost:38555][total kept alive: 1; route allocated: 1 of 2000; total allocated: 1 of 2000]
[2018-05-07-23:13:54] [DEBUG] Connection leased: [id: 0][route: {}->http://localhost:38555][total kept alive: 0; route allocated: 1 of 2000; total allocated: 1 of 2000]
[2018-05-07-23:13:54] [DEBUG] Stale connection check
[2018-05-07-23:13:54] [DEBUG] http-outgoing-0 << "[read] I/O error: Read timed out"
[2018-05-07-23:13:54] [DEBUG] http-outgoing-0: set socket timeout to 10800000
[2018-05-07-23:13:54] [DEBUG] Executing request POST /session/f49558bd6e3757e1cd9d6181ce7d5095/element/0.5131819950258134-2/value HTTP/1.1
[2018-05-07-23:13:54] [DEBUG] Target auth state: UNCHALLENGED
[2018-05-07-23:13:54] [DEBUG] Proxy auth state: UNCHALLENGED
[2018-05-07-23:13:54] [DEBUG] http-outgoing-0 >> POST /session/f49558bd6e3757e1cd9d6181ce7d5095/element/0.5131819950258134-2/value HTTP/1.1
[2018-05-07-23:13:54] [DEBUG] http-outgoing-0 >> Content-Type: application/json; charset=utf-8
[2018-05-07-23:13:54] [DEBUG] http-outgoing-0 >> Content-Length: 50
[2018-05-07-23:13:54] [DEBUG] http-outgoing-0 >> Host: localhost:38555
[2018-05-07-23:13:54] [DEBUG] http-outgoing-0 >> Connection: Keep-Alive
[2018-05-07-23:13:54] [DEBUG] http-outgoing-0 >> User-Agent: Apache-HttpClient/4.5.3 (Java/1.8.0_151)
[2018-05-07-23:13:54] [DEBUG] http-outgoing-0 >> Accept-Encoding: gzip,deflate
[2018-05-07-23:13:54] [DEBUG] http-outgoing-0 >> "POST /session/f49558bd6e3757e1cd9d6181ce7d5095/element/0.5131819950258134-2/value HTTP/1.1[\r][\n]"
[2018-05-07-23:13:54] [DEBUG] http-outgoing-0 >> "Content-Type: application/json; charset=utf-8[\r][\n]"
[2018-05-07-23:13:54] [DEBUG] http-outgoing-0 >> "Content-Length: 50[\r][\n]"
[2018-05-07-23:13:54] [DEBUG] http-outgoing-0 >> "Host: localhost:38555[\r][\n]"
[2018-05-07-23:13:54] [DEBUG] http-outgoing-0 >> "Connection: Keep-Alive[\r][\n]"
[2018-05-07-23:13:54] [DEBUG] http-outgoing-0 >> "User-Agent: Apache-HttpClient/4.5.3 (Java/1.8.0_151)[\r][\n]"
[2018-05-07-23:13:54] [DEBUG] http-outgoing-0 >> "Accept-Encoding: gzip,deflate[\r][\n]"
[2018-05-07-23:13:54] [DEBUG] http-outgoing-0 >> "[\r][\n]"
[2018-05-07-23:13:54] [DEBUG] http-outgoing-0 >> "{"id":"0.5131819950258134-2","value":["password"]}"
[2018-05-07-23:13:54] [DEBUG] http-outgoing-0 << "HTTP/1.1 200 OK[\r][\n]"
[2018-05-07-23:13:54] [DEBUG] http-outgoing-0 << "Content-Length:72[\r][\n]"
[2018-05-07-23:13:54] [DEBUG] http-outgoing-0 << "Content-Type:application/json; charset=utf-8[\r][\n]"
[2018-05-07-23:13:54] [DEBUG] http-outgoing-0 << "[\r][\n]"
[2018-05-07-23:13:54] [DEBUG] http-outgoing-0 << "{"sessionId":"f49558bd6e3757e1cd9d6181ce7d5095","status":0,"value":null}"
[2018-05-07-23:13:54] [DEBUG] http-outgoing-0 << HTTP/1.1 200 OK
[2018-05-07-23:13:54] [DEBUG] http-outgoing-0 << Content-Length:72
[2018-05-07-23:13:54] [DEBUG] http-outgoing-0 << Content-Type:application/json; charset=utf-8
[2018-05-07-23:13:54] [DEBUG] Connection can be kept alive indefinitely
[2018-05-07-23:13:54] [DEBUG] Connection [id: 0][route: {}->http://localhost:38555] can be kept alive indefinitely
[2018-05-07-23:13:54] [DEBUG] Connection released: [id: 0][route: {}->http://localhost:38555][total kept alive: 1; route allocated: 1 of 2000; total allocated: 1 of 2000]
[2018-05-07-23:13:54] [INFO] 输入assword
[2018-05-07-23:13:54] [DEBUG] CookieSpec selected: default
[2018-05-07-23:13:54] [DEBUG] Auth cache not set in the context
[2018-05-07-23:13:54] [DEBUG] Connection request: [route: {}->http://localhost:38555][total kept alive: 1; route allocated: 1 of 2000; total allocated: 1 of 2000]
[2018-05-07-23:13:54] [DEBUG] Connection leased: [id: 0][route: {}->http://localhost:38555][total kept alive: 0; route allocated: 1 of 2000; total allocated: 1 of 2000]
[2018-05-07-23:13:54] [DEBUG] Stale connection check
[2018-05-07-23:13:54] [DEBUG] http-outgoing-0 << "[read] I/O error: Read timed out"
[2018-05-07-23:13:54] [DEBUG] http-outgoing-0: set socket timeout to 10800000
[2018-05-07-23:13:54] [DEBUG] Executing request POST /session/f49558bd6e3757e1cd9d6181ce7d5095/element HTTP/1.1
[2018-05-07-23:13:54] [DEBUG] Target auth state: UNCHALLENGED
[2018-05-07-23:13:54] [DEBUG] Proxy auth state: UNCHALLENGED
[2018-05-07-23:13:54] [DEBUG] http-outgoing-0 >> POST /session/f49558bd6e3757e1cd9d6181ce7d5095/element HTTP/1.1
[2018-05-07-23:13:54] [DEBUG] http-outgoing-0 >> Content-Type: application/json; charset=utf-8
[2018-05-07-23:13:54] [DEBUG] http-outgoing-0 >> Content-Length: 86
[2018-05-07-23:13:54] [DEBUG] http-outgoing-0 >> Host: localhost:38555
[2018-05-07-23:13:54] [DEBUG] http-outgoing-0 >> Connection: Keep-Alive
[2018-05-07-23:13:54] [DEBUG] http-outgoing-0 >> User-Agent: Apache-HttpClient/4.5.3 (Java/1.8.0_151)
[2018-05-07-23:13:54] [DEBUG] http-outgoing-0 >> Accept-Encoding: gzip,deflate
[2018-05-07-23:13:54] [DEBUG] http-outgoing-0 >> "POST /session/f49558bd6e3757e1cd9d6181ce7d5095/element HTTP/1.1[\r][\n]"
[2018-05-07-23:13:54] [DEBUG] http-outgoing-0 >> "Content-Type: application/json; charset=utf-8[\r][\n]"
[2018-05-07-23:13:54] [DEBUG] http-outgoing-0 >> "Content-Length: 86[\r][\n]"
[2018-05-07-23:13:54] [DEBUG] http-outgoing-0 >> "Host: localhost:38555[\r][\n]"
[2018-05-07-23:13:54] [DEBUG] http-outgoing-0 >> "Connection: Keep-Alive[\r][\n]"
[2018-05-07-23:13:54] [DEBUG] http-outgoing-0 >> "User-Agent: Apache-HttpClient/4.5.3 (Java/1.8.0_151)[\r][\n]"
[2018-05-07-23:13:54] [DEBUG] http-outgoing-0 >> "Accept-Encoding: gzip,deflate[\r][\n]"
[2018-05-07-23:13:54] [DEBUG] http-outgoing-0 >> "[\r][\n]"
[2018-05-07-23:13:54] [DEBUG] http-outgoing-0 >> "{"using":"xpath","value":"//*[@id=\"lsform\"]/div/div/table/tbody/tr[2]/td[3]/button"}"
[2018-05-07-23:13:54] [DEBUG] http-outgoing-0 << "HTTP/1.1 200 OK[\r][\n]"
[2018-05-07-23:13:54] [DEBUG] http-outgoing-0 << "Content-Length:102[\r][\n]"
[2018-05-07-23:13:54] [DEBUG] http-outgoing-0 << "Content-Type:application/json; charset=utf-8[\r][\n]"
[2018-05-07-23:13:54] [DEBUG] http-outgoing-0 << "[\r][\n]"
[2018-05-07-23:13:54] [DEBUG] http-outgoing-0 << "{"sessionId":"f49558bd6e3757e1cd9d6181ce7d5095","status":0,"value":{"ELEMENT":"0.5131819950258134-3"}}"
[2018-05-07-23:13:54] [DEBUG] http-outgoing-0 << HTTP/1.1 200 OK
[2018-05-07-23:13:54] [DEBUG] http-outgoing-0 << Content-Length:102
[2018-05-07-23:13:54] [DEBUG] http-outgoing-0 << Content-Type:application/json; charset=utf-8
[2018-05-07-23:13:54] [DEBUG] Connection can be kept alive indefinitely
[2018-05-07-23:13:54] [DEBUG] Connection [id: 0][route: {}->http://localhost:38555] can be kept alive indefinitely
[2018-05-07-23:13:54] [DEBUG] Connection released: [id: 0][route: {}->http://localhost:38555][total kept alive: 1; route allocated: 1 of 2000; total allocated: 1 of 2000]
[2018-05-07-23:13:54] [INFO] 元素找到 xpath: //*[@id="lsform"]/div/div/table/tbody/tr[2]/td[3]/button
[2018-05-07-23:13:54] [DEBUG] CookieSpec selected: default
[2018-05-07-23:13:54] [DEBUG] Auth cache not set in the context
[2018-05-07-23:13:54] [DEBUG] Connection request: [route: {}->http://localhost:38555][total kept alive: 1; route allocated: 1 of 2000; total allocated: 1 of 2000]
[2018-05-07-23:13:54] [DEBUG] Connection leased: [id: 0][route: {}->http://localhost:38555][total kept alive: 0; route allocated: 1 of 2000; total allocated: 1 of 2000]
[2018-05-07-23:13:54] [DEBUG] Stale connection check
[2018-05-07-23:13:54] [DEBUG] http-outgoing-0 << "[read] I/O error: Read timed out"
[2018-05-07-23:13:54] [DEBUG] http-outgoing-0: set socket timeout to 10800000
[2018-05-07-23:13:54] [DEBUG] Executing request POST /session/f49558bd6e3757e1cd9d6181ce7d5095/element/0.5131819950258134-3/click HTTP/1.1
[2018-05-07-23:13:54] [DEBUG] Target auth state: UNCHALLENGED
[2018-05-07-23:13:54] [DEBUG] Proxy auth state: UNCHALLENGED
[2018-05-07-23:13:54] [DEBUG] http-outgoing-0 >> POST /session/f49558bd6e3757e1cd9d6181ce7d5095/element/0.5131819950258134-3/click HTTP/1.1
[2018-05-07-23:13:54] [DEBUG] http-outgoing-0 >> Content-Type: application/json; charset=utf-8
[2018-05-07-23:13:54] [DEBUG] http-outgoing-0 >> Content-Length: 29
[2018-05-07-23:13:54] [DEBUG] http-outgoing-0 >> Host: localhost:38555
[2018-05-07-23:13:54] [DEBUG] http-outgoing-0 >> Connection: Keep-Alive
[2018-05-07-23:13:54] [DEBUG] http-outgoing-0 >> User-Agent: Apache-HttpClient/4.5.3 (Java/1.8.0_151)
[2018-05-07-23:13:54] [DEBUG] http-outgoing-0 >> Accept-Encoding: gzip,deflate
[2018-05-07-23:13:54] [DEBUG] http-outgoing-0 >> "POST /session/f49558bd6e3757e1cd9d6181ce7d5095/element/0.5131819950258134-3/click HTTP/1.1[\r][\n]"
[2018-05-07-23:13:54] [DEBUG] http-outgoing-0 >> "Content-Type: application/json; charset=utf-8[\r][\n]"
[2018-05-07-23:13:54] [DEBUG] http-outgoing-0 >> "Content-Length: 29[\r][\n]"
[2018-05-07-23:13:54] [DEBUG] http-outgoing-0 >> "Host: localhost:38555[\r][\n]"
[2018-05-07-23:13:54] [DEBUG] http-outgoing-0 >> "Connection: Keep-Alive[\r][\n]"
[2018-05-07-23:13:54] [DEBUG] http-outgoing-0 >> "User-Agent: Apache-HttpClient/4.5.3 (Java/1.8.0_151)[\r][\n]"
[2018-05-07-23:13:54] [DEBUG] http-outgoing-0 >> "Accept-Encoding: gzip,deflate[\r][\n]"
[2018-05-07-23:13:54] [DEBUG] http-outgoing-0 >> "[\r][\n]"
[2018-05-07-23:13:54] [DEBUG] http-outgoing-0 >> "{"id":"0.5131819950258134-3"}"
[2018-05-07-23:13:54] [DEBUG] http-outgoing-0 << "HTTP/1.1 200 OK[\r][\n]"
[2018-05-07-23:13:54] [DEBUG] http-outgoing-0 << "Content-Length:72[\r][\n]"
[2018-05-07-23:13:54] [DEBUG] http-outgoing-0 << "Content-Type:application/json; charset=utf-8[\r][\n]"
[2018-05-07-23:13:54] [DEBUG] http-outgoing-0 << "[\r][\n]"
[2018-05-07-23:13:54] [DEBUG] http-outgoing-0 << "{"sessionId":"f49558bd6e3757e1cd9d6181ce7d5095","status":0,"value":null}"
[2018-05-07-23:13:54] [DEBUG] http-outgoing-0 << HTTP/1.1 200 OK
[2018-05-07-23:13:54] [DEBUG] http-outgoing-0 << Content-Length:72
[2018-05-07-23:13:54] [DEBUG] http-outgoing-0 << Content-Type:application/json; charset=utf-8
[2018-05-07-23:13:54] [DEBUG] Connection can be kept alive indefinitely
[2018-05-07-23:13:54] [DEBUG] Connection [id: 0][route: {}->http://localhost:38555] can be kept alive indefinitely
[2018-05-07-23:13:54] [DEBUG] Connection released: [id: 0][route: {}->http://localhost:38555][total kept alive: 1; route allocated: 1 of 2000; total allocated: 1 of 2000]
[2018-05-07-23:13:54] [INFO] 已点击加载
[2018-05-07-23:13:57] [DEBUG] CookieSpec selected: default
[2018-05-07-23:13:57] [DEBUG] Auth cache not set in the context
[2018-05-07-23:13:57] [DEBUG] Connection request: [route: {}->http://localhost:38555][total kept alive: 1; route allocated: 1 of 2000; total allocated: 1 of 2000]
[2018-05-07-23:13:57] [DEBUG] http-outgoing-0 << "[read] I/O error: Read timed out"
[2018-05-07-23:13:57] [DEBUG] Connection leased: [id: 0][route: {}->http://localhost:38555][total kept alive: 0; route allocated: 1 of 2000; total allocated: 1 of 2000]
[2018-05-07-23:13:57] [DEBUG] Stale connection check
[2018-05-07-23:13:57] [DEBUG] http-outgoing-0 << "[read] I/O error: Read timed out"
[2018-05-07-23:13:57] [DEBUG] http-outgoing-0: set socket timeout to 10800000
[2018-05-07-23:13:57] [DEBUG] Executing request POST /session/f49558bd6e3757e1cd9d6181ce7d5095/element HTTP/1.1
[2018-05-07-23:13:57] [DEBUG] Target auth state: UNCHALLENGED
[2018-05-07-23:13:57] [DEBUG] Proxy auth state: UNCHALLENGED
[2018-05-07-23:13:57] [DEBUG] http-outgoing-0 >> POST /session/f49558bd6e3757e1cd9d6181ce7d5095/element HTTP/1.1
[2018-05-07-23:13:57] [DEBUG] http-outgoing-0 >> Content-Type: application/json; charset=utf-8
[2018-05-07-23:13:57] [DEBUG] http-outgoing-0 >> Content-Length: 39
[2018-05-07-23:13:57] [DEBUG] http-outgoing-0 >> Host: localhost:38555
[2018-05-07-23:13:57] [DEBUG] http-outgoing-0 >> Connection: Keep-Alive
[2018-05-07-23:13:57] [DEBUG] http-outgoing-0 >> User-Agent: Apache-HttpClient/4.5.3 (Java/1.8.0_151)
[2018-05-07-23:13:57] [DEBUG] http-outgoing-0 >> Accept-Encoding: gzip,deflate
[2018-05-07-23:13:57] [DEBUG] http-outgoing-0 >> "POST /session/f49558bd6e3757e1cd9d6181ce7d5095/element HTTP/1.1[\r][\n]"
[2018-05-07-23:13:57] [DEBUG] http-outgoing-0 >> "Content-Type: application/json; charset=utf-8[\r][\n]"
[2018-05-07-23:13:57] [DEBUG] http-outgoing-0 >> "Content-Length: 39[\r][\n]"
[2018-05-07-23:13:57] [DEBUG] http-outgoing-0 >> "Host: localhost:38555[\r][\n]"
[2018-05-07-23:13:57] [DEBUG] http-outgoing-0 >> "Connection: Keep-Alive[\r][\n]"
[2018-05-07-23:13:57] [DEBUG] http-outgoing-0 >> "User-Agent: Apache-HttpClient/4.5.3 (Java/1.8.0_151)[\r][\n]"
[2018-05-07-23:13:57] [DEBUG] http-outgoing-0 >> "Accept-Encoding: gzip,deflate[\r][\n]"
[2018-05-07-23:13:57] [DEBUG] http-outgoing-0 >> "[\r][\n]"
[2018-05-07-23:13:57] [DEBUG] http-outgoing-0 >> "{"using":"class name","value":"fl_icn"}"
[2018-05-07-23:13:57] [DEBUG] http-outgoing-0 << "HTTP/1.1 200 OK[\r][\n]"
[2018-05-07-23:13:57] [DEBUG] http-outgoing-0 << "Content-Length:101[\r][\n]"
[2018-05-07-23:13:57] [DEBUG] http-outgoing-0 << "Content-Type:application/json; charset=utf-8[\r][\n]"
[2018-05-07-23:13:57] [DEBUG] http-outgoing-0 << "[\r][\n]"
[2018-05-07-23:13:57] [DEBUG] http-outgoing-0 << "{"sessionId":"f49558bd6e3757e1cd9d6181ce7d5095","status":0,"value":{"ELEMENT":"0.536803052345737-1"}}"
[2018-05-07-23:13:57] [DEBUG] http-outgoing-0 << HTTP/1.1 200 OK
[2018-05-07-23:13:57] [DEBUG] http-outgoing-0 << Content-Length:101
[2018-05-07-23:13:57] [DEBUG] http-outgoing-0 << Content-Type:application/json; charset=utf-8
[2018-05-07-23:13:57] [DEBUG] Connection can be kept alive indefinitely
[2018-05-07-23:13:57] [DEBUG] Connection [id: 0][route: {}->http://localhost:38555] can be kept alive indefinitely
[2018-05-07-23:13:57] [DEBUG] Connection released: [id: 0][route: {}->http://localhost:38555][total kept alive: 1; route allocated: 1 of 2000; total allocated: 1 of 2000]
[2018-05-07-23:13:57] [INFO] 元素找到 class name: fl_icn
[2018-05-07-23:13:57] [DEBUG] CookieSpec selected: default
[2018-05-07-23:13:57] [DEBUG] Auth cache not set in the context
[2018-05-07-23:13:57] [DEBUG] Connection request: [route: {}->http://localhost:38555][total kept alive: 1; route allocated: 1 of 2000; total allocated: 1 of 2000]
[2018-05-07-23:13:57] [DEBUG] Connection leased: [id: 0][route: {}->http://localhost:38555][total kept alive: 0; route allocated: 1 of 2000; total allocated: 1 of 2000]
[2018-05-07-23:13:57] [DEBUG] Stale connection check
[2018-05-07-23:13:57] [DEBUG] http-outgoing-0 << "[read] I/O error: Read timed out"
[2018-05-07-23:13:57] [DEBUG] http-outgoing-0: set socket timeout to 10800000
[2018-05-07-23:13:57] [DEBUG] Executing request POST /session/f49558bd6e3757e1cd9d6181ce7d5095/element/0.536803052345737-1/click HTTP/1.1
[2018-05-07-23:13:57] [DEBUG] Target auth state: UNCHALLENGED
[2018-05-07-23:13:57] [DEBUG] Proxy auth state: UNCHALLENGED
[2018-05-07-23:13:57] [DEBUG] http-outgoing-0 >> POST /session/f49558bd6e3757e1cd9d6181ce7d5095/element/0.536803052345737-1/click HTTP/1.1
[2018-05-07-23:13:57] [DEBUG] http-outgoing-0 >> Content-Type: application/json; charset=utf-8
[2018-05-07-23:13:57] [DEBUG] http-outgoing-0 >> Content-Length: 28
[2018-05-07-23:13:57] [DEBUG] http-outgoing-0 >> Host: localhost:38555
[2018-05-07-23:13:57] [DEBUG] http-outgoing-0 >> Connection: Keep-Alive
[2018-05-07-23:13:57] [DEBUG] http-outgoing-0 >> User-Agent: Apache-HttpClient/4.5.3 (Java/1.8.0_151)
[2018-05-07-23:13:57] [DEBUG] http-outgoing-0 >> Accept-Encoding: gzip,deflate
[2018-05-07-23:13:57] [DEBUG] http-outgoing-0 >> "POST /session/f49558bd6e3757e1cd9d6181ce7d5095/element/0.536803052345737-1/click HTTP/1.1[\r][\n]"
[2018-05-07-23:13:57] [DEBUG] http-outgoing-0 >> "Content-Type: application/json; charset=utf-8[\r][\n]"
[2018-05-07-23:13:57] [DEBUG] http-outgoing-0 >> "Content-Length: 28[\r][\n]"
[2018-05-07-23:13:57] [DEBUG] http-outgoing-0 >> "Host: localhost:38555[\r][\n]"
[2018-05-07-23:13:57] [DEBUG] http-outgoing-0 >> "Connection: Keep-Alive[\r][\n]"
[2018-05-07-23:13:57] [DEBUG] http-outgoing-0 >> "User-Agent: Apache-HttpClient/4.5.3 (Java/1.8.0_151)[\r][\n]"
[2018-05-07-23:13:57] [DEBUG] http-outgoing-0 >> "Accept-Encoding: gzip,deflate[\r][\n]"
[2018-05-07-23:13:57] [DEBUG] http-outgoing-0 >> "[\r][\n]"
[2018-05-07-23:13:57] [DEBUG] http-outgoing-0 >> "{"id":"0.536803052345737-1"}"
[2018-05-07-23:13:58] [DEBUG] http-outgoing-0 << "HTTP/1.1 200 OK[\r][\n]"
[2018-05-07-23:13:58] [DEBUG] http-outgoing-0 << "Content-Length:72[\r][\n]"
[2018-05-07-23:13:58] [DEBUG] http-outgoing-0 << "Content-Type:application/json; charset=utf-8[\r][\n]"
[2018-05-07-23:13:58] [DEBUG] http-outgoing-0 << "[\r][\n]"
[2018-05-07-23:13:58] [DEBUG] http-outgoing-0 << "{"sessionId":"f49558bd6e3757e1cd9d6181ce7d5095","status":0,"value":null}"
[2018-05-07-23:13:58] [DEBUG] http-outgoing-0 << HTTP/1.1 200 OK
[2018-05-07-23:13:58] [DEBUG] http-outgoing-0 << Content-Length:72
[2018-05-07-23:13:58] [DEBUG] http-outgoing-0 << Content-Type:application/json; charset=utf-8
[2018-05-07-23:13:58] [DEBUG] Connection can be kept alive indefinitely
[2018-05-07-23:13:58] [DEBUG] Connection [id: 0][route: {}->http://localhost:38555] can be kept alive indefinitely
[2018-05-07-23:13:58] [DEBUG] Connection released: [id: 0][route: {}->http://localhost:38555][total kept alive: 1; route allocated: 1 of 2000; total allocated: 1 of 2000]
[2018-05-07-23:13:58] [INFO] 已点击加载
[2018-05-07-23:13:58] [DEBUG] CookieSpec selected: default
[2018-05-07-23:13:58] [DEBUG] Auth cache not set in the context
[2018-05-07-23:13:58] [DEBUG] Connection request: [route: {}->http://localhost:38555][total kept alive: 1; route allocated: 1 of 2000; total allocated: 1 of 2000]
[2018-05-07-23:13:58] [DEBUG] Connection leased: [id: 0][route: {}->http://localhost:38555][total kept alive: 0; route allocated: 1 of 2000; total allocated: 1 of 2000]
[2018-05-07-23:13:58] [DEBUG] Stale connection check
[2018-05-07-23:13:58] [DEBUG] http-outgoing-0 << "[read] I/O error: Read timed out"
[2018-05-07-23:13:58] [DEBUG] http-outgoing-0: set socket timeout to 10800000
[2018-05-07-23:13:58] [DEBUG] Executing request POST /session/f49558bd6e3757e1cd9d6181ce7d5095/element HTTP/1.1
[2018-05-07-23:13:58] [DEBUG] Target auth state: UNCHALLENGED
[2018-05-07-23:13:58] [DEBUG] Proxy auth state: UNCHALLENGED
[2018-05-07-23:13:58] [DEBUG] http-outgoing-0 >> POST /session/f49558bd6e3757e1cd9d6181ce7d5095/element HTTP/1.1
[2018-05-07-23:13:58] [DEBUG] http-outgoing-0 >> Content-Type: application/json; charset=utf-8
[2018-05-07-23:13:58] [DEBUG] http-outgoing-0 >> Content-Length: 32
[2018-05-07-23:13:58] [DEBUG] http-outgoing-0 >> Host: localhost:38555
[2018-05-07-23:13:58] [DEBUG] http-outgoing-0 >> Connection: Keep-Alive
[2018-05-07-23:13:58] [DEBUG] http-outgoing-0 >> User-Agent: Apache-HttpClient/4.5.3 (Java/1.8.0_151)
[2018-05-07-23:13:58] [DEBUG] http-outgoing-0 >> Accept-Encoding: gzip,deflate
[2018-05-07-23:13:58] [DEBUG] http-outgoing-0 >> "POST /session/f49558bd6e3757e1cd9d6181ce7d5095/element HTTP/1.1[\r][\n]"
[2018-05-07-23:13:58] [DEBUG] http-outgoing-0 >> "Content-Type: application/json; charset=utf-8[\r][\n]"
[2018-05-07-23:13:58] [DEBUG] http-outgoing-0 >> "Content-Length: 32[\r][\n]"
[2018-05-07-23:13:58] [DEBUG] http-outgoing-0 >> "Host: localhost:38555[\r][\n]"
[2018-05-07-23:13:58] [DEBUG] http-outgoing-0 >> "Connection: Keep-Alive[\r][\n]"
[2018-05-07-23:13:58] [DEBUG] http-outgoing-0 >> "User-Agent: Apache-HttpClient/4.5.3 (Java/1.8.0_151)[\r][\n]"
[2018-05-07-23:13:58] [DEBUG] http-outgoing-0 >> "Accept-Encoding: gzip,deflate[\r][\n]"
[2018-05-07-23:13:58] [DEBUG] http-outgoing-0 >> "[\r][\n]"
[2018-05-07-23:13:58] [DEBUG] http-outgoing-0 >> "{"using":"id","value":"subject"}"
[2018-05-07-23:13:58] [DEBUG] http-outgoing-0 << "HTTP/1.1 200 OK[\r][\n]"
[2018-05-07-23:13:58] [DEBUG] http-outgoing-0 << "Content-Length:103[\r][\n]"
[2018-05-07-23:13:58] [DEBUG] http-outgoing-0 << "Content-Type:application/json; charset=utf-8[\r][\n]"
[2018-05-07-23:13:58] [DEBUG] http-outgoing-0 << "[\r][\n]"
[2018-05-07-23:13:58] [DEBUG] http-outgoing-0 << "{"sessionId":"f49558bd6e3757e1cd9d6181ce7d5095","status":0,"value":{"ELEMENT":"0.25842716113083486-1"}}"
[2018-05-07-23:13:58] [DEBUG] http-outgoing-0 << HTTP/1.1 200 OK
[2018-05-07-23:13:58] [DEBUG] http-outgoing-0 << Content-Length:103
[2018-05-07-23:13:58] [DEBUG] http-outgoing-0 << Content-Type:application/json; charset=utf-8
[2018-05-07-23:13:58] [DEBUG] Connection can be kept alive indefinitely
[2018-05-07-23:13:58] [DEBUG] Connection [id: 0][route: {}->http://localhost:38555] can be kept alive indefinitely
[2018-05-07-23:13:58] [DEBUG] Connection released: [id: 0][route: {}->http://localhost:38555][total kept alive: 1; route allocated: 1 of 2000; total allocated: 1 of 2000]
[2018-05-07-23:13:58] [INFO] 元素找到 id: subject
[2018-05-07-23:13:58] [DEBUG] CookieSpec selected: default
[2018-05-07-23:13:58] [DEBUG] Auth cache not set in the context
[2018-05-07-23:13:58] [DEBUG] Connection request: [route: {}->http://localhost:38555][total kept alive: 1; route allocated: 1 of 2000; total allocated: 1 of 2000]
[2018-05-07-23:13:58] [DEBUG] Connection leased: [id: 0][route: {}->http://localhost:38555][total kept alive: 0; route allocated: 1 of 2000; total allocated: 1 of 2000]
[2018-05-07-23:13:58] [DEBUG] Stale connection check
[2018-05-07-23:13:58] [DEBUG] http-outgoing-0 << "[read] I/O error: Read timed out"
[2018-05-07-23:13:58] [DEBUG] http-outgoing-0: set socket timeout to 10800000
[2018-05-07-23:13:58] [DEBUG] Executing request POST /session/f49558bd6e3757e1cd9d6181ce7d5095/element HTTP/1.1
[2018-05-07-23:13:58] [DEBUG] Target auth state: UNCHALLENGED
[2018-05-07-23:13:58] [DEBUG] Proxy auth state: UNCHALLENGED
[2018-05-07-23:13:58] [DEBUG] http-outgoing-0 >> POST /session/f49558bd6e3757e1cd9d6181ce7d5095/element HTTP/1.1
[2018-05-07-23:13:58] [DEBUG] http-outgoing-0 >> Content-Type: application/json; charset=utf-8
[2018-05-07-23:13:58] [DEBUG] http-outgoing-0 >> Content-Length: 32
[2018-05-07-23:13:58] [DEBUG] http-outgoing-0 >> Host: localhost:38555
[2018-05-07-23:13:58] [DEBUG] http-outgoing-0 >> Connection: Keep-Alive
[2018-05-07-23:13:58] [DEBUG] http-outgoing-0 >> User-Agent: Apache-HttpClient/4.5.3 (Java/1.8.0_151)
[2018-05-07-23:13:58] [DEBUG] http-outgoing-0 >> Accept-Encoding: gzip,deflate
[2018-05-07-23:13:58] [DEBUG] http-outgoing-0 >> "POST /session/f49558bd6e3757e1cd9d6181ce7d5095/element HTTP/1.1[\r][\n]"
[2018-05-07-23:13:58] [DEBUG] http-outgoing-0 >> "Content-Type: application/json; charset=utf-8[\r][\n]"
[2018-05-07-23:13:58] [DEBUG] http-outgoing-0 >> "Content-Length: 32[\r][\n]"
[2018-05-07-23:13:58] [DEBUG] http-outgoing-0 >> "Host: localhost:38555[\r][\n]"
[2018-05-07-23:13:58] [DEBUG] http-outgoing-0 >> "Connection: Keep-Alive[\r][\n]"
[2018-05-07-23:13:58] [DEBUG] http-outgoing-0 >> "User-Agent: Apache-HttpClient/4.5.3 (Java/1.8.0_151)[\r][\n]"
[2018-05-07-23:13:58] [DEBUG] http-outgoing-0 >> "Accept-Encoding: gzip,deflate[\r][\n]"
[2018-05-07-23:13:58] [DEBUG] http-outgoing-0 >> "[\r][\n]"
[2018-05-07-23:13:58] [DEBUG] http-outgoing-0 >> "{"using":"id","value":"subject"}"
[2018-05-07-23:13:58] [DEBUG] http-outgoing-0 << "HTTP/1.1 200 OK[\r][\n]"
[2018-05-07-23:13:58] [DEBUG] http-outgoing-0 << "Content-Length:103[\r][\n]"
[2018-05-07-23:13:58] [DEBUG] http-outgoing-0 << "Content-Type:application/json; charset=utf-8[\r][\n]"
[2018-05-07-23:13:58] [DEBUG] http-outgoing-0 << "[\r][\n]"
[2018-05-07-23:13:58] [DEBUG] http-outgoing-0 << "{"sessionId":"f49558bd6e3757e1cd9d6181ce7d5095","status":0,"value":{"ELEMENT":"0.25842716113083486-1"}}"
[2018-05-07-23:13:58] [DEBUG] http-outgoing-0 << HTTP/1.1 200 OK
[2018-05-07-23:13:58] [DEBUG] http-outgoing-0 << Content-Length:103
[2018-05-07-23:13:58] [DEBUG] http-outgoing-0 << Content-Type:application/json; charset=utf-8
[2018-05-07-23:13:58] [DEBUG] Connection can be kept alive indefinitely
[2018-05-07-23:13:58] [DEBUG] Connection [id: 0][route: {}->http://localhost:38555] can be kept alive indefinitely
[2018-05-07-23:13:58] [DEBUG] Connection released: [id: 0][route: {}->http://localhost:38555][total kept alive: 1; route allocated: 1 of 2000; total allocated: 1 of 2000]
[2018-05-07-23:13:58] [INFO] 元素找到 id: subject
[2018-05-07-23:13:58] [DEBUG] CookieSpec selected: default
[2018-05-07-23:13:58] [DEBUG] Auth cache not set in the context
[2018-05-07-23:13:58] [DEBUG] Connection request: [route: {}->http://localhost:38555][total kept alive: 1; route allocated: 1 of 2000; total allocated: 1 of 2000]
[2018-05-07-23:13:58] [DEBUG] Connection leased: [id: 0][route: {}->http://localhost:38555][total kept alive: 0; route allocated: 1 of 2000; total allocated: 1 of 2000]
[2018-05-07-23:13:58] [DEBUG] Stale connection check
[2018-05-07-23:13:58] [DEBUG] http-outgoing-0 << "[read] I/O error: Read timed out"
[2018-05-07-23:13:58] [DEBUG] http-outgoing-0: set socket timeout to 10800000
[2018-05-07-23:13:58] [DEBUG] Executing request POST /session/f49558bd6e3757e1cd9d6181ce7d5095/element/0.25842716113083486-1/clear HTTP/1.1
[2018-05-07-23:13:58] [DEBUG] Target auth state: UNCHALLENGED
[2018-05-07-23:13:58] [DEBUG] Proxy auth state: UNCHALLENGED
[2018-05-07-23:13:58] [DEBUG] http-outgoing-0 >> POST /session/f49558bd6e3757e1cd9d6181ce7d5095/element/0.25842716113083486-1/clear HTTP/1.1
[2018-05-07-23:13:58] [DEBUG] http-outgoing-0 >> Content-Type: application/json; charset=utf-8
[2018-05-07-23:13:58] [DEBUG] http-outgoing-0 >> Content-Length: 30
[2018-05-07-23:13:58] [DEBUG] http-outgoing-0 >> Host: localhost:38555
[2018-05-07-23:13:58] [DEBUG] http-outgoing-0 >> Connection: Keep-Alive
[2018-05-07-23:13:58] [DEBUG] http-outgoing-0 >> User-Agent: Apache-HttpClient/4.5.3 (Java/1.8.0_151)
[2018-05-07-23:13:58] [DEBUG] http-outgoing-0 >> Accept-Encoding: gzip,deflate
[2018-05-07-23:13:58] [DEBUG] http-outgoing-0 >> "POST /session/f49558bd6e3757e1cd9d6181ce7d5095/element/0.25842716113083486-1/clear HTTP/1.1[\r][\n]"
[2018-05-07-23:13:58] [DEBUG] http-outgoing-0 >> "Content-Type: application/json; charset=utf-8[\r][\n]"
[2018-05-07-23:13:58] [DEBUG] http-outgoing-0 >> "Content-Length: 30[\r][\n]"
[2018-05-07-23:13:58] [DEBUG] http-outgoing-0 >> "Host: localhost:38555[\r][\n]"
[2018-05-07-23:13:58] [DEBUG] http-outgoing-0 >> "Connection: Keep-Alive[\r][\n]"
[2018-05-07-23:13:58] [DEBUG] http-outgoing-0 >> "User-Agent: Apache-HttpClient/4.5.3 (Java/1.8.0_151)[\r][\n]"
[2018-05-07-23:13:58] [DEBUG] http-outgoing-0 >> "Accept-Encoding: gzip,deflate[\r][\n]"
[2018-05-07-23:13:58] [DEBUG] http-outgoing-0 >> "[\r][\n]"
[2018-05-07-23:13:58] [DEBUG] http-outgoing-0 >> "{"id":"0.25842716113083486-1"}"
[2018-05-07-23:13:58] [DEBUG] http-outgoing-0 << "HTTP/1.1 200 OK[\r][\n]"
[2018-05-07-23:13:58] [DEBUG] http-outgoing-0 << "Content-Length:72[\r][\n]"
[2018-05-07-23:13:58] [DEBUG] http-outgoing-0 << "Content-Type:application/json; charset=utf-8[\r][\n]"
[2018-05-07-23:13:58] [DEBUG] http-outgoing-0 << "[\r][\n]"
[2018-05-07-23:13:58] [DEBUG] http-outgoing-0 << "{"sessionId":"f49558bd6e3757e1cd9d6181ce7d5095","status":0,"value":null}"
[2018-05-07-23:13:58] [DEBUG] http-outgoing-0 << HTTP/1.1 200 OK
[2018-05-07-23:13:58] [DEBUG] http-outgoing-0 << Content-Length:72
[2018-05-07-23:13:58] [DEBUG] http-outgoing-0 << Content-Type:application/json; charset=utf-8
[2018-05-07-23:13:58] [DEBUG] Connection can be kept alive indefinitely
[2018-05-07-23:13:58] [DEBUG] Connection [id: 0][route: {}->http://localhost:38555] can be kept alive indefinitely
[2018-05-07-23:13:58] [DEBUG] Connection released: [id: 0][route: {}->http://localhost:38555][total kept alive: 1; route allocated: 1 of 2000; total allocated: 1 of 2000]
[2018-05-07-23:13:58] [INFO] 已清除[[ChromeDriver: chrome on WIN8_1 (f49558bd6e3757e1cd9d6181ce7d5095)] -> id: subject内容
[2018-05-07-23:13:58] [DEBUG] CookieSpec selected: default
[2018-05-07-23:13:58] [DEBUG] Auth cache not set in the context
[2018-05-07-23:13:58] [DEBUG] Connection request: [route: {}->http://localhost:38555][total kept alive: 1; route allocated: 1 of 2000; total allocated: 1 of 2000]
[2018-05-07-23:13:58] [DEBUG] Connection leased: [id: 0][route: {}->http://localhost:38555][total kept alive: 0; route allocated: 1 of 2000; total allocated: 1 of 2000]
[2018-05-07-23:13:58] [DEBUG] Stale connection check
[2018-05-07-23:13:58] [DEBUG] http-outgoing-0 << "[read] I/O error: Read timed out"
[2018-05-07-23:13:58] [DEBUG] http-outgoing-0: set socket timeout to 10800000
[2018-05-07-23:13:58] [DEBUG] Executing request POST /session/f49558bd6e3757e1cd9d6181ce7d5095/element/0.25842716113083486-1/value HTTP/1.1
[2018-05-07-23:13:58] [DEBUG] Target auth state: UNCHALLENGED
[2018-05-07-23:13:58] [DEBUG] Proxy auth state: UNCHALLENGED
[2018-05-07-23:13:58] [DEBUG] http-outgoing-0 >> POST /session/f49558bd6e3757e1cd9d6181ce7d5095/element/0.25842716113083486-1/value HTTP/1.1
[2018-05-07-23:13:58] [DEBUG] http-outgoing-0 >> Content-Type: application/json; charset=utf-8
[2018-05-07-23:13:58] [DEBUG] http-outgoing-0 >> Content-Length: 53
[2018-05-07-23:13:58] [DEBUG] http-outgoing-0 >> Host: localhost:38555
[2018-05-07-23:13:58] [DEBUG] http-outgoing-0 >> Connection: Keep-Alive
[2018-05-07-23:13:58] [DEBUG] http-outgoing-0 >> User-Agent: Apache-HttpClient/4.5.3 (Java/1.8.0_151)
[2018-05-07-23:13:58] [DEBUG] http-outgoing-0 >> Accept-Encoding: gzip,deflate
[2018-05-07-23:13:58] [DEBUG] http-outgoing-0 >> "POST /session/f49558bd6e3757e1cd9d6181ce7d5095/element/0.25842716113083486-1/value HTTP/1.1[\r][\n]"
[2018-05-07-23:13:58] [DEBUG] http-outgoing-0 >> "Content-Type: application/json; charset=utf-8[\r][\n]"
[2018-05-07-23:13:58] [DEBUG] http-outgoing-0 >> "Content-Length: 53[\r][\n]"
[2018-05-07-23:13:58] [DEBUG] http-outgoing-0 >> "Host: localhost:38555[\r][\n]"
[2018-05-07-23:13:58] [DEBUG] http-outgoing-0 >> "Connection: Keep-Alive[\r][\n]"
[2018-05-07-23:13:58] [DEBUG] http-outgoing-0 >> "User-Agent: Apache-HttpClient/4.5.3 (Java/1.8.0_151)[\r][\n]"
[2018-05-07-23:13:58] [DEBUG] http-outgoing-0 >> "Accept-Encoding: gzip,deflate[\r][\n]"
[2018-05-07-23:13:58] [DEBUG] http-outgoing-0 >> "[\r][\n]"
[2018-05-07-23:13:58] [DEBUG] http-outgoing-0 >> "{"id":"0.25842716113083486-1","value":["chenjiewei"]}"
[2018-05-07-23:13:58] [DEBUG] http-outgoing-0 << "HTTP/1.1 200 OK[\r][\n]"
[2018-05-07-23:13:58] [DEBUG] http-outgoing-0 << "Content-Length:72[\r][\n]"
[2018-05-07-23:13:58] [DEBUG] http-outgoing-0 << "Content-Type:application/json; charset=utf-8[\r][\n]"
[2018-05-07-23:13:58] [DEBUG] http-outgoing-0 << "[\r][\n]"
[2018-05-07-23:13:58] [DEBUG] http-outgoing-0 << "{"sessionId":"f49558bd6e3757e1cd9d6181ce7d5095","status":0,"value":null}"
[2018-05-07-23:13:58] [DEBUG] http-outgoing-0 << HTTP/1.1 200 OK
[2018-05-07-23:13:58] [DEBUG] http-outgoing-0 << Content-Length:72
[2018-05-07-23:13:58] [DEBUG] http-outgoing-0 << Content-Type:application/json; charset=utf-8
[2018-05-07-23:13:58] [DEBUG] Connection can be kept alive indefinitely
[2018-05-07-23:13:58] [DEBUG] Connection [id: 0][route: {}->http://localhost:38555] can be kept alive indefinitely
[2018-05-07-23:13:58] [DEBUG] Connection released: [id: 0][route: {}->http://localhost:38555][total kept alive: 1; route allocated: 1 of 2000; total allocated: 1 of 2000]
[2018-05-07-23:13:58] [INFO] 输入[[ChromeDriver: chrome on WIN8_1 (f49558bd6e3757e1cd9d6181ce7d5095)] -> id: subject
[2018-05-07-23:13:58] [DEBUG] CookieSpec selected: default
[2018-05-07-23:13:58] [DEBUG] Auth cache not set in the context
[2018-05-07-23:13:58] [DEBUG] Connection request: [route: {}->http://localhost:38555][total kept alive: 1; route allocated: 1 of 2000; total allocated: 1 of 2000]
[2018-05-07-23:13:58] [DEBUG] Connection leased: [id: 0][route: {}->http://localhost:38555][total kept alive: 0; route allocated: 1 of 2000; total allocated: 1 of 2000]
[2018-05-07-23:13:58] [DEBUG] Stale connection check
[2018-05-07-23:13:58] [DEBUG] http-outgoing-0 << "[read] I/O error: Read timed out"
[2018-05-07-23:13:58] [DEBUG] http-outgoing-0: set socket timeout to 10800000
[2018-05-07-23:13:58] [DEBUG] Executing request POST /session/f49558bd6e3757e1cd9d6181ce7d5095/element HTTP/1.1
[2018-05-07-23:13:58] [DEBUG] Target auth state: UNCHALLENGED
[2018-05-07-23:13:58] [DEBUG] Proxy auth state: UNCHALLENGED
[2018-05-07-23:13:58] [DEBUG] http-outgoing-0 >> POST /session/f49558bd6e3757e1cd9d6181ce7d5095/element HTTP/1.1
[2018-05-07-23:13:58] [DEBUG] http-outgoing-0 >> Content-Type: application/json; charset=utf-8
[2018-05-07-23:13:58] [DEBUG] http-outgoing-0 >> Content-Length: 40
[2018-05-07-23:13:58] [DEBUG] http-outgoing-0 >> Host: localhost:38555
[2018-05-07-23:13:58] [DEBUG] http-outgoing-0 >> Connection: Keep-Alive
[2018-05-07-23:13:58] [DEBUG] http-outgoing-0 >> User-Agent: Apache-HttpClient/4.5.3 (Java/1.8.0_151)
[2018-05-07-23:13:58] [DEBUG] http-outgoing-0 >> Accept-Encoding: gzip,deflate
[2018-05-07-23:13:58] [DEBUG] http-outgoing-0 >> "POST /session/f49558bd6e3757e1cd9d6181ce7d5095/element HTTP/1.1[\r][\n]"
[2018-05-07-23:13:58] [DEBUG] http-outgoing-0 >> "Content-Type: application/json; charset=utf-8[\r][\n]"
[2018-05-07-23:13:58] [DEBUG] http-outgoing-0 >> "Content-Length: 40[\r][\n]"
[2018-05-07-23:13:58] [DEBUG] http-outgoing-0 >> "Host: localhost:38555[\r][\n]"
[2018-05-07-23:13:58] [DEBUG] http-outgoing-0 >> "Connection: Keep-Alive[\r][\n]"
[2018-05-07-23:13:58] [DEBUG] http-outgoing-0 >> "User-Agent: Apache-HttpClient/4.5.3 (Java/1.8.0_151)[\r][\n]"
[2018-05-07-23:13:58] [DEBUG] http-outgoing-0 >> "Accept-Encoding: gzip,deflate[\r][\n]"
[2018-05-07-23:13:58] [DEBUG] http-outgoing-0 >> "[\r][\n]"
[2018-05-07-23:13:58] [DEBUG] http-outgoing-0 >> "{"using":"id","value":"fastpostmessage"}"
[2018-05-07-23:13:58] [DEBUG] http-outgoing-0 << "HTTP/1.1 200 OK[\r][\n]"
[2018-05-07-23:13:58] [DEBUG] http-outgoing-0 << "Content-Length:103[\r][\n]"
[2018-05-07-23:13:58] [DEBUG] http-outgoing-0 << "Content-Type:application/json; charset=utf-8[\r][\n]"
[2018-05-07-23:13:58] [DEBUG] http-outgoing-0 << "[\r][\n]"
[2018-05-07-23:13:58] [DEBUG] http-outgoing-0 << "{"sessionId":"f49558bd6e3757e1cd9d6181ce7d5095","status":0,"value":{"ELEMENT":"0.25842716113083486-2"}}"
[2018-05-07-23:13:58] [DEBUG] http-outgoing-0 << HTTP/1.1 200 OK
[2018-05-07-23:13:58] [DEBUG] http-outgoing-0 << Content-Length:103
[2018-05-07-23:13:58] [DEBUG] http-outgoing-0 << Content-Type:application/json; charset=utf-8
[2018-05-07-23:13:58] [DEBUG] Connection can be kept alive indefinitely
[2018-05-07-23:13:58] [DEBUG] Connection [id: 0][route: {}->http://localhost:38555] can be kept alive indefinitely
[2018-05-07-23:13:58] [DEBUG] Connection released: [id: 0][route: {}->http://localhost:38555][total kept alive: 1; route allocated: 1 of 2000; total allocated: 1 of 2000]
[2018-05-07-23:13:58] [INFO] 元素找到 id: fastpostmessage
[2018-05-07-23:13:58] [DEBUG] CookieSpec selected: default
[2018-05-07-23:13:58] [DEBUG] Auth cache not set in the context
[2018-05-07-23:13:58] [DEBUG] Connection request: [route: {}->http://localhost:38555][total kept alive: 1; route allocated: 1 of 2000; total allocated: 1 of 2000]
[2018-05-07-23:13:58] [DEBUG] Connection leased: [id: 0][route: {}->http://localhost:38555][total kept alive: 0; route allocated: 1 of 2000; total allocated: 1 of 2000]
[2018-05-07-23:13:58] [DEBUG] Stale connection check
[2018-05-07-23:13:58] [DEBUG] http-outgoing-0 << "[read] I/O error: Read timed out"
[2018-05-07-23:13:58] [DEBUG] http-outgoing-0: set socket timeout to 10800000
[2018-05-07-23:13:58] [DEBUG] Executing request POST /session/f49558bd6e3757e1cd9d6181ce7d5095/element HTTP/1.1
[2018-05-07-23:13:58] [DEBUG] Target auth state: UNCHALLENGED
[2018-05-07-23:13:58] [DEBUG] Proxy auth state: UNCHALLENGED
[2018-05-07-23:13:58] [DEBUG] http-outgoing-0 >> POST /session/f49558bd6e3757e1cd9d6181ce7d5095/element HTTP/1.1
[2018-05-07-23:13:58] [DEBUG] http-outgoing-0 >> Content-Type: application/json; charset=utf-8
[2018-05-07-23:13:58] [DEBUG] http-outgoing-0 >> Content-Length: 40
[2018-05-07-23:13:58] [DEBUG] http-outgoing-0 >> Host: localhost:38555
[2018-05-07-23:13:58] [DEBUG] http-outgoing-0 >> Connection: Keep-Alive
[2018-05-07-23:13:58] [DEBUG] http-outgoing-0 >> User-Agent: Apache-HttpClient/4.5.3 (Java/1.8.0_151)
[2018-05-07-23:13:58] [DEBUG] http-outgoing-0 >> Accept-Encoding: gzip,deflate
[2018-05-07-23:13:58] [DEBUG] http-outgoing-0 >> "POST /session/f49558bd6e3757e1cd9d6181ce7d5095/element HTTP/1.1[\r][\n]"
[2018-05-07-23:13:58] [DEBUG] http-outgoing-0 >> "Content-Type: application/json; charset=utf-8[\r][\n]"
[2018-05-07-23:13:58] [DEBUG] http-outgoing-0 >> "Content-Length: 40[\r][\n]"
[2018-05-07-23:13:58] [DEBUG] http-outgoing-0 >> "Host: localhost:38555[\r][\n]"
[2018-05-07-23:13:58] [DEBUG] http-outgoing-0 >> "Connection: Keep-Alive[\r][\n]"
[2018-05-07-23:13:58] [DEBUG] http-outgoing-0 >> "User-Agent: Apache-HttpClient/4.5.3 (Java/1.8.0_151)[\r][\n]"
[2018-05-07-23:13:58] [DEBUG] http-outgoing-0 >> "Accept-Encoding: gzip,deflate[\r][\n]"
[2018-05-07-23:13:58] [DEBUG] http-outgoing-0 >> "[\r][\n]"
[2018-05-07-23:13:58] [DEBUG] http-outgoing-0 >> "{"using":"id","value":"fastpostmessage"}"
[2018-05-07-23:13:58] [DEBUG] http-outgoing-0 << "HTTP/1.1 200 OK[\r][\n]"
[2018-05-07-23:13:58] [DEBUG] http-outgoing-0 << "Content-Length:103[\r][\n]"
[2018-05-07-23:13:58] [DEBUG] http-outgoing-0 << "Content-Type:application/json; charset=utf-8[\r][\n]"
[2018-05-07-23:13:58] [DEBUG] http-outgoing-0 << "[\r][\n]"
[2018-05-07-23:13:58] [DEBUG] http-outgoing-0 << "{"sessionId":"f49558bd6e3757e1cd9d6181ce7d5095","status":0,"value":{"ELEMENT":"0.25842716113083486-2"}}"
[2018-05-07-23:13:58] [DEBUG] http-outgoing-0 << HTTP/1.1 200 OK
[2018-05-07-23:13:58] [DEBUG] http-outgoing-0 << Content-Length:103
[2018-05-07-23:13:58] [DEBUG] http-outgoing-0 << Content-Type:application/json; charset=utf-8
[2018-05-07-23:13:58] [DEBUG] Connection can be kept alive indefinitely
[2018-05-07-23:13:58] [DEBUG] Connection [id: 0][route: {}->http://localhost:38555] can be kept alive indefinitely
[2018-05-07-23:13:58] [DEBUG] Connection released: [id: 0][route: {}->http://localhost:38555][total kept alive: 1; route allocated: 1 of 2000; total allocated: 1 of 2000]
[2018-05-07-23:13:58] [INFO] 元素找到 id: fastpostmessage
[2018-05-07-23:13:58] [DEBUG] CookieSpec selected: default
[2018-05-07-23:13:58] [DEBUG] Auth cache not set in the context
[2018-05-07-23:13:58] [DEBUG] Connection request: [route: {}->http://localhost:38555][total kept alive: 1; route allocated: 1 of 2000; total allocated: 1 of 2000]
[2018-05-07-23:13:58] [DEBUG] Connection leased: [id: 0][route: {}->http://localhost:38555][total kept alive: 0; route allocated: 1 of 2000; total allocated: 1 of 2000]
[2018-05-07-23:13:58] [DEBUG] Stale connection check
[2018-05-07-23:13:58] [DEBUG] http-outgoing-0 << "[read] I/O error: Read timed out"
[2018-05-07-23:13:58] [DEBUG] http-outgoing-0: set socket timeout to 10800000
[2018-05-07-23:13:58] [DEBUG] Executing request POST /session/f49558bd6e3757e1cd9d6181ce7d5095/element/0.25842716113083486-2/clear HTTP/1.1
[2018-05-07-23:13:58] [DEBUG] Target auth state: UNCHALLENGED
[2018-05-07-23:13:58] [DEBUG] Proxy auth state: UNCHALLENGED
[2018-05-07-23:13:58] [DEBUG] http-outgoing-0 >> POST /session/f49558bd6e3757e1cd9d6181ce7d5095/element/0.25842716113083486-2/clear HTTP/1.1
[2018-05-07-23:13:58] [DEBUG] http-outgoing-0 >> Content-Type: application/json; charset=utf-8
[2018-05-07-23:13:58] [DEBUG] http-outgoing-0 >> Content-Length: 30
[2018-05-07-23:13:58] [DEBUG] http-outgoing-0 >> Host: localhost:38555
[2018-05-07-23:13:58] [DEBUG] http-outgoing-0 >> Connection: Keep-Alive
[2018-05-07-23:13:58] [DEBUG] http-outgoing-0 >> User-Agent: Apache-HttpClient/4.5.3 (Java/1.8.0_151)
[2018-05-07-23:13:58] [DEBUG] http-outgoing-0 >> Accept-Encoding: gzip,deflate
[2018-05-07-23:13:58] [DEBUG] http-outgoing-0 >> "POST /session/f49558bd6e3757e1cd9d6181ce7d5095/element/0.25842716113083486-2/clear HTTP/1.1[\r][\n]"
[2018-05-07-23:13:58] [DEBUG] http-outgoing-0 >> "Content-Type: application/json; charset=utf-8[\r][\n]"
[2018-05-07-23:13:58] [DEBUG] http-outgoing-0 >> "Content-Length: 30[\r][\n]"
[2018-05-07-23:13:58] [DEBUG] http-outgoing-0 >> "Host: localhost:38555[\r][\n]"
[2018-05-07-23:13:58] [DEBUG] http-outgoing-0 >> "Connection: Keep-Alive[\r][\n]"
[2018-05-07-23:13:58] [DEBUG] http-outgoing-0 >> "User-Agent: Apache-HttpClient/4.5.3 (Java/1.8.0_151)[\r][\n]"
[2018-05-07-23:13:58] [DEBUG] http-outgoing-0 >> "Accept-Encoding: gzip,deflate[\r][\n]"
[2018-05-07-23:13:58] [DEBUG] http-outgoing-0 >> "[\r][\n]"
[2018-05-07-23:13:58] [DEBUG] http-outgoing-0 >> "{"id":"0.25842716113083486-2"}"
[2018-05-07-23:13:58] [DEBUG] http-outgoing-0 << "HTTP/1.1 200 OK[\r][\n]"
[2018-05-07-23:13:58] [DEBUG] http-outgoing-0 << "Content-Length:72[\r][\n]"
[2018-05-07-23:13:58] [DEBUG] http-outgoing-0 << "Content-Type:application/json; charset=utf-8[\r][\n]"
[2018-05-07-23:13:58] [DEBUG] http-outgoing-0 << "[\r][\n]"
[2018-05-07-23:13:58] [DEBUG] http-outgoing-0 << "{"sessionId":"f49558bd6e3757e1cd9d6181ce7d5095","status":0,"value":null}"
[2018-05-07-23:13:58] [DEBUG] http-outgoing-0 << HTTP/1.1 200 OK
[2018-05-07-23:13:58] [DEBUG] http-outgoing-0 << Content-Length:72
[2018-05-07-23:13:58] [DEBUG] http-outgoing-0 << Content-Type:application/json; charset=utf-8
[2018-05-07-23:13:58] [DEBUG] Connection can be kept alive indefinitely
[2018-05-07-23:13:58] [DEBUG] Connection [id: 0][route: {}->http://localhost:38555] can be kept alive indefinitely
[2018-05-07-23:13:58] [DEBUG] Connection released: [id: 0][route: {}->http://localhost:38555][total kept alive: 1; route allocated: 1 of 2000; total allocated: 1 of 2000]
[2018-05-07-23:13:58] [INFO] 已清除[[ChromeDriver: chrome on WIN8_1 (f49558bd6e3757e1cd9d6181ce7d5095)] -> id: fastpostmessage内容
[2018-05-07-23:13:58] [DEBUG] CookieSpec selected: default
[2018-05-07-23:13:58] [DEBUG] Auth cache not set in the context
[2018-05-07-23:13:58] [DEBUG] Connection request: [route: {}->http://localhost:38555][total kept alive: 1; route allocated: 1 of 2000; total allocated: 1 of 2000]
[2018-05-07-23:13:58] [DEBUG] Connection leased: [id: 0][route: {}->http://localhost:38555][total kept alive: 0; route allocated: 1 of 2000; total allocated: 1 of 2000]
[2018-05-07-23:13:58] [DEBUG] Stale connection check
[2018-05-07-23:13:58] [DEBUG] http-outgoing-0 << "[read] I/O error: Read timed out"
[2018-05-07-23:13:58] [DEBUG] http-outgoing-0: set socket timeout to 10800000
[2018-05-07-23:13:58] [DEBUG] Executing request POST /session/f49558bd6e3757e1cd9d6181ce7d5095/element/0.25842716113083486-2/value HTTP/1.1
[2018-05-07-23:13:58] [DEBUG] Target auth state: UNCHALLENGED
[2018-05-07-23:13:58] [DEBUG] Proxy auth state: UNCHALLENGED
[2018-05-07-23:13:58] [DEBUG] http-outgoing-0 >> POST /session/f49558bd6e3757e1cd9d6181ce7d5095/element/0.25842716113083486-2/value HTTP/1.1
[2018-05-07-23:13:58] [DEBUG] http-outgoing-0 >> Content-Type: application/json; charset=utf-8
[2018-05-07-23:13:58] [DEBUG] http-outgoing-0 >> Content-Length: 57
[2018-05-07-23:13:58] [DEBUG] http-outgoing-0 >> Host: localhost:38555
[2018-05-07-23:13:58] [DEBUG] http-outgoing-0 >> Connection: Keep-Alive
[2018-05-07-23:13:58] [DEBUG] http-outgoing-0 >> User-Agent: Apache-HttpClient/4.5.3 (Java/1.8.0_151)
[2018-05-07-23:13:58] [DEBUG] http-outgoing-0 >> Accept-Encoding: gzip,deflate
[2018-05-07-23:13:58] [DEBUG] http-outgoing-0 >> "POST /session/f49558bd6e3757e1cd9d6181ce7d5095/element/0.25842716113083486-2/value HTTP/1.1[\r][\n]"
[2018-05-07-23:13:58] [DEBUG] http-outgoing-0 >> "Content-Type: application/json; charset=utf-8[\r][\n]"
[2018-05-07-23:13:58] [DEBUG] http-outgoing-0 >> "Content-Length: 57[\r][\n]"
[2018-05-07-23:13:58] [DEBUG] http-outgoing-0 >> "Host: localhost:38555[\r][\n]"
[2018-05-07-23:13:58] [DEBUG] http-outgoing-0 >> "Connection: Keep-Alive[\r][\n]"
[2018-05-07-23:13:58] [DEBUG] http-outgoing-0 >> "User-Agent: Apache-HttpClient/4.5.3 (Java/1.8.0_151)[\r][\n]"
[2018-05-07-23:13:58] [DEBUG] http-outgoing-0 >> "Accept-Encoding: gzip,deflate[\r][\n]"
[2018-05-07-23:13:58] [DEBUG] http-outgoing-0 >> "[\r][\n]"
[2018-05-07-23:13:58] [DEBUG] http-outgoing-0 >> "{"id":"0.25842716113083486-2","value":["diyizhangtiezi"]}"
[2018-05-07-23:13:58] [DEBUG] http-outgoing-0 << "HTTP/1.1 200 OK[\r][\n]"
[2018-05-07-23:13:58] [DEBUG] http-outgoing-0 << "Content-Length:72[\r][\n]"
[2018-05-07-23:13:58] [DEBUG] http-outgoing-0 << "Content-Type:application/json; charset=utf-8[\r][\n]"
[2018-05-07-23:13:58] [DEBUG] http-outgoing-0 << "[\r][\n]"
[2018-05-07-23:13:58] [DEBUG] http-outgoing-0 << "{"sessionId":"f49558bd6e3757e1cd9d6181ce7d5095","status":0,"value":null}"
[2018-05-07-23:13:58] [DEBUG] http-outgoing-0 << HTTP/1.1 200 OK
[2018-05-07-23:13:58] [DEBUG] http-outgoing-0 << Content-Length:72
[2018-05-07-23:13:58] [DEBUG] http-outgoing-0 << Content-Type:application/json; charset=utf-8
[2018-05-07-23:13:58] [DEBUG] Connection can be kept alive indefinitely
[2018-05-07-23:13:58] [DEBUG] Connection [id: 0][route: {}->http://localhost:38555] can be kept alive indefinitely
[2018-05-07-23:13:58] [DEBUG] Connection released: [id: 0][route: {}->http://localhost:38555][total kept alive: 1; route allocated: 1 of 2000; total allocated: 1 of 2000]
[2018-05-07-23:13:58] [INFO] 输入[[ChromeDriver: chrome on WIN8_1 (f49558bd6e3757e1cd9d6181ce7d5095)] -> id: fastpostmessage
[2018-05-07-23:13:58] [DEBUG] CookieSpec selected: default
[2018-05-07-23:13:58] [DEBUG] Auth cache not set in the context
[2018-05-07-23:13:58] [DEBUG] Connection request: [route: {}->http://localhost:38555][total kept alive: 1; route allocated: 1 of 2000; total allocated: 1 of 2000]
[2018-05-07-23:13:58] [DEBUG] Connection leased: [id: 0][route: {}->http://localhost:38555][total kept alive: 0; route allocated: 1 of 2000; total allocated: 1 of 2000]
[2018-05-07-23:13:58] [DEBUG] Stale connection check
[2018-05-07-23:13:58] [DEBUG] http-outgoing-0 << "[read] I/O error: Read timed out"
[2018-05-07-23:13:58] [DEBUG] http-outgoing-0: set socket timeout to 10800000
[2018-05-07-23:13:58] [DEBUG] Executing request POST /session/f49558bd6e3757e1cd9d6181ce7d5095/element HTTP/1.1
[2018-05-07-23:13:58] [DEBUG] Target auth state: UNCHALLENGED
[2018-05-07-23:13:58] [DEBUG] Proxy auth state: UNCHALLENGED
[2018-05-07-23:13:58] [DEBUG] http-outgoing-0 >> POST /session/f49558bd6e3757e1cd9d6181ce7d5095/element HTTP/1.1
[2018-05-07-23:13:58] [DEBUG] http-outgoing-0 >> Content-Type: application/json; charset=utf-8
[2018-05-07-23:13:58] [DEBUG] http-outgoing-0 >> Content-Length: 39
[2018-05-07-23:13:58] [DEBUG] http-outgoing-0 >> Host: localhost:38555
[2018-05-07-23:13:58] [DEBUG] http-outgoing-0 >> Connection: Keep-Alive
[2018-05-07-23:13:58] [DEBUG] http-outgoing-0 >> User-Agent: Apache-HttpClient/4.5.3 (Java/1.8.0_151)
[2018-05-07-23:13:58] [DEBUG] http-outgoing-0 >> Accept-Encoding: gzip,deflate
[2018-05-07-23:13:58] [DEBUG] http-outgoing-0 >> "POST /session/f49558bd6e3757e1cd9d6181ce7d5095/element HTTP/1.1[\r][\n]"
[2018-05-07-23:13:58] [DEBUG] http-outgoing-0 >> "Content-Type: application/json; charset=utf-8[\r][\n]"
[2018-05-07-23:13:58] [DEBUG] http-outgoing-0 >> "Content-Length: 39[\r][\n]"
[2018-05-07-23:13:58] [DEBUG] http-outgoing-0 >> "Host: localhost:38555[\r][\n]"
[2018-05-07-23:13:58] [DEBUG] http-outgoing-0 >> "Connection: Keep-Alive[\r][\n]"
[2018-05-07-23:13:58] [DEBUG] http-outgoing-0 >> "User-Agent: Apache-HttpClient/4.5.3 (Java/1.8.0_151)[\r][\n]"
[2018-05-07-23:13:58] [DEBUG] http-outgoing-0 >> "Accept-Encoding: gzip,deflate[\r][\n]"
[2018-05-07-23:13:58] [DEBUG] http-outgoing-0 >> "[\r][\n]"
[2018-05-07-23:13:58] [DEBUG] http-outgoing-0 >> "{"using":"id","value":"fastpostsubmit"}"
[2018-05-07-23:13:58] [DEBUG] http-outgoing-0 << "HTTP/1.1 200 OK[\r][\n]"
[2018-05-07-23:13:58] [DEBUG] http-outgoing-0 << "Content-Length:103[\r][\n]"
[2018-05-07-23:13:58] [DEBUG] http-outgoing-0 << "Content-Type:application/json; charset=utf-8[\r][\n]"
[2018-05-07-23:13:58] [DEBUG] http-outgoing-0 << "[\r][\n]"
[2018-05-07-23:13:58] [DEBUG] http-outgoing-0 << "{"sessionId":"f49558bd6e3757e1cd9d6181ce7d5095","status":0,"value":{"ELEMENT":"0.25842716113083486-3"}}"
[2018-05-07-23:13:58] [DEBUG] http-outgoing-0 << HTTP/1.1 200 OK
[2018-05-07-23:13:58] [DEBUG] http-outgoing-0 << Content-Length:103
[2018-05-07-23:13:58] [DEBUG] http-outgoing-0 << Content-Type:application/json; charset=utf-8
[2018-05-07-23:13:58] [DEBUG] Connection can be kept alive indefinitely
[2018-05-07-23:13:58] [DEBUG] Connection [id: 0][route: {}->http://localhost:38555] can be kept alive indefinitely
[2018-05-07-23:13:58] [DEBUG] Connection released: [id: 0][route: {}->http://localhost:38555][total kept alive: 1; route allocated: 1 of 2000; total allocated: 1 of 2000]
[2018-05-07-23:13:58] [INFO] 元素找到 id: fastpostsubmit
[2018-05-07-23:13:58] [DEBUG] CookieSpec selected: default
[2018-05-07-23:13:58] [DEBUG] Auth cache not set in the context
[2018-05-07-23:13:58] [DEBUG] Connection request: [route: {}->http://localhost:38555][total kept alive: 1; route allocated: 1 of 2000; total allocated: 1 of 2000]
[2018-05-07-23:13:58] [DEBUG] Connection leased: [id: 0][route: {}->http://localhost:38555][total kept alive: 0; route allocated: 1 of 2000; total allocated: 1 of 2000]
[2018-05-07-23:13:58] [DEBUG] Stale connection check
[2018-05-07-23:13:58] [DEBUG] http-outgoing-0 << "[read] I/O error: Read timed out"
[2018-05-07-23:13:58] [DEBUG] http-outgoing-0: set socket timeout to 10800000
[2018-05-07-23:13:58] [DEBUG] Executing request POST /session/f49558bd6e3757e1cd9d6181ce7d5095/element/0.25842716113083486-3/click HTTP/1.1
[2018-05-07-23:13:58] [DEBUG] Target auth state: UNCHALLENGED
[2018-05-07-23:13:58] [DEBUG] Proxy auth state: UNCHALLENGED
[2018-05-07-23:13:58] [DEBUG] http-outgoing-0 >> POST /session/f49558bd6e3757e1cd9d6181ce7d5095/element/0.25842716113083486-3/click HTTP/1.1
[2018-05-07-23:13:58] [DEBUG] http-outgoing-0 >> Content-Type: application/json; charset=utf-8
[2018-05-07-23:13:58] [DEBUG] http-outgoing-0 >> Content-Length: 30
[2018-05-07-23:13:58] [DEBUG] http-outgoing-0 >> Host: localhost:38555
[2018-05-07-23:13:58] [DEBUG] http-outgoing-0 >> Connection: Keep-Alive
[2018-05-07-23:13:58] [DEBUG] http-outgoing-0 >> User-Agent: Apache-HttpClient/4.5.3 (Java/1.8.0_151)
[2018-05-07-23:13:58] [DEBUG] http-outgoing-0 >> Accept-Encoding: gzip,deflate
[2018-05-07-23:13:58] [DEBUG] http-outgoing-0 >> "POST /session/f49558bd6e3757e1cd9d6181ce7d5095/element/0.25842716113083486-3/click HTTP/1.1[\r][\n]"
[2018-05-07-23:13:58] [DEBUG] http-outgoing-0 >> "Content-Type: application/json; charset=utf-8[\r][\n]"
[2018-05-07-23:13:58] [DEBUG] http-outgoing-0 >> "Content-Length: 30[\r][\n]"
[2018-05-07-23:13:58] [DEBUG] http-outgoing-0 >> "Host: localhost:38555[\r][\n]"
[2018-05-07-23:13:58] [DEBUG] http-outgoing-0 >> "Connection: Keep-Alive[\r][\n]"
[2018-05-07-23:13:58] [DEBUG] http-outgoing-0 >> "User-Agent: Apache-HttpClient/4.5.3 (Java/1.8.0_151)[\r][\n]"
[2018-05-07-23:13:58] [DEBUG] http-outgoing-0 >> "Accept-Encoding: gzip,deflate[\r][\n]"
[2018-05-07-23:13:58] [DEBUG] http-outgoing-0 >> "[\r][\n]"
[2018-05-07-23:13:58] [DEBUG] http-outgoing-0 >> "{"id":"0.25842716113083486-3"}"
[2018-05-07-23:13:59] [DEBUG] http-outgoing-0 << "HTTP/1.1 200 OK[\r][\n]"
[2018-05-07-23:13:59] [DEBUG] http-outgoing-0 << "Content-Length:72[\r][\n]"
[2018-05-07-23:13:59] [DEBUG] http-outgoing-0 << "Content-Type:application/json; charset=utf-8[\r][\n]"
[2018-05-07-23:13:59] [DEBUG] http-outgoing-0 << "[\r][\n]"
[2018-05-07-23:13:59] [DEBUG] http-outgoing-0 << "{"sessionId":"f49558bd6e3757e1cd9d6181ce7d5095","status":0,"value":null}"
[2018-05-07-23:13:59] [DEBUG] http-outgoing-0 << HTTP/1.1 200 OK
[2018-05-07-23:13:59] [DEBUG] http-outgoing-0 << Content-Length:72
[2018-05-07-23:13:59] [DEBUG] http-outgoing-0 << Content-Type:application/json; charset=utf-8
[2018-05-07-23:13:59] [DEBUG] Connection can be kept alive indefinitely
[2018-05-07-23:13:59] [DEBUG] Connection [id: 0][route: {}->http://localhost:38555] can be kept alive indefinitely
[2018-05-07-23:13:59] [DEBUG] Connection released: [id: 0][route: {}->http://localhost:38555][total kept alive: 1; route allocated: 1 of 2000; total allocated: 1 of 2000]
[2018-05-07-23:13:59] [INFO] 已点击加载
