[2018-05-09-13:34:49] [INFO] 正在启动谷歌浏览器....
[2018-05-09-13:34:51] [INFO] 打开网址http://127.0.0.1:8080/discuz/forum.php
[2018-05-09-13:34:51] [INFO] 元素找到 id: ls_username
[2018-05-09-13:34:51] [INFO] 元素找到 id: ls_username
[2018-05-09-13:34:51] [INFO] 已清除[[ChromeDriver: chrome on WIN8_1 (6db748715e73647e61e26ce707849b69)] -> id: ls_username内容
[2018-05-09-13:34:51] [INFO] 输入[[ChromeDriver: chrome on WIN8_1 (6db748715e73647e61e26ce707849b69)] -> id: ls_username
[2018-05-09-13:34:51] [INFO] 元素找到 id: ls_password
[2018-05-09-13:34:51] [INFO] 元素找到 id: ls_password
[2018-05-09-13:34:51] [INFO] 已清除[[ChromeDriver: chrome on WIN8_1 (6db748715e73647e61e26ce707849b69)] -> id: ls_password内容
[2018-05-09-13:34:51] [INFO] 输入[[ChromeDriver: chrome on WIN8_1 (6db748715e73647e61e26ce707849b69)] -> id: ls_password
[2018-05-09-13:34:51] [INFO] 元素找到 xpath: //*[@id="lsform"]/div/div/table/tbody/tr[2]/td[3]/button
[2018-05-09-13:34:51] [INFO] 已点击加载
[2018-05-09-13:34:51] [INFO] 开始查找元素：By.xpath: //*[@id="um"]/p[1]/a[5]
[2018-05-09-13:34:54] [INFO] 找到了元素 [By.xpath: //*[@id="um"]/p[1]/a[5]]
[2018-05-09-13:34:54] [INFO] 元素找到 xpath: //*[@id="um"]/p[1]/a[5]
[2018-05-09-13:34:54] [INFO] 已点击加载
[2018-05-09-13:34:54] [INFO] 跳转到新的页面
[2018-05-09-13:34:54] [INFO] 开始查找元素：By.xpath: //*[@id="loginform"]/p[4]/input
[2018-05-09-13:34:56] [INFO] 找到了元素 [By.xpath: //*[@id="loginform"]/p[4]/input]
[2018-05-09-13:34:56] [INFO] 元素找到 xpath: //*[@id="loginform"]/p[4]/input
[2018-05-09-13:34:56] [INFO] 元素找到 xpath: //*[@id="loginform"]/p[4]/input
[2018-05-09-13:34:56] [INFO] 已清除[[ChromeDriver: chrome on WIN8_1 (6db748715e73647e61e26ce707849b69)] -> xpath: //*[@id="loginform"]/p[4]/input内容
[2018-05-09-13:34:56] [INFO] 输入[[ChromeDriver: chrome on WIN8_1 (6db748715e73647e61e26ce707849b69)] -> xpath: //*[@id="loginform"]/p[4]/input
[2018-05-09-13:34:56] [INFO] 开始查找元素：By.name: submit
[2018-05-09-13:34:56] [INFO] 找到了元素 [By.name: submit]
[2018-05-09-13:34:56] [INFO] 元素找到 name: submit
[2018-05-09-13:35:15] [INFO] 已点击加载
[2018-05-09-13:35:15] [INFO] 开始查找元素：By.linkText: 论坛
[2018-05-09-13:35:16] [INFO] 找到了元素 [By.linkText: 论坛]
[2018-05-09-13:35:16] [INFO] 元素找到 link text: 论坛
[2018-05-09-13:35:16] [INFO] 已点击加载
[2018-05-09-13:35:16] [INFO] 进入iframe页面
[2018-05-09-13:35:16] [INFO] 开始查找元素：By.xpath: //*[@id="cpform"]/table/tbody[3]/tr/td[2]/div/a
[2018-05-09-13:35:19] [INFO] 找到了元素 [By.xpath: //*[@id="cpform"]/table/tbody[3]/tr/td[2]/div/a]
[2018-05-09-13:35:19] [INFO] 元素找到 xpath: //*[@id="cpform"]/table/tbody[3]/tr/td[2]/div/a
[2018-05-09-13:35:19] [INFO] 已点击加载
[2018-05-09-13:35:19] [INFO] 元素找到 xpath: //*[@id="cpform"]/table/tbody[3]/tr[1]/td[3]/div/input
[2018-05-09-13:35:19] [INFO] 元素找到 xpath: //*[@id="cpform"]/table/tbody[3]/tr[1]/td[3]/div/input
[2018-05-09-13:35:19] [INFO] 已清除[[ChromeDriver: chrome on WIN8_1 (6db748715e73647e61e26ce707849b69)] -> xpath: //*[@id="cpform"]/table/tbody[3]/tr[1]/td[3]/div/input内容
[2018-05-09-13:35:19] [INFO] 输入[[ChromeDriver: chrome on WIN8_1 (6db748715e73647e61e26ce707849b69)] -> xpath: //*[@id="cpform"]/table/tbody[3]/tr[1]/td[3]/div/input
[2018-05-09-13:35:19] [INFO] 开始查找元素：By.id: submit_editsubmit
[2018-05-09-13:35:19] [INFO] 找到了元素 [By.id: submit_editsubmit]
[2018-05-09-13:35:19] [INFO] 元素找到 id: submit_editsubmit
[2018-05-09-13:35:19] [INFO] 已点击加载
[2018-05-09-13:35:19] [INFO] 退出iframe页面
[2018-05-09-13:35:19] [INFO] 开始查找元素：By.linkText: 退出
[2018-05-09-13:35:19] [INFO] 找到了元素 [By.linkText: 退出]
[2018-05-09-13:35:19] [INFO] 元素找到 link text: 退出
[2018-05-09-13:35:19] [INFO] 已点击加载
[2018-05-09-13:35:19] [INFO] 开始查找元素：By.linkText: 退出
[2018-05-09-13:35:19] [INFO] 找到了元素 [By.linkText: 退出]
[2018-05-09-13:35:19] [INFO] 元素找到 link text: 退出
[2018-05-09-13:35:20] [INFO] 已点击加载
