[2018-05-09-08:54:11] [INFO] 正在启动谷歌浏览器....
[2018-05-09-08:54:12] [INFO] 打开网址http://127.0.0.1:8080/discuz/forum.php
[2018-05-09-08:54:12] [INFO] 元素找到 id: ls_username
[2018-05-09-08:54:12] [INFO] 元素找到 id: ls_username
[2018-05-09-08:54:13] [INFO] 已清除[[ChromeDriver: chrome on WIN8_1 (1e81bd1e531cb891f0b5feb74a5f4151)] -> id: ls_username内容
[2018-05-09-08:54:13] [INFO] 输入[[ChromeDriver: chrome on WIN8_1 (1e81bd1e531cb891f0b5feb74a5f4151)] -> id: ls_username
[2018-05-09-08:54:13] [INFO] 元素找到 id: ls_password
[2018-05-09-08:54:13] [INFO] 元素找到 id: ls_password
[2018-05-09-08:54:13] [INFO] 已清除[[ChromeDriver: chrome on WIN8_1 (1e81bd1e531cb891f0b5feb74a5f4151)] -> id: ls_password内容
[2018-05-09-08:54:13] [INFO] 输入[[ChromeDriver: chrome on WIN8_1 (1e81bd1e531cb891f0b5feb74a5f4151)] -> id: ls_password
[2018-05-09-08:54:13] [INFO] 元素找到 xpath: //*[@id="lsform"]/div/div/table/tbody/tr[2]/td[3]/button
[2018-05-09-08:54:13] [INFO] 已点击加载
[2018-05-09-08:54:13] [INFO] 开始查找元素：By.xpath: //*[@id="um"]/p[1]/a[5]
[2018-05-09-08:54:16] [INFO] 找到了元素 [By.xpath: //*[@id="um"]/p[1]/a[5]]
[2018-05-09-08:54:16] [INFO] 元素找到 xpath: //*[@id="um"]/p[1]/a[5]
[2018-05-09-08:54:16] [INFO] 已点击加载
[2018-05-09-08:54:16] [INFO] 跳转到新的页面
[2018-05-09-08:54:16] [INFO] 开始查找元素：By.linkText: 论坛
[2018-05-09-08:54:17] [INFO] 找到了元素 [By.linkText: 论坛]
[2018-05-09-08:54:17] [INFO] 元素找到 link text: 论坛
[2018-05-09-08:54:17] [INFO] 已点击加载
[2018-05-09-08:54:17] [INFO] 开始查找元素：By.xpath: //*[@id="cpform"]/table/tbody[3]/tr/td[2]/div/a
[2018-05-09-08:54:29] [ERROR] 超时!! 10 秒之后还没找到元素 [By.xpath: //*[@id="cpform"]/table/tbody[3]/tr/td[2]/div/a]
