[2018-05-08-12:50:26] [INFO] 正在启动谷歌浏览器....
[2018-05-08-12:50:28] [INFO] 打开网址http://127.0.0.1:8080/discuz/forum.php
[2018-05-08-12:50:28] [INFO] 元素找到 id: ls_username
[2018-05-08-12:50:28] [INFO] 元素找到 id: ls_username
[2018-05-08-12:50:28] [INFO] 已清除[[ChromeDriver: chrome on WIN8_1 (e91c4d1181b3995e49b7afcf0c21c414)] -> id: ls_username内容
[2018-05-08-12:50:28] [INFO] 输入[[ChromeDriver: chrome on WIN8_1 (e91c4d1181b3995e49b7afcf0c21c414)] -> id: ls_username
[2018-05-08-12:50:28] [INFO] 元素找到 id: ls_password
[2018-05-08-12:50:28] [INFO] 元素找到 id: ls_password
[2018-05-08-12:50:28] [INFO] 已清除[[ChromeDriver: chrome on WIN8_1 (e91c4d1181b3995e49b7afcf0c21c414)] -> id: ls_password内容
[2018-05-08-12:50:28] [INFO] 输入[[ChromeDriver: chrome on WIN8_1 (e91c4d1181b3995e49b7afcf0c21c414)] -> id: ls_password
[2018-05-08-12:50:28] [INFO] 元素找到 xpath: //*[@id="lsform"]/div/div/table/tbody/tr[2]/td[3]/button
[2018-05-08-12:50:28] [INFO] 已点击加载
[2018-05-08-12:50:31] [INFO] 元素找到 class name: fl_icn
[2018-05-08-12:50:32] [INFO] 已点击加载
[2018-05-08-12:50:35] [INFO] 元素找到 name: moderate[]
[2018-05-08-12:50:35] [INFO] 已点击加载
[2018-05-08-12:50:38] [INFO] 元素找到 link text: 删除
[2018-05-08-12:50:38] [INFO] 已点击加载
[2018-05-08-12:50:41] [INFO] 元素找到 xpath: //*[@id="modsubmit"]
[2018-05-08-12:50:41] [INFO] 已点击加载
[2018-05-08-12:50:44] [INFO] 元素找到 xpath: //*[@id="um"]/p[1]/a[5]
[2018-05-08-12:50:44] [INFO] 已点击加载
[2018-05-08-12:50:44] [INFO] 跳转到新的页面
[2018-05-08-12:50:45] [INFO] 元素找到 xpath: //*[@id="loginform"]/p[4]/input
[2018-05-08-12:50:45] [INFO] 已点击加载
[2018-05-08-12:50:45] [INFO] 元素找到 name: submit
[2018-05-08-12:50:45] [INFO] 已点击加载
