[2018-05-07-23:51:17] [DEBUG] CookieSpec selected: default
[2018-05-07-23:51:17] [DEBUG] Auth cache not set in the context
[2018-05-07-23:51:17] [DEBUG] Connection request: [route: {}->http://localhost:5758][total kept alive: 0; route allocated: 0 of 2000; total allocated: 0 of 2000]
[2018-05-07-23:51:17] [DEBUG] Connection leased: [id: 0][route: {}->http://localhost:5758][total kept alive: 0; route allocated: 1 of 2000; total allocated: 1 of 2000]
[2018-05-07-23:51:17] [DEBUG] Opening connection {}->http://localhost:5758
[2018-05-07-23:51:17] [DEBUG] Connecting to localhost/127.0.0.1:5758
[2018-05-07-23:51:17] [DEBUG] Connection established 127.0.0.1:65281<->127.0.0.1:5758
[2018-05-07-23:51:17] [DEBUG] http-outgoing-0: set socket timeout to 10800000
[2018-05-07-23:51:17] [DEBUG] Executing request POST /session HTTP/1.1
[2018-05-07-23:51:17] [DEBUG] Target auth state: UNCHALLENGED
[2018-05-07-23:51:17] [DEBUG] Proxy auth state: UNCHALLENGED
[2018-05-07-23:51:17] [DEBUG] http-outgoing-0 >> POST /session HTTP/1.1
[2018-05-07-23:51:17] [DEBUG] http-outgoing-0 >> Content-Type: application/json; charset=utf-8
[2018-05-07-23:51:17] [DEBUG] http-outgoing-0 >> Content-Length: 550
[2018-05-07-23:51:17] [DEBUG] http-outgoing-0 >> Host: localhost:5758
[2018-05-07-23:51:17] [DEBUG] http-outgoing-0 >> Connection: Keep-Alive
[2018-05-07-23:51:17] [DEBUG] http-outgoing-0 >> User-Agent: Apache-HttpClient/4.5.3 (Java/1.8.0_151)
[2018-05-07-23:51:17] [DEBUG] http-outgoing-0 >> Accept-Encoding: gzip,deflate
[2018-05-07-23:51:17] [DEBUG] http-outgoing-0 >> "POST /session HTTP/1.1[\r][\n]"
[2018-05-07-23:51:17] [DEBUG] http-outgoing-0 >> "Content-Type: application/json; charset=utf-8[\r][\n]"
[2018-05-07-23:51:17] [DEBUG] http-outgoing-0 >> "Content-Length: 550[\r][\n]"
[2018-05-07-23:51:17] [DEBUG] http-outgoing-0 >> "Host: localhost:5758[\r][\n]"
[2018-05-07-23:51:17] [DEBUG] http-outgoing-0 >> "Connection: Keep-Alive[\r][\n]"
[2018-05-07-23:51:17] [DEBUG] http-outgoing-0 >> "User-Agent: Apache-HttpClient/4.5.3 (Java/1.8.0_151)[\r][\n]"
[2018-05-07-23:51:17] [DEBUG] http-outgoing-0 >> "Accept-Encoding: gzip,deflate[\r][\n]"
[2018-05-07-23:51:17] [DEBUG] http-outgoing-0 >> "[\r][\n]"
[2018-05-07-23:51:17] [DEBUG] http-outgoing-0 >> "{[\n]"
[2018-05-07-23:51:17] [DEBUG] http-outgoing-0 >> "  "desiredCapabilities": {[\n]"
[2018-05-07-23:51:17] [DEBUG] http-outgoing-0 >> "    "browserName": "chrome",[\n]"
[2018-05-07-23:51:17] [DEBUG] http-outgoing-0 >> "    "chromeOptions": {[\n]"
[2018-05-07-23:51:17] [DEBUG] http-outgoing-0 >> "      "args": [],[\n]"
[2018-05-07-23:51:17] [DEBUG] http-outgoing-0 >> "      "extensions": [][\n]"
[2018-05-07-23:51:17] [DEBUG] http-outgoing-0 >> "    },[\n]"
[2018-05-07-23:51:17] [DEBUG] http-outgoing-0 >> "    "version": "",[\n]"
[2018-05-07-23:51:17] [DEBUG] http-outgoing-0 >> "    "platform": "ANY"[\n]"
[2018-05-07-23:51:17] [DEBUG] http-outgoing-0 >> "  },[\n]"
[2018-05-07-23:51:17] [DEBUG] http-outgoing-0 >> "  "requiredCapabilities": {},[\n]"
[2018-05-07-23:51:17] [DEBUG] http-outgoing-0 >> "  "capabilities": {[\n]"
[2018-05-07-23:51:17] [DEBUG] http-outgoing-0 >> "    "desiredCapabilities": {[\n]"
[2018-05-07-23:51:17] [DEBUG] http-outgoing-0 >> "      "browserName": "chrome",[\n]"
[2018-05-07-23:51:17] [DEBUG] http-outgoing-0 >> "      "chromeOptions": {[\n]"
[2018-05-07-23:51:17] [DEBUG] http-outgoing-0 >> "        "args": [],[\n]"
[2018-05-07-23:51:17] [DEBUG] http-outgoing-0 >> "        "extensions": [][\n]"
[2018-05-07-23:51:17] [DEBUG] http-outgoing-0 >> "      },[\n]"
[2018-05-07-23:51:17] [DEBUG] http-outgoing-0 >> "      "version": "",[\n]"
[2018-05-07-23:51:17] [DEBUG] http-outgoing-0 >> "      "platform": "ANY"[\n]"
[2018-05-07-23:51:17] [DEBUG] http-outgoing-0 >> "    },[\n]"
[2018-05-07-23:51:17] [DEBUG] http-outgoing-0 >> "    "requiredCapabilities": {},[\n]"
[2018-05-07-23:51:17] [DEBUG] http-outgoing-0 >> "    "alwaysMatch": {},[\n]"
[2018-05-07-23:51:17] [DEBUG] http-outgoing-0 >> "    "firstMatch": [[\n]"
[2018-05-07-23:51:17] [DEBUG] http-outgoing-0 >> "      {[\n]"
[2018-05-07-23:51:17] [DEBUG] http-outgoing-0 >> "        "browserName": "chrome"[\n]"
[2018-05-07-23:51:17] [DEBUG] http-outgoing-0 >> "      }[\n]"
[2018-05-07-23:51:17] [DEBUG] http-outgoing-0 >> "    ][\n]"
[2018-05-07-23:51:17] [DEBUG] http-outgoing-0 >> "  }[\n]"
[2018-05-07-23:51:17] [DEBUG] http-outgoing-0 >> "}"
[2018-05-07-23:51:19] [DEBUG] http-outgoing-0 << "HTTP/1.1 200 OK[\r][\n]"
[2018-05-07-23:51:19] [DEBUG] http-outgoing-0 << "Content-Length:832[\r][\n]"
[2018-05-07-23:51:19] [DEBUG] http-outgoing-0 << "Content-Type:application/json; charset=utf-8[\r][\n]"
[2018-05-07-23:51:19] [DEBUG] http-outgoing-0 << "[\r][\n]"
[2018-05-07-23:51:19] [DEBUG] http-outgoing-0 << "{"sessionId":"8e9296de619548d0082d2447c13e136f","status":0,"value":{"acceptInsecureCerts":false,"acceptSslCerts":false,"applicationCacheEnabled":false,"browserConnectionEnabled":false,"browserName":"chrome","chrome":{"chromedriverVersion":"2.38.552522 (437e6fbedfa8762dec75e2c5b3ddb86763dc9dcb)","userDataDir":"C:\\Users\\CHENJI~1\\AppData\\Local\\Temp\\scoped_dir15968_4796"},"cssSelectorsEnabled":true,"databaseEnabled":false,"handlesAlerts":true,"hasTouchScreen":false,"javascriptEnabled":true,"locationContextEnabled":true,"mobileEmulationEnabled":false,"nativeEvents":true,"networkConnectionEnabled":false,"pageLoadStrategy":"normal","platform":"Windows NT","rotatable":false,"setWindowRect":true,"takesHeapSnapshot":true,"takesScreenshot":true,"unexpectedAlertBehaviour":"","version":"66.0.3359.139","webStorageEnabled":true}}"
[2018-05-07-23:51:19] [DEBUG] http-outgoing-0 << HTTP/1.1 200 OK
[2018-05-07-23:51:19] [DEBUG] http-outgoing-0 << Content-Length:832
[2018-05-07-23:51:19] [DEBUG] http-outgoing-0 << Content-Type:application/json; charset=utf-8
[2018-05-07-23:51:19] [DEBUG] Connection can be kept alive indefinitely
[2018-05-07-23:51:19] [DEBUG] Connection [id: 0][route: {}->http://localhost:5758] can be kept alive indefinitely
[2018-05-07-23:51:19] [DEBUG] Connection released: [id: 0][route: {}->http://localhost:5758][total kept alive: 1; route allocated: 1 of 2000; total allocated: 1 of 2000]
[2018-05-07-23:51:19] [INFO] 正在启动谷歌浏览器....
[2018-05-07-23:51:19] [DEBUG] CookieSpec selected: default
[2018-05-07-23:51:19] [DEBUG] Auth cache not set in the context
[2018-05-07-23:51:19] [DEBUG] Connection request: [route: {}->http://localhost:5758][total kept alive: 1; route allocated: 1 of 2000; total allocated: 1 of 2000]
[2018-05-07-23:51:19] [DEBUG] Connection leased: [id: 0][route: {}->http://localhost:5758][total kept alive: 0; route allocated: 1 of 2000; total allocated: 1 of 2000]
[2018-05-07-23:51:19] [DEBUG] Stale connection check
[2018-05-07-23:51:19] [DEBUG] http-outgoing-0 << "[read] I/O error: Read timed out"
[2018-05-07-23:51:19] [DEBUG] http-outgoing-0: set socket timeout to 10800000
[2018-05-07-23:51:19] [DEBUG] Executing request POST /session/8e9296de619548d0082d2447c13e136f/url HTTP/1.1
[2018-05-07-23:51:19] [DEBUG] Target auth state: UNCHALLENGED
[2018-05-07-23:51:19] [DEBUG] Proxy auth state: UNCHALLENGED
[2018-05-07-23:51:19] [DEBUG] http-outgoing-0 >> POST /session/8e9296de619548d0082d2447c13e136f/url HTTP/1.1
[2018-05-07-23:51:19] [DEBUG] http-outgoing-0 >> Content-Type: application/json; charset=utf-8
[2018-05-07-23:51:19] [DEBUG] http-outgoing-0 >> Content-Length: 48
[2018-05-07-23:51:19] [DEBUG] http-outgoing-0 >> Host: localhost:5758
[2018-05-07-23:51:19] [DEBUG] http-outgoing-0 >> Connection: Keep-Alive
[2018-05-07-23:51:19] [DEBUG] http-outgoing-0 >> User-Agent: Apache-HttpClient/4.5.3 (Java/1.8.0_151)
[2018-05-07-23:51:19] [DEBUG] http-outgoing-0 >> Accept-Encoding: gzip,deflate
[2018-05-07-23:51:19] [DEBUG] http-outgoing-0 >> "POST /session/8e9296de619548d0082d2447c13e136f/url HTTP/1.1[\r][\n]"
[2018-05-07-23:51:19] [DEBUG] http-outgoing-0 >> "Content-Type: application/json; charset=utf-8[\r][\n]"
[2018-05-07-23:51:19] [DEBUG] http-outgoing-0 >> "Content-Length: 48[\r][\n]"
[2018-05-07-23:51:19] [DEBUG] http-outgoing-0 >> "Host: localhost:5758[\r][\n]"
[2018-05-07-23:51:19] [DEBUG] http-outgoing-0 >> "Connection: Keep-Alive[\r][\n]"
[2018-05-07-23:51:19] [DEBUG] http-outgoing-0 >> "User-Agent: Apache-HttpClient/4.5.3 (Java/1.8.0_151)[\r][\n]"
[2018-05-07-23:51:19] [DEBUG] http-outgoing-0 >> "Accept-Encoding: gzip,deflate[\r][\n]"
[2018-05-07-23:51:19] [DEBUG] http-outgoing-0 >> "[\r][\n]"
[2018-05-07-23:51:19] [DEBUG] http-outgoing-0 >> "{"url":"http://127.0.0.1:8080/discuz/forum.php"}"
[2018-05-07-23:51:20] [DEBUG] http-outgoing-0 << "HTTP/1.1 200 OK[\r][\n]"
[2018-05-07-23:51:20] [DEBUG] http-outgoing-0 << "Content-Length:72[\r][\n]"
[2018-05-07-23:51:20] [DEBUG] http-outgoing-0 << "Content-Type:application/json; charset=utf-8[\r][\n]"
[2018-05-07-23:51:20] [DEBUG] http-outgoing-0 << "[\r][\n]"
[2018-05-07-23:51:20] [DEBUG] http-outgoing-0 << "{"sessionId":"8e9296de619548d0082d2447c13e136f","status":0,"value":null}"
[2018-05-07-23:51:20] [DEBUG] http-outgoing-0 << HTTP/1.1 200 OK
[2018-05-07-23:51:20] [DEBUG] http-outgoing-0 << Content-Length:72
[2018-05-07-23:51:20] [DEBUG] http-outgoing-0 << Content-Type:application/json; charset=utf-8
[2018-05-07-23:51:20] [DEBUG] Connection can be kept alive indefinitely
[2018-05-07-23:51:20] [DEBUG] Connection [id: 0][route: {}->http://localhost:5758] can be kept alive indefinitely
[2018-05-07-23:51:20] [DEBUG] Connection released: [id: 0][route: {}->http://localhost:5758][total kept alive: 1; route allocated: 1 of 2000; total allocated: 1 of 2000]
[2018-05-07-23:51:20] [INFO] 打开网址http://127.0.0.1:8080/discuz/forum.php
[2018-05-07-23:51:20] [DEBUG] CookieSpec selected: default
[2018-05-07-23:51:20] [DEBUG] Auth cache not set in the context
[2018-05-07-23:51:20] [DEBUG] Connection request: [route: {}->http://localhost:5758][total kept alive: 1; route allocated: 1 of 2000; total allocated: 1 of 2000]
[2018-05-07-23:51:20] [DEBUG] Connection leased: [id: 0][route: {}->http://localhost:5758][total kept alive: 0; route allocated: 1 of 2000; total allocated: 1 of 2000]
[2018-05-07-23:51:20] [DEBUG] Stale connection check
[2018-05-07-23:51:20] [DEBUG] http-outgoing-0 << "[read] I/O error: Read timed out"
[2018-05-07-23:51:20] [DEBUG] http-outgoing-0: set socket timeout to 10800000
[2018-05-07-23:51:20] [DEBUG] Executing request POST /session/8e9296de619548d0082d2447c13e136f/element HTTP/1.1
[2018-05-07-23:51:20] [DEBUG] Target auth state: UNCHALLENGED
[2018-05-07-23:51:20] [DEBUG] Proxy auth state: UNCHALLENGED
[2018-05-07-23:51:20] [DEBUG] http-outgoing-0 >> POST /session/8e9296de619548d0082d2447c13e136f/element HTTP/1.1
[2018-05-07-23:51:20] [DEBUG] http-outgoing-0 >> Content-Type: application/json; charset=utf-8
[2018-05-07-23:51:20] [DEBUG] http-outgoing-0 >> Content-Length: 36
[2018-05-07-23:51:20] [DEBUG] http-outgoing-0 >> Host: localhost:5758
[2018-05-07-23:51:20] [DEBUG] http-outgoing-0 >> Connection: Keep-Alive
[2018-05-07-23:51:20] [DEBUG] http-outgoing-0 >> User-Agent: Apache-HttpClient/4.5.3 (Java/1.8.0_151)
[2018-05-07-23:51:20] [DEBUG] http-outgoing-0 >> Accept-Encoding: gzip,deflate
[2018-05-07-23:51:20] [DEBUG] http-outgoing-0 >> "POST /session/8e9296de619548d0082d2447c13e136f/element HTTP/1.1[\r][\n]"
[2018-05-07-23:51:20] [DEBUG] http-outgoing-0 >> "Content-Type: application/json; charset=utf-8[\r][\n]"
[2018-05-07-23:51:20] [DEBUG] http-outgoing-0 >> "Content-Length: 36[\r][\n]"
[2018-05-07-23:51:20] [DEBUG] http-outgoing-0 >> "Host: localhost:5758[\r][\n]"
[2018-05-07-23:51:20] [DEBUG] http-outgoing-0 >> "Connection: Keep-Alive[\r][\n]"
[2018-05-07-23:51:20] [DEBUG] http-outgoing-0 >> "User-Agent: Apache-HttpClient/4.5.3 (Java/1.8.0_151)[\r][\n]"
[2018-05-07-23:51:20] [DEBUG] http-outgoing-0 >> "Accept-Encoding: gzip,deflate[\r][\n]"
[2018-05-07-23:51:20] [DEBUG] http-outgoing-0 >> "[\r][\n]"
[2018-05-07-23:51:20] [DEBUG] http-outgoing-0 >> "{"using":"id","value":"ls_username"}"
[2018-05-07-23:51:20] [DEBUG] http-outgoing-0 << "HTTP/1.1 200 OK[\r][\n]"
[2018-05-07-23:51:20] [DEBUG] http-outgoing-0 << "Content-Length:102[\r][\n]"
[2018-05-07-23:51:20] [DEBUG] http-outgoing-0 << "Content-Type:application/json; charset=utf-8[\r][\n]"
[2018-05-07-23:51:20] [DEBUG] http-outgoing-0 << "[\r][\n]"
[2018-05-07-23:51:20] [DEBUG] http-outgoing-0 << "{"sessionId":"8e9296de619548d0082d2447c13e136f","status":0,"value":{"ELEMENT":"0.7846965322888784-1"}}"
[2018-05-07-23:51:20] [DEBUG] http-outgoing-0 << HTTP/1.1 200 OK
[2018-05-07-23:51:20] [DEBUG] http-outgoing-0 << Content-Length:102
[2018-05-07-23:51:20] [DEBUG] http-outgoing-0 << Content-Type:application/json; charset=utf-8
[2018-05-07-23:51:20] [DEBUG] Connection can be kept alive indefinitely
[2018-05-07-23:51:20] [DEBUG] Connection [id: 0][route: {}->http://localhost:5758] can be kept alive indefinitely
[2018-05-07-23:51:20] [DEBUG] Connection released: [id: 0][route: {}->http://localhost:5758][total kept alive: 1; route allocated: 1 of 2000; total allocated: 1 of 2000]
[2018-05-07-23:51:20] [INFO] 元素找到 id: ls_username
[2018-05-07-23:51:20] [DEBUG] CookieSpec selected: default
[2018-05-07-23:51:20] [DEBUG] Auth cache not set in the context
[2018-05-07-23:51:20] [DEBUG] Connection request: [route: {}->http://localhost:5758][total kept alive: 1; route allocated: 1 of 2000; total allocated: 1 of 2000]
[2018-05-07-23:51:20] [DEBUG] Connection leased: [id: 0][route: {}->http://localhost:5758][total kept alive: 0; route allocated: 1 of 2000; total allocated: 1 of 2000]
[2018-05-07-23:51:20] [DEBUG] Stale connection check
[2018-05-07-23:51:20] [DEBUG] http-outgoing-0 << "[read] I/O error: Read timed out"
[2018-05-07-23:51:20] [DEBUG] http-outgoing-0: set socket timeout to 10800000
[2018-05-07-23:51:20] [DEBUG] Executing request POST /session/8e9296de619548d0082d2447c13e136f/element HTTP/1.1
[2018-05-07-23:51:20] [DEBUG] Target auth state: UNCHALLENGED
[2018-05-07-23:51:20] [DEBUG] Proxy auth state: UNCHALLENGED
[2018-05-07-23:51:20] [DEBUG] http-outgoing-0 >> POST /session/8e9296de619548d0082d2447c13e136f/element HTTP/1.1
[2018-05-07-23:51:20] [DEBUG] http-outgoing-0 >> Content-Type: application/json; charset=utf-8
[2018-05-07-23:51:20] [DEBUG] http-outgoing-0 >> Content-Length: 36
[2018-05-07-23:51:20] [DEBUG] http-outgoing-0 >> Host: localhost:5758
[2018-05-07-23:51:20] [DEBUG] http-outgoing-0 >> Connection: Keep-Alive
[2018-05-07-23:51:20] [DEBUG] http-outgoing-0 >> User-Agent: Apache-HttpClient/4.5.3 (Java/1.8.0_151)
[2018-05-07-23:51:20] [DEBUG] http-outgoing-0 >> Accept-Encoding: gzip,deflate
[2018-05-07-23:51:20] [DEBUG] http-outgoing-0 >> "POST /session/8e9296de619548d0082d2447c13e136f/element HTTP/1.1[\r][\n]"
[2018-05-07-23:51:20] [DEBUG] http-outgoing-0 >> "Content-Type: application/json; charset=utf-8[\r][\n]"
[2018-05-07-23:51:20] [DEBUG] http-outgoing-0 >> "Content-Length: 36[\r][\n]"
[2018-05-07-23:51:20] [DEBUG] http-outgoing-0 >> "Host: localhost:5758[\r][\n]"
[2018-05-07-23:51:20] [DEBUG] http-outgoing-0 >> "Connection: Keep-Alive[\r][\n]"
[2018-05-07-23:51:20] [DEBUG] http-outgoing-0 >> "User-Agent: Apache-HttpClient/4.5.3 (Java/1.8.0_151)[\r][\n]"
[2018-05-07-23:51:20] [DEBUG] http-outgoing-0 >> "Accept-Encoding: gzip,deflate[\r][\n]"
[2018-05-07-23:51:20] [DEBUG] http-outgoing-0 >> "[\r][\n]"
[2018-05-07-23:51:20] [DEBUG] http-outgoing-0 >> "{"using":"id","value":"ls_username"}"
[2018-05-07-23:51:20] [DEBUG] http-outgoing-0 << "HTTP/1.1 200 OK[\r][\n]"
[2018-05-07-23:51:20] [DEBUG] http-outgoing-0 << "Content-Length:102[\r][\n]"
[2018-05-07-23:51:20] [DEBUG] http-outgoing-0 << "Content-Type:application/json; charset=utf-8[\r][\n]"
[2018-05-07-23:51:20] [DEBUG] http-outgoing-0 << "[\r][\n]"
[2018-05-07-23:51:20] [DEBUG] http-outgoing-0 << "{"sessionId":"8e9296de619548d0082d2447c13e136f","status":0,"value":{"ELEMENT":"0.7846965322888784-1"}}"
[2018-05-07-23:51:20] [DEBUG] http-outgoing-0 << HTTP/1.1 200 OK
[2018-05-07-23:51:20] [DEBUG] http-outgoing-0 << Content-Length:102
[2018-05-07-23:51:20] [DEBUG] http-outgoing-0 << Content-Type:application/json; charset=utf-8
[2018-05-07-23:51:20] [DEBUG] Connection can be kept alive indefinitely
[2018-05-07-23:51:20] [DEBUG] Connection [id: 0][route: {}->http://localhost:5758] can be kept alive indefinitely
[2018-05-07-23:51:20] [DEBUG] Connection released: [id: 0][route: {}->http://localhost:5758][total kept alive: 1; route allocated: 1 of 2000; total allocated: 1 of 2000]
[2018-05-07-23:51:20] [INFO] 元素找到 id: ls_username
[2018-05-07-23:51:20] [DEBUG] CookieSpec selected: default
[2018-05-07-23:51:20] [DEBUG] Auth cache not set in the context
[2018-05-07-23:51:20] [DEBUG] Connection request: [route: {}->http://localhost:5758][total kept alive: 1; route allocated: 1 of 2000; total allocated: 1 of 2000]
[2018-05-07-23:51:20] [DEBUG] Connection leased: [id: 0][route: {}->http://localhost:5758][total kept alive: 0; route allocated: 1 of 2000; total allocated: 1 of 2000]
[2018-05-07-23:51:20] [DEBUG] Stale connection check
[2018-05-07-23:51:20] [DEBUG] http-outgoing-0 << "[read] I/O error: Read timed out"
[2018-05-07-23:51:20] [DEBUG] http-outgoing-0: set socket timeout to 10800000
[2018-05-07-23:51:20] [DEBUG] Executing request POST /session/8e9296de619548d0082d2447c13e136f/element/0.7846965322888784-1/clear HTTP/1.1
[2018-05-07-23:51:20] [DEBUG] Target auth state: UNCHALLENGED
[2018-05-07-23:51:20] [DEBUG] Proxy auth state: UNCHALLENGED
[2018-05-07-23:51:20] [DEBUG] http-outgoing-0 >> POST /session/8e9296de619548d0082d2447c13e136f/element/0.7846965322888784-1/clear HTTP/1.1
[2018-05-07-23:51:20] [DEBUG] http-outgoing-0 >> Content-Type: application/json; charset=utf-8
[2018-05-07-23:51:20] [DEBUG] http-outgoing-0 >> Content-Length: 29
[2018-05-07-23:51:20] [DEBUG] http-outgoing-0 >> Host: localhost:5758
[2018-05-07-23:51:20] [DEBUG] http-outgoing-0 >> Connection: Keep-Alive
[2018-05-07-23:51:20] [DEBUG] http-outgoing-0 >> User-Agent: Apache-HttpClient/4.5.3 (Java/1.8.0_151)
[2018-05-07-23:51:20] [DEBUG] http-outgoing-0 >> Accept-Encoding: gzip,deflate
[2018-05-07-23:51:20] [DEBUG] http-outgoing-0 >> "POST /session/8e9296de619548d0082d2447c13e136f/element/0.7846965322888784-1/clear HTTP/1.1[\r][\n]"
[2018-05-07-23:51:20] [DEBUG] http-outgoing-0 >> "Content-Type: application/json; charset=utf-8[\r][\n]"
[2018-05-07-23:51:20] [DEBUG] http-outgoing-0 >> "Content-Length: 29[\r][\n]"
[2018-05-07-23:51:20] [DEBUG] http-outgoing-0 >> "Host: localhost:5758[\r][\n]"
[2018-05-07-23:51:20] [DEBUG] http-outgoing-0 >> "Connection: Keep-Alive[\r][\n]"
[2018-05-07-23:51:20] [DEBUG] http-outgoing-0 >> "User-Agent: Apache-HttpClient/4.5.3 (Java/1.8.0_151)[\r][\n]"
[2018-05-07-23:51:20] [DEBUG] http-outgoing-0 >> "Accept-Encoding: gzip,deflate[\r][\n]"
[2018-05-07-23:51:20] [DEBUG] http-outgoing-0 >> "[\r][\n]"
[2018-05-07-23:51:20] [DEBUG] http-outgoing-0 >> "{"id":"0.7846965322888784-1"}"
[2018-05-07-23:51:20] [DEBUG] http-outgoing-0 << "HTTP/1.1 200 OK[\r][\n]"
[2018-05-07-23:51:20] [DEBUG] http-outgoing-0 << "Content-Length:72[\r][\n]"
[2018-05-07-23:51:20] [DEBUG] http-outgoing-0 << "Content-Type:application/json; charset=utf-8[\r][\n]"
[2018-05-07-23:51:20] [DEBUG] http-outgoing-0 << "[\r][\n]"
[2018-05-07-23:51:20] [DEBUG] http-outgoing-0 << "{"sessionId":"8e9296de619548d0082d2447c13e136f","status":0,"value":null}"
[2018-05-07-23:51:20] [DEBUG] http-outgoing-0 << HTTP/1.1 200 OK
[2018-05-07-23:51:20] [DEBUG] http-outgoing-0 << Content-Length:72
[2018-05-07-23:51:20] [DEBUG] http-outgoing-0 << Content-Type:application/json; charset=utf-8
[2018-05-07-23:51:20] [DEBUG] Connection can be kept alive indefinitely
[2018-05-07-23:51:20] [DEBUG] Connection [id: 0][route: {}->http://localhost:5758] can be kept alive indefinitely
[2018-05-07-23:51:20] [DEBUG] Connection released: [id: 0][route: {}->http://localhost:5758][total kept alive: 1; route allocated: 1 of 2000; total allocated: 1 of 2000]
[2018-05-07-23:51:20] [INFO] 已清除[[ChromeDriver: chrome on WIN8_1 (8e9296de619548d0082d2447c13e136f)] -> id: ls_username内容
[2018-05-07-23:51:20] [DEBUG] CookieSpec selected: default
[2018-05-07-23:51:20] [DEBUG] Auth cache not set in the context
[2018-05-07-23:51:20] [DEBUG] Connection request: [route: {}->http://localhost:5758][total kept alive: 1; route allocated: 1 of 2000; total allocated: 1 of 2000]
[2018-05-07-23:51:20] [DEBUG] Connection leased: [id: 0][route: {}->http://localhost:5758][total kept alive: 0; route allocated: 1 of 2000; total allocated: 1 of 2000]
[2018-05-07-23:51:20] [DEBUG] Stale connection check
[2018-05-07-23:51:20] [DEBUG] http-outgoing-0 << "[read] I/O error: Read timed out"
[2018-05-07-23:51:20] [DEBUG] http-outgoing-0: set socket timeout to 10800000
[2018-05-07-23:51:20] [DEBUG] Executing request POST /session/8e9296de619548d0082d2447c13e136f/element/0.7846965322888784-1/value HTTP/1.1
[2018-05-07-23:51:20] [DEBUG] Target auth state: UNCHALLENGED
[2018-05-07-23:51:20] [DEBUG] Proxy auth state: UNCHALLENGED
[2018-05-07-23:51:20] [DEBUG] http-outgoing-0 >> POST /session/8e9296de619548d0082d2447c13e136f/element/0.7846965322888784-1/value HTTP/1.1
[2018-05-07-23:51:20] [DEBUG] http-outgoing-0 >> Content-Type: application/json; charset=utf-8
[2018-05-07-23:51:20] [DEBUG] http-outgoing-0 >> Content-Length: 45
[2018-05-07-23:51:20] [DEBUG] http-outgoing-0 >> Host: localhost:5758
[2018-05-07-23:51:20] [DEBUG] http-outgoing-0 >> Connection: Keep-Alive
[2018-05-07-23:51:20] [DEBUG] http-outgoing-0 >> User-Agent: Apache-HttpClient/4.5.3 (Java/1.8.0_151)
[2018-05-07-23:51:20] [DEBUG] http-outgoing-0 >> Accept-Encoding: gzip,deflate
[2018-05-07-23:51:20] [DEBUG] http-outgoing-0 >> "POST /session/8e9296de619548d0082d2447c13e136f/element/0.7846965322888784-1/value HTTP/1.1[\r][\n]"
[2018-05-07-23:51:20] [DEBUG] http-outgoing-0 >> "Content-Type: application/json; charset=utf-8[\r][\n]"
[2018-05-07-23:51:20] [DEBUG] http-outgoing-0 >> "Content-Length: 45[\r][\n]"
[2018-05-07-23:51:20] [DEBUG] http-outgoing-0 >> "Host: localhost:5758[\r][\n]"
[2018-05-07-23:51:20] [DEBUG] http-outgoing-0 >> "Connection: Keep-Alive[\r][\n]"
[2018-05-07-23:51:20] [DEBUG] http-outgoing-0 >> "User-Agent: Apache-HttpClient/4.5.3 (Java/1.8.0_151)[\r][\n]"
[2018-05-07-23:51:20] [DEBUG] http-outgoing-0 >> "Accept-Encoding: gzip,deflate[\r][\n]"
[2018-05-07-23:51:20] [DEBUG] http-outgoing-0 >> "[\r][\n]"
[2018-05-07-23:51:20] [DEBUG] http-outgoing-0 >> "{"id":"0.7846965322888784-1","value":["cjw"]}"
[2018-05-07-23:51:20] [DEBUG] http-outgoing-0 << "HTTP/1.1 200 OK[\r][\n]"
[2018-05-07-23:51:20] [DEBUG] http-outgoing-0 << "Content-Length:72[\r][\n]"
[2018-05-07-23:51:20] [DEBUG] http-outgoing-0 << "Content-Type:application/json; charset=utf-8[\r][\n]"
[2018-05-07-23:51:20] [DEBUG] http-outgoing-0 << "[\r][\n]"
[2018-05-07-23:51:20] [DEBUG] http-outgoing-0 << "{"sessionId":"8e9296de619548d0082d2447c13e136f","status":0,"value":null}"
[2018-05-07-23:51:20] [DEBUG] http-outgoing-0 << HTTP/1.1 200 OK
[2018-05-07-23:51:20] [DEBUG] http-outgoing-0 << Content-Length:72
[2018-05-07-23:51:20] [DEBUG] http-outgoing-0 << Content-Type:application/json; charset=utf-8
[2018-05-07-23:51:20] [DEBUG] Connection can be kept alive indefinitely
[2018-05-07-23:51:20] [DEBUG] Connection [id: 0][route: {}->http://localhost:5758] can be kept alive indefinitely
[2018-05-07-23:51:20] [DEBUG] Connection released: [id: 0][route: {}->http://localhost:5758][total kept alive: 1; route allocated: 1 of 2000; total allocated: 1 of 2000]
[2018-05-07-23:51:20] [INFO] 输入[[ChromeDriver: chrome on WIN8_1 (8e9296de619548d0082d2447c13e136f)] -> id: ls_username
[2018-05-07-23:51:20] [DEBUG] CookieSpec selected: default
[2018-05-07-23:51:20] [DEBUG] Auth cache not set in the context
[2018-05-07-23:51:20] [DEBUG] Connection request: [route: {}->http://localhost:5758][total kept alive: 1; route allocated: 1 of 2000; total allocated: 1 of 2000]
[2018-05-07-23:51:20] [DEBUG] Connection leased: [id: 0][route: {}->http://localhost:5758][total kept alive: 0; route allocated: 1 of 2000; total allocated: 1 of 2000]
[2018-05-07-23:51:20] [DEBUG] Stale connection check
[2018-05-07-23:51:20] [DEBUG] http-outgoing-0 << "[read] I/O error: Read timed out"
[2018-05-07-23:51:20] [DEBUG] http-outgoing-0: set socket timeout to 10800000
[2018-05-07-23:51:20] [DEBUG] Executing request POST /session/8e9296de619548d0082d2447c13e136f/element HTTP/1.1
[2018-05-07-23:51:20] [DEBUG] Target auth state: UNCHALLENGED
[2018-05-07-23:51:20] [DEBUG] Proxy auth state: UNCHALLENGED
[2018-05-07-23:51:20] [DEBUG] http-outgoing-0 >> POST /session/8e9296de619548d0082d2447c13e136f/element HTTP/1.1
[2018-05-07-23:51:20] [DEBUG] http-outgoing-0 >> Content-Type: application/json; charset=utf-8
[2018-05-07-23:51:20] [DEBUG] http-outgoing-0 >> Content-Length: 36
[2018-05-07-23:51:20] [DEBUG] http-outgoing-0 >> Host: localhost:5758
[2018-05-07-23:51:20] [DEBUG] http-outgoing-0 >> Connection: Keep-Alive
[2018-05-07-23:51:20] [DEBUG] http-outgoing-0 >> User-Agent: Apache-HttpClient/4.5.3 (Java/1.8.0_151)
[2018-05-07-23:51:20] [DEBUG] http-outgoing-0 >> Accept-Encoding: gzip,deflate
[2018-05-07-23:51:20] [DEBUG] http-outgoing-0 >> "POST /session/8e9296de619548d0082d2447c13e136f/element HTTP/1.1[\r][\n]"
[2018-05-07-23:51:20] [DEBUG] http-outgoing-0 >> "Content-Type: application/json; charset=utf-8[\r][\n]"
[2018-05-07-23:51:20] [DEBUG] http-outgoing-0 >> "Content-Length: 36[\r][\n]"
[2018-05-07-23:51:20] [DEBUG] http-outgoing-0 >> "Host: localhost:5758[\r][\n]"
[2018-05-07-23:51:20] [DEBUG] http-outgoing-0 >> "Connection: Keep-Alive[\r][\n]"
[2018-05-07-23:51:20] [DEBUG] http-outgoing-0 >> "User-Agent: Apache-HttpClient/4.5.3 (Java/1.8.0_151)[\r][\n]"
[2018-05-07-23:51:20] [DEBUG] http-outgoing-0 >> "Accept-Encoding: gzip,deflate[\r][\n]"
[2018-05-07-23:51:20] [DEBUG] http-outgoing-0 >> "[\r][\n]"
[2018-05-07-23:51:20] [DEBUG] http-outgoing-0 >> "{"using":"id","value":"ls_password"}"
[2018-05-07-23:51:21] [DEBUG] http-outgoing-0 << "HTTP/1.1 200 OK[\r][\n]"
[2018-05-07-23:51:21] [DEBUG] http-outgoing-0 << "Content-Length:102[\r][\n]"
[2018-05-07-23:51:21] [DEBUG] http-outgoing-0 << "Content-Type:application/json; charset=utf-8[\r][\n]"
[2018-05-07-23:51:21] [DEBUG] http-outgoing-0 << "[\r][\n]"
[2018-05-07-23:51:21] [DEBUG] http-outgoing-0 << "{"sessionId":"8e9296de619548d0082d2447c13e136f","status":0,"value":{"ELEMENT":"0.7846965322888784-2"}}"
[2018-05-07-23:51:21] [DEBUG] http-outgoing-0 << HTTP/1.1 200 OK
[2018-05-07-23:51:21] [DEBUG] http-outgoing-0 << Content-Length:102
[2018-05-07-23:51:21] [DEBUG] http-outgoing-0 << Content-Type:application/json; charset=utf-8
[2018-05-07-23:51:21] [DEBUG] Connection can be kept alive indefinitely
[2018-05-07-23:51:21] [DEBUG] Connection [id: 0][route: {}->http://localhost:5758] can be kept alive indefinitely
[2018-05-07-23:51:21] [DEBUG] Connection released: [id: 0][route: {}->http://localhost:5758][total kept alive: 1; route allocated: 1 of 2000; total allocated: 1 of 2000]
[2018-05-07-23:51:21] [INFO] 元素找到 id: ls_password
[2018-05-07-23:51:21] [DEBUG] CookieSpec selected: default
[2018-05-07-23:51:21] [DEBUG] Auth cache not set in the context
[2018-05-07-23:51:21] [DEBUG] Connection request: [route: {}->http://localhost:5758][total kept alive: 1; route allocated: 1 of 2000; total allocated: 1 of 2000]
[2018-05-07-23:51:21] [DEBUG] Connection leased: [id: 0][route: {}->http://localhost:5758][total kept alive: 0; route allocated: 1 of 2000; total allocated: 1 of 2000]
[2018-05-07-23:51:21] [DEBUG] Stale connection check
[2018-05-07-23:51:21] [DEBUG] http-outgoing-0 << "[read] I/O error: Read timed out"
[2018-05-07-23:51:21] [DEBUG] http-outgoing-0: set socket timeout to 10800000
[2018-05-07-23:51:21] [DEBUG] Executing request POST /session/8e9296de619548d0082d2447c13e136f/element HTTP/1.1
[2018-05-07-23:51:21] [DEBUG] Target auth state: UNCHALLENGED
[2018-05-07-23:51:21] [DEBUG] Proxy auth state: UNCHALLENGED
[2018-05-07-23:51:21] [DEBUG] http-outgoing-0 >> POST /session/8e9296de619548d0082d2447c13e136f/element HTTP/1.1
[2018-05-07-23:51:21] [DEBUG] http-outgoing-0 >> Content-Type: application/json; charset=utf-8
[2018-05-07-23:51:21] [DEBUG] http-outgoing-0 >> Content-Length: 36
[2018-05-07-23:51:21] [DEBUG] http-outgoing-0 >> Host: localhost:5758
[2018-05-07-23:51:21] [DEBUG] http-outgoing-0 >> Connection: Keep-Alive
[2018-05-07-23:51:21] [DEBUG] http-outgoing-0 >> User-Agent: Apache-HttpClient/4.5.3 (Java/1.8.0_151)
[2018-05-07-23:51:21] [DEBUG] http-outgoing-0 >> Accept-Encoding: gzip,deflate
[2018-05-07-23:51:21] [DEBUG] http-outgoing-0 >> "POST /session/8e9296de619548d0082d2447c13e136f/element HTTP/1.1[\r][\n]"
[2018-05-07-23:51:21] [DEBUG] http-outgoing-0 >> "Content-Type: application/json; charset=utf-8[\r][\n]"
[2018-05-07-23:51:21] [DEBUG] http-outgoing-0 >> "Content-Length: 36[\r][\n]"
[2018-05-07-23:51:21] [DEBUG] http-outgoing-0 >> "Host: localhost:5758[\r][\n]"
[2018-05-07-23:51:21] [DEBUG] http-outgoing-0 >> "Connection: Keep-Alive[\r][\n]"
[2018-05-07-23:51:21] [DEBUG] http-outgoing-0 >> "User-Agent: Apache-HttpClient/4.5.3 (Java/1.8.0_151)[\r][\n]"
[2018-05-07-23:51:21] [DEBUG] http-outgoing-0 >> "Accept-Encoding: gzip,deflate[\r][\n]"
[2018-05-07-23:51:21] [DEBUG] http-outgoing-0 >> "[\r][\n]"
[2018-05-07-23:51:21] [DEBUG] http-outgoing-0 >> "{"using":"id","value":"ls_password"}"
[2018-05-07-23:51:21] [DEBUG] http-outgoing-0 << "HTTP/1.1 200 OK[\r][\n]"
[2018-05-07-23:51:21] [DEBUG] http-outgoing-0 << "Content-Length:102[\r][\n]"
[2018-05-07-23:51:21] [DEBUG] http-outgoing-0 << "Content-Type:application/json; charset=utf-8[\r][\n]"
[2018-05-07-23:51:21] [DEBUG] http-outgoing-0 << "[\r][\n]"
[2018-05-07-23:51:21] [DEBUG] http-outgoing-0 << "{"sessionId":"8e9296de619548d0082d2447c13e136f","status":0,"value":{"ELEMENT":"0.7846965322888784-2"}}"
[2018-05-07-23:51:21] [DEBUG] http-outgoing-0 << HTTP/1.1 200 OK
[2018-05-07-23:51:21] [DEBUG] http-outgoing-0 << Content-Length:102
[2018-05-07-23:51:21] [DEBUG] http-outgoing-0 << Content-Type:application/json; charset=utf-8
[2018-05-07-23:51:21] [DEBUG] Connection can be kept alive indefinitely
[2018-05-07-23:51:21] [DEBUG] Connection [id: 0][route: {}->http://localhost:5758] can be kept alive indefinitely
[2018-05-07-23:51:21] [DEBUG] Connection released: [id: 0][route: {}->http://localhost:5758][total kept alive: 1; route allocated: 1 of 2000; total allocated: 1 of 2000]
[2018-05-07-23:51:21] [INFO] 元素找到 id: ls_password
[2018-05-07-23:51:21] [DEBUG] CookieSpec selected: default
[2018-05-07-23:51:21] [DEBUG] Auth cache not set in the context
[2018-05-07-23:51:21] [DEBUG] Connection request: [route: {}->http://localhost:5758][total kept alive: 1; route allocated: 1 of 2000; total allocated: 1 of 2000]
[2018-05-07-23:51:21] [DEBUG] Connection leased: [id: 0][route: {}->http://localhost:5758][total kept alive: 0; route allocated: 1 of 2000; total allocated: 1 of 2000]
[2018-05-07-23:51:21] [DEBUG] Stale connection check
[2018-05-07-23:51:21] [DEBUG] http-outgoing-0 << "[read] I/O error: Read timed out"
[2018-05-07-23:51:21] [DEBUG] http-outgoing-0: set socket timeout to 10800000
[2018-05-07-23:51:21] [DEBUG] Executing request POST /session/8e9296de619548d0082d2447c13e136f/element/0.7846965322888784-2/clear HTTP/1.1
[2018-05-07-23:51:21] [DEBUG] Target auth state: UNCHALLENGED
[2018-05-07-23:51:21] [DEBUG] Proxy auth state: UNCHALLENGED
[2018-05-07-23:51:21] [DEBUG] http-outgoing-0 >> POST /session/8e9296de619548d0082d2447c13e136f/element/0.7846965322888784-2/clear HTTP/1.1
[2018-05-07-23:51:21] [DEBUG] http-outgoing-0 >> Content-Type: application/json; charset=utf-8
[2018-05-07-23:51:21] [DEBUG] http-outgoing-0 >> Content-Length: 29
[2018-05-07-23:51:21] [DEBUG] http-outgoing-0 >> Host: localhost:5758
[2018-05-07-23:51:21] [DEBUG] http-outgoing-0 >> Connection: Keep-Alive
[2018-05-07-23:51:21] [DEBUG] http-outgoing-0 >> User-Agent: Apache-HttpClient/4.5.3 (Java/1.8.0_151)
[2018-05-07-23:51:21] [DEBUG] http-outgoing-0 >> Accept-Encoding: gzip,deflate
[2018-05-07-23:51:21] [DEBUG] http-outgoing-0 >> "POST /session/8e9296de619548d0082d2447c13e136f/element/0.7846965322888784-2/clear HTTP/1.1[\r][\n]"
[2018-05-07-23:51:21] [DEBUG] http-outgoing-0 >> "Content-Type: application/json; charset=utf-8[\r][\n]"
[2018-05-07-23:51:21] [DEBUG] http-outgoing-0 >> "Content-Length: 29[\r][\n]"
[2018-05-07-23:51:21] [DEBUG] http-outgoing-0 >> "Host: localhost:5758[\r][\n]"
[2018-05-07-23:51:21] [DEBUG] http-outgoing-0 >> "Connection: Keep-Alive[\r][\n]"
[2018-05-07-23:51:21] [DEBUG] http-outgoing-0 >> "User-Agent: Apache-HttpClient/4.5.3 (Java/1.8.0_151)[\r][\n]"
[2018-05-07-23:51:21] [DEBUG] http-outgoing-0 >> "Accept-Encoding: gzip,deflate[\r][\n]"
[2018-05-07-23:51:21] [DEBUG] http-outgoing-0 >> "[\r][\n]"
[2018-05-07-23:51:21] [DEBUG] http-outgoing-0 >> "{"id":"0.7846965322888784-2"}"
[2018-05-07-23:51:21] [DEBUG] http-outgoing-0 << "HTTP/1.1 200 OK[\r][\n]"
[2018-05-07-23:51:21] [DEBUG] http-outgoing-0 << "Content-Length:72[\r][\n]"
[2018-05-07-23:51:21] [DEBUG] http-outgoing-0 << "Content-Type:application/json; charset=utf-8[\r][\n]"
[2018-05-07-23:51:21] [DEBUG] http-outgoing-0 << "[\r][\n]"
[2018-05-07-23:51:21] [DEBUG] http-outgoing-0 << "{"sessionId":"8e9296de619548d0082d2447c13e136f","status":0,"value":null}"
[2018-05-07-23:51:21] [DEBUG] http-outgoing-0 << HTTP/1.1 200 OK
[2018-05-07-23:51:21] [DEBUG] http-outgoing-0 << Content-Length:72
[2018-05-07-23:51:21] [DEBUG] http-outgoing-0 << Content-Type:application/json; charset=utf-8
[2018-05-07-23:51:21] [DEBUG] Connection can be kept alive indefinitely
[2018-05-07-23:51:21] [DEBUG] Connection [id: 0][route: {}->http://localhost:5758] can be kept alive indefinitely
[2018-05-07-23:51:21] [DEBUG] Connection released: [id: 0][route: {}->http://localhost:5758][total kept alive: 1; route allocated: 1 of 2000; total allocated: 1 of 2000]
[2018-05-07-23:51:21] [INFO] 已清除[[ChromeDriver: chrome on WIN8_1 (8e9296de619548d0082d2447c13e136f)] -> id: ls_password内容
[2018-05-07-23:51:21] [DEBUG] CookieSpec selected: default
[2018-05-07-23:51:21] [DEBUG] Auth cache not set in the context
[2018-05-07-23:51:21] [DEBUG] Connection request: [route: {}->http://localhost:5758][total kept alive: 1; route allocated: 1 of 2000; total allocated: 1 of 2000]
[2018-05-07-23:51:21] [DEBUG] Connection leased: [id: 0][route: {}->http://localhost:5758][total kept alive: 0; route allocated: 1 of 2000; total allocated: 1 of 2000]
[2018-05-07-23:51:21] [DEBUG] Stale connection check
[2018-05-07-23:51:21] [DEBUG] http-outgoing-0 << "[read] I/O error: Read timed out"
[2018-05-07-23:51:21] [DEBUG] http-outgoing-0: set socket timeout to 10800000
[2018-05-07-23:51:21] [DEBUG] Executing request POST /session/8e9296de619548d0082d2447c13e136f/element/0.7846965322888784-2/value HTTP/1.1
[2018-05-07-23:51:21] [DEBUG] Target auth state: UNCHALLENGED
[2018-05-07-23:51:21] [DEBUG] Proxy auth state: UNCHALLENGED
[2018-05-07-23:51:21] [DEBUG] http-outgoing-0 >> POST /session/8e9296de619548d0082d2447c13e136f/element/0.7846965322888784-2/value HTTP/1.1
[2018-05-07-23:51:21] [DEBUG] http-outgoing-0 >> Content-Type: application/json; charset=utf-8
[2018-05-07-23:51:21] [DEBUG] http-outgoing-0 >> Content-Length: 50
[2018-05-07-23:51:21] [DEBUG] http-outgoing-0 >> Host: localhost:5758
[2018-05-07-23:51:21] [DEBUG] http-outgoing-0 >> Connection: Keep-Alive
[2018-05-07-23:51:21] [DEBUG] http-outgoing-0 >> User-Agent: Apache-HttpClient/4.5.3 (Java/1.8.0_151)
[2018-05-07-23:51:21] [DEBUG] http-outgoing-0 >> Accept-Encoding: gzip,deflate
[2018-05-07-23:51:21] [DEBUG] http-outgoing-0 >> "POST /session/8e9296de619548d0082d2447c13e136f/element/0.7846965322888784-2/value HTTP/1.1[\r][\n]"
[2018-05-07-23:51:21] [DEBUG] http-outgoing-0 >> "Content-Type: application/json; charset=utf-8[\r][\n]"
[2018-05-07-23:51:21] [DEBUG] http-outgoing-0 >> "Content-Length: 50[\r][\n]"
[2018-05-07-23:51:21] [DEBUG] http-outgoing-0 >> "Host: localhost:5758[\r][\n]"
[2018-05-07-23:51:21] [DEBUG] http-outgoing-0 >> "Connection: Keep-Alive[\r][\n]"
[2018-05-07-23:51:21] [DEBUG] http-outgoing-0 >> "User-Agent: Apache-HttpClient/4.5.3 (Java/1.8.0_151)[\r][\n]"
[2018-05-07-23:51:21] [DEBUG] http-outgoing-0 >> "Accept-Encoding: gzip,deflate[\r][\n]"
[2018-05-07-23:51:21] [DEBUG] http-outgoing-0 >> "[\r][\n]"
[2018-05-07-23:51:21] [DEBUG] http-outgoing-0 >> "{"id":"0.7846965322888784-2","value":["password"]}"
[2018-05-07-23:51:21] [DEBUG] http-outgoing-0 << "HTTP/1.1 200 OK[\r][\n]"
[2018-05-07-23:51:21] [DEBUG] http-outgoing-0 << "Content-Length:72[\r][\n]"
[2018-05-07-23:51:21] [DEBUG] http-outgoing-0 << "Content-Type:application/json; charset=utf-8[\r][\n]"
[2018-05-07-23:51:21] [DEBUG] http-outgoing-0 << "[\r][\n]"
[2018-05-07-23:51:21] [DEBUG] http-outgoing-0 << "{"sessionId":"8e9296de619548d0082d2447c13e136f","status":0,"value":null}"
[2018-05-07-23:51:21] [DEBUG] http-outgoing-0 << HTTP/1.1 200 OK
[2018-05-07-23:51:21] [DEBUG] http-outgoing-0 << Content-Length:72
[2018-05-07-23:51:21] [DEBUG] http-outgoing-0 << Content-Type:application/json; charset=utf-8
[2018-05-07-23:51:21] [DEBUG] Connection can be kept alive indefinitely
[2018-05-07-23:51:21] [DEBUG] Connection [id: 0][route: {}->http://localhost:5758] can be kept alive indefinitely
[2018-05-07-23:51:21] [DEBUG] Connection released: [id: 0][route: {}->http://localhost:5758][total kept alive: 1; route allocated: 1 of 2000; total allocated: 1 of 2000]
[2018-05-07-23:51:21] [INFO] 输入assword
[2018-05-07-23:51:21] [DEBUG] CookieSpec selected: default
[2018-05-07-23:51:21] [DEBUG] Auth cache not set in the context
[2018-05-07-23:51:21] [DEBUG] Connection request: [route: {}->http://localhost:5758][total kept alive: 1; route allocated: 1 of 2000; total allocated: 1 of 2000]
[2018-05-07-23:51:21] [DEBUG] Connection leased: [id: 0][route: {}->http://localhost:5758][total kept alive: 0; route allocated: 1 of 2000; total allocated: 1 of 2000]
[2018-05-07-23:51:21] [DEBUG] Stale connection check
[2018-05-07-23:51:21] [DEBUG] http-outgoing-0 << "[read] I/O error: Read timed out"
[2018-05-07-23:51:21] [DEBUG] http-outgoing-0: set socket timeout to 10800000
[2018-05-07-23:51:21] [DEBUG] Executing request POST /session/8e9296de619548d0082d2447c13e136f/element HTTP/1.1
[2018-05-07-23:51:21] [DEBUG] Target auth state: UNCHALLENGED
[2018-05-07-23:51:21] [DEBUG] Proxy auth state: UNCHALLENGED
[2018-05-07-23:51:21] [DEBUG] http-outgoing-0 >> POST /session/8e9296de619548d0082d2447c13e136f/element HTTP/1.1
[2018-05-07-23:51:21] [DEBUG] http-outgoing-0 >> Content-Type: application/json; charset=utf-8
[2018-05-07-23:51:21] [DEBUG] http-outgoing-0 >> Content-Length: 86
[2018-05-07-23:51:21] [DEBUG] http-outgoing-0 >> Host: localhost:5758
[2018-05-07-23:51:21] [DEBUG] http-outgoing-0 >> Connection: Keep-Alive
[2018-05-07-23:51:21] [DEBUG] http-outgoing-0 >> User-Agent: Apache-HttpClient/4.5.3 (Java/1.8.0_151)
[2018-05-07-23:51:21] [DEBUG] http-outgoing-0 >> Accept-Encoding: gzip,deflate
[2018-05-07-23:51:21] [DEBUG] http-outgoing-0 >> "POST /session/8e9296de619548d0082d2447c13e136f/element HTTP/1.1[\r][\n]"
[2018-05-07-23:51:21] [DEBUG] http-outgoing-0 >> "Content-Type: application/json; charset=utf-8[\r][\n]"
[2018-05-07-23:51:21] [DEBUG] http-outgoing-0 >> "Content-Length: 86[\r][\n]"
[2018-05-07-23:51:21] [DEBUG] http-outgoing-0 >> "Host: localhost:5758[\r][\n]"
[2018-05-07-23:51:21] [DEBUG] http-outgoing-0 >> "Connection: Keep-Alive[\r][\n]"
[2018-05-07-23:51:21] [DEBUG] http-outgoing-0 >> "User-Agent: Apache-HttpClient/4.5.3 (Java/1.8.0_151)[\r][\n]"
[2018-05-07-23:51:21] [DEBUG] http-outgoing-0 >> "Accept-Encoding: gzip,deflate[\r][\n]"
[2018-05-07-23:51:21] [DEBUG] http-outgoing-0 >> "[\r][\n]"
[2018-05-07-23:51:21] [DEBUG] http-outgoing-0 >> "{"using":"xpath","value":"//*[@id=\"lsform\"]/div/div/table/tbody/tr[2]/td[3]/button"}"
[2018-05-07-23:51:21] [DEBUG] http-outgoing-0 << "HTTP/1.1 200 OK[\r][\n]"
[2018-05-07-23:51:21] [DEBUG] http-outgoing-0 << "Content-Length:102[\r][\n]"
[2018-05-07-23:51:21] [DEBUG] http-outgoing-0 << "Content-Type:application/json; charset=utf-8[\r][\n]"
[2018-05-07-23:51:21] [DEBUG] http-outgoing-0 << "[\r][\n]"
[2018-05-07-23:51:21] [DEBUG] http-outgoing-0 << "{"sessionId":"8e9296de619548d0082d2447c13e136f","status":0,"value":{"ELEMENT":"0.7846965322888784-3"}}"
[2018-05-07-23:51:21] [DEBUG] http-outgoing-0 << HTTP/1.1 200 OK
[2018-05-07-23:51:21] [DEBUG] http-outgoing-0 << Content-Length:102
[2018-05-07-23:51:21] [DEBUG] http-outgoing-0 << Content-Type:application/json; charset=utf-8
[2018-05-07-23:51:21] [DEBUG] Connection can be kept alive indefinitely
[2018-05-07-23:51:21] [DEBUG] Connection [id: 0][route: {}->http://localhost:5758] can be kept alive indefinitely
[2018-05-07-23:51:21] [DEBUG] Connection released: [id: 0][route: {}->http://localhost:5758][total kept alive: 1; route allocated: 1 of 2000; total allocated: 1 of 2000]
[2018-05-07-23:51:21] [INFO] 元素找到 xpath: //*[@id="lsform"]/div/div/table/tbody/tr[2]/td[3]/button
[2018-05-07-23:51:21] [DEBUG] CookieSpec selected: default
[2018-05-07-23:51:21] [DEBUG] Auth cache not set in the context
[2018-05-07-23:51:21] [DEBUG] Connection request: [route: {}->http://localhost:5758][total kept alive: 1; route allocated: 1 of 2000; total allocated: 1 of 2000]
[2018-05-07-23:51:21] [DEBUG] Connection leased: [id: 0][route: {}->http://localhost:5758][total kept alive: 0; route allocated: 1 of 2000; total allocated: 1 of 2000]
[2018-05-07-23:51:21] [DEBUG] Stale connection check
[2018-05-07-23:51:21] [DEBUG] http-outgoing-0 << "[read] I/O error: Read timed out"
[2018-05-07-23:51:21] [DEBUG] http-outgoing-0: set socket timeout to 10800000
[2018-05-07-23:51:21] [DEBUG] Executing request POST /session/8e9296de619548d0082d2447c13e136f/element/0.7846965322888784-3/click HTTP/1.1
[2018-05-07-23:51:21] [DEBUG] Target auth state: UNCHALLENGED
[2018-05-07-23:51:21] [DEBUG] Proxy auth state: UNCHALLENGED
[2018-05-07-23:51:21] [DEBUG] http-outgoing-0 >> POST /session/8e9296de619548d0082d2447c13e136f/element/0.7846965322888784-3/click HTTP/1.1
[2018-05-07-23:51:21] [DEBUG] http-outgoing-0 >> Content-Type: application/json; charset=utf-8
[2018-05-07-23:51:21] [DEBUG] http-outgoing-0 >> Content-Length: 29
[2018-05-07-23:51:21] [DEBUG] http-outgoing-0 >> Host: localhost:5758
[2018-05-07-23:51:21] [DEBUG] http-outgoing-0 >> Connection: Keep-Alive
[2018-05-07-23:51:21] [DEBUG] http-outgoing-0 >> User-Agent: Apache-HttpClient/4.5.3 (Java/1.8.0_151)
[2018-05-07-23:51:21] [DEBUG] http-outgoing-0 >> Accept-Encoding: gzip,deflate
[2018-05-07-23:51:21] [DEBUG] http-outgoing-0 >> "POST /session/8e9296de619548d0082d2447c13e136f/element/0.7846965322888784-3/click HTTP/1.1[\r][\n]"
[2018-05-07-23:51:21] [DEBUG] http-outgoing-0 >> "Content-Type: application/json; charset=utf-8[\r][\n]"
[2018-05-07-23:51:21] [DEBUG] http-outgoing-0 >> "Content-Length: 29[\r][\n]"
[2018-05-07-23:51:21] [DEBUG] http-outgoing-0 >> "Host: localhost:5758[\r][\n]"
[2018-05-07-23:51:21] [DEBUG] http-outgoing-0 >> "Connection: Keep-Alive[\r][\n]"
[2018-05-07-23:51:21] [DEBUG] http-outgoing-0 >> "User-Agent: Apache-HttpClient/4.5.3 (Java/1.8.0_151)[\r][\n]"
[2018-05-07-23:51:21] [DEBUG] http-outgoing-0 >> "Accept-Encoding: gzip,deflate[\r][\n]"
[2018-05-07-23:51:21] [DEBUG] http-outgoing-0 >> "[\r][\n]"
[2018-05-07-23:51:21] [DEBUG] http-outgoing-0 >> "{"id":"0.7846965322888784-3"}"
[2018-05-07-23:51:21] [DEBUG] http-outgoing-0 << "HTTP/1.1 200 OK[\r][\n]"
[2018-05-07-23:51:21] [DEBUG] http-outgoing-0 << "Content-Length:72[\r][\n]"
[2018-05-07-23:51:21] [DEBUG] http-outgoing-0 << "Content-Type:application/json; charset=utf-8[\r][\n]"
[2018-05-07-23:51:21] [DEBUG] http-outgoing-0 << "[\r][\n]"
[2018-05-07-23:51:21] [DEBUG] http-outgoing-0 << "{"sessionId":"8e9296de619548d0082d2447c13e136f","status":0,"value":null}"
[2018-05-07-23:51:21] [DEBUG] http-outgoing-0 << HTTP/1.1 200 OK
[2018-05-07-23:51:21] [DEBUG] http-outgoing-0 << Content-Length:72
[2018-05-07-23:51:21] [DEBUG] http-outgoing-0 << Content-Type:application/json; charset=utf-8
[2018-05-07-23:51:21] [DEBUG] Connection can be kept alive indefinitely
[2018-05-07-23:51:21] [DEBUG] Connection [id: 0][route: {}->http://localhost:5758] can be kept alive indefinitely
[2018-05-07-23:51:21] [DEBUG] Connection released: [id: 0][route: {}->http://localhost:5758][total kept alive: 1; route allocated: 1 of 2000; total allocated: 1 of 2000]
[2018-05-07-23:51:21] [INFO] 已点击加载
[2018-05-07-23:51:24] [DEBUG] CookieSpec selected: default
[2018-05-07-23:51:24] [DEBUG] Auth cache not set in the context
[2018-05-07-23:51:24] [DEBUG] Connection request: [route: {}->http://localhost:5758][total kept alive: 1; route allocated: 1 of 2000; total allocated: 1 of 2000]
[2018-05-07-23:51:24] [DEBUG] http-outgoing-0 << "[read] I/O error: Read timed out"
[2018-05-07-23:51:24] [DEBUG] Connection leased: [id: 0][route: {}->http://localhost:5758][total kept alive: 0; route allocated: 1 of 2000; total allocated: 1 of 2000]
[2018-05-07-23:51:24] [DEBUG] Stale connection check
[2018-05-07-23:51:24] [DEBUG] http-outgoing-0 << "[read] I/O error: Read timed out"
[2018-05-07-23:51:24] [DEBUG] http-outgoing-0: set socket timeout to 10800000
[2018-05-07-23:51:24] [DEBUG] Executing request POST /session/8e9296de619548d0082d2447c13e136f/element HTTP/1.1
[2018-05-07-23:51:24] [DEBUG] Target auth state: UNCHALLENGED
[2018-05-07-23:51:24] [DEBUG] Proxy auth state: UNCHALLENGED
[2018-05-07-23:51:24] [DEBUG] http-outgoing-0 >> POST /session/8e9296de619548d0082d2447c13e136f/element HTTP/1.1
[2018-05-07-23:51:24] [DEBUG] http-outgoing-0 >> Content-Type: application/json; charset=utf-8
[2018-05-07-23:51:24] [DEBUG] http-outgoing-0 >> Content-Length: 39
[2018-05-07-23:51:24] [DEBUG] http-outgoing-0 >> Host: localhost:5758
[2018-05-07-23:51:24] [DEBUG] http-outgoing-0 >> Connection: Keep-Alive
[2018-05-07-23:51:24] [DEBUG] http-outgoing-0 >> User-Agent: Apache-HttpClient/4.5.3 (Java/1.8.0_151)
[2018-05-07-23:51:24] [DEBUG] http-outgoing-0 >> Accept-Encoding: gzip,deflate
[2018-05-07-23:51:24] [DEBUG] http-outgoing-0 >> "POST /session/8e9296de619548d0082d2447c13e136f/element HTTP/1.1[\r][\n]"
[2018-05-07-23:51:24] [DEBUG] http-outgoing-0 >> "Content-Type: application/json; charset=utf-8[\r][\n]"
[2018-05-07-23:51:24] [DEBUG] http-outgoing-0 >> "Content-Length: 39[\r][\n]"
[2018-05-07-23:51:24] [DEBUG] http-outgoing-0 >> "Host: localhost:5758[\r][\n]"
[2018-05-07-23:51:24] [DEBUG] http-outgoing-0 >> "Connection: Keep-Alive[\r][\n]"
[2018-05-07-23:51:24] [DEBUG] http-outgoing-0 >> "User-Agent: Apache-HttpClient/4.5.3 (Java/1.8.0_151)[\r][\n]"
[2018-05-07-23:51:24] [DEBUG] http-outgoing-0 >> "Accept-Encoding: gzip,deflate[\r][\n]"
[2018-05-07-23:51:24] [DEBUG] http-outgoing-0 >> "[\r][\n]"
[2018-05-07-23:51:24] [DEBUG] http-outgoing-0 >> "{"using":"class name","value":"fl_icn"}"
[2018-05-07-23:51:24] [DEBUG] http-outgoing-0 << "HTTP/1.1 200 OK[\r][\n]"
[2018-05-07-23:51:24] [DEBUG] http-outgoing-0 << "Content-Length:102[\r][\n]"
[2018-05-07-23:51:24] [DEBUG] http-outgoing-0 << "Content-Type:application/json; charset=utf-8[\r][\n]"
[2018-05-07-23:51:24] [DEBUG] http-outgoing-0 << "[\r][\n]"
[2018-05-07-23:51:24] [DEBUG] http-outgoing-0 << "{"sessionId":"8e9296de619548d0082d2447c13e136f","status":0,"value":{"ELEMENT":"0.7082424888667158-1"}}"
[2018-05-07-23:51:24] [DEBUG] http-outgoing-0 << HTTP/1.1 200 OK
[2018-05-07-23:51:24] [DEBUG] http-outgoing-0 << Content-Length:102
[2018-05-07-23:51:24] [DEBUG] http-outgoing-0 << Content-Type:application/json; charset=utf-8
[2018-05-07-23:51:24] [DEBUG] Connection can be kept alive indefinitely
[2018-05-07-23:51:24] [DEBUG] Connection [id: 0][route: {}->http://localhost:5758] can be kept alive indefinitely
[2018-05-07-23:51:24] [DEBUG] Connection released: [id: 0][route: {}->http://localhost:5758][total kept alive: 1; route allocated: 1 of 2000; total allocated: 1 of 2000]
[2018-05-07-23:51:24] [INFO] 元素找到 class name: fl_icn
[2018-05-07-23:51:24] [DEBUG] CookieSpec selected: default
[2018-05-07-23:51:24] [DEBUG] Auth cache not set in the context
[2018-05-07-23:51:24] [DEBUG] Connection request: [route: {}->http://localhost:5758][total kept alive: 1; route allocated: 1 of 2000; total allocated: 1 of 2000]
[2018-05-07-23:51:24] [DEBUG] Connection leased: [id: 0][route: {}->http://localhost:5758][total kept alive: 0; route allocated: 1 of 2000; total allocated: 1 of 2000]
[2018-05-07-23:51:24] [DEBUG] Stale connection check
[2018-05-07-23:51:24] [DEBUG] http-outgoing-0 << "[read] I/O error: Read timed out"
[2018-05-07-23:51:24] [DEBUG] http-outgoing-0: set socket timeout to 10800000
[2018-05-07-23:51:24] [DEBUG] Executing request POST /session/8e9296de619548d0082d2447c13e136f/element/0.7082424888667158-1/click HTTP/1.1
[2018-05-07-23:51:24] [DEBUG] Target auth state: UNCHALLENGED
[2018-05-07-23:51:24] [DEBUG] Proxy auth state: UNCHALLENGED
[2018-05-07-23:51:24] [DEBUG] http-outgoing-0 >> POST /session/8e9296de619548d0082d2447c13e136f/element/0.7082424888667158-1/click HTTP/1.1
[2018-05-07-23:51:24] [DEBUG] http-outgoing-0 >> Content-Type: application/json; charset=utf-8
[2018-05-07-23:51:24] [DEBUG] http-outgoing-0 >> Content-Length: 29
[2018-05-07-23:51:24] [DEBUG] http-outgoing-0 >> Host: localhost:5758
[2018-05-07-23:51:24] [DEBUG] http-outgoing-0 >> Connection: Keep-Alive
[2018-05-07-23:51:24] [DEBUG] http-outgoing-0 >> User-Agent: Apache-HttpClient/4.5.3 (Java/1.8.0_151)
[2018-05-07-23:51:24] [DEBUG] http-outgoing-0 >> Accept-Encoding: gzip,deflate
[2018-05-07-23:51:24] [DEBUG] http-outgoing-0 >> "POST /session/8e9296de619548d0082d2447c13e136f/element/0.7082424888667158-1/click HTTP/1.1[\r][\n]"
[2018-05-07-23:51:24] [DEBUG] http-outgoing-0 >> "Content-Type: application/json; charset=utf-8[\r][\n]"
[2018-05-07-23:51:24] [DEBUG] http-outgoing-0 >> "Content-Length: 29[\r][\n]"
[2018-05-07-23:51:24] [DEBUG] http-outgoing-0 >> "Host: localhost:5758[\r][\n]"
[2018-05-07-23:51:24] [DEBUG] http-outgoing-0 >> "Connection: Keep-Alive[\r][\n]"
[2018-05-07-23:51:24] [DEBUG] http-outgoing-0 >> "User-Agent: Apache-HttpClient/4.5.3 (Java/1.8.0_151)[\r][\n]"
[2018-05-07-23:51:24] [DEBUG] http-outgoing-0 >> "Accept-Encoding: gzip,deflate[\r][\n]"
[2018-05-07-23:51:24] [DEBUG] http-outgoing-0 >> "[\r][\n]"
[2018-05-07-23:51:24] [DEBUG] http-outgoing-0 >> "{"id":"0.7082424888667158-1"}"
[2018-05-07-23:51:24] [DEBUG] http-outgoing-0 << "HTTP/1.1 200 OK[\r][\n]"
[2018-05-07-23:51:24] [DEBUG] http-outgoing-0 << "Content-Length:72[\r][\n]"
[2018-05-07-23:51:24] [DEBUG] http-outgoing-0 << "Content-Type:application/json; charset=utf-8[\r][\n]"
[2018-05-07-23:51:24] [DEBUG] http-outgoing-0 << "[\r][\n]"
[2018-05-07-23:51:24] [DEBUG] http-outgoing-0 << "{"sessionId":"8e9296de619548d0082d2447c13e136f","status":0,"value":null}"
[2018-05-07-23:51:24] [DEBUG] http-outgoing-0 << HTTP/1.1 200 OK
[2018-05-07-23:51:24] [DEBUG] http-outgoing-0 << Content-Length:72
[2018-05-07-23:51:24] [DEBUG] http-outgoing-0 << Content-Type:application/json; charset=utf-8
[2018-05-07-23:51:24] [DEBUG] Connection can be kept alive indefinitely
[2018-05-07-23:51:24] [DEBUG] Connection [id: 0][route: {}->http://localhost:5758] can be kept alive indefinitely
[2018-05-07-23:51:24] [DEBUG] Connection released: [id: 0][route: {}->http://localhost:5758][total kept alive: 1; route allocated: 1 of 2000; total allocated: 1 of 2000]
[2018-05-07-23:51:24] [INFO] 已点击加载
[2018-05-07-23:51:25] [DEBUG] CookieSpec selected: default
[2018-05-07-23:51:25] [DEBUG] Auth cache not set in the context
[2018-05-07-23:51:25] [DEBUG] Connection request: [route: {}->http://localhost:5758][total kept alive: 1; route allocated: 1 of 2000; total allocated: 1 of 2000]
[2018-05-07-23:51:25] [DEBUG] Connection leased: [id: 0][route: {}->http://localhost:5758][total kept alive: 0; route allocated: 1 of 2000; total allocated: 1 of 2000]
[2018-05-07-23:51:25] [DEBUG] Stale connection check
[2018-05-07-23:51:25] [DEBUG] http-outgoing-0 << "[read] I/O error: Read timed out"
[2018-05-07-23:51:25] [DEBUG] http-outgoing-0: set socket timeout to 10800000
[2018-05-07-23:51:25] [DEBUG] Executing request POST /session/8e9296de619548d0082d2447c13e136f/element HTTP/1.1
[2018-05-07-23:51:25] [DEBUG] Target auth state: UNCHALLENGED
[2018-05-07-23:51:25] [DEBUG] Proxy auth state: UNCHALLENGED
[2018-05-07-23:51:25] [DEBUG] http-outgoing-0 >> POST /session/8e9296de619548d0082d2447c13e136f/element HTTP/1.1
[2018-05-07-23:51:25] [DEBUG] http-outgoing-0 >> Content-Type: application/json; charset=utf-8
[2018-05-07-23:51:25] [DEBUG] http-outgoing-0 >> Content-Length: 66
[2018-05-07-23:51:25] [DEBUG] http-outgoing-0 >> Host: localhost:5758
[2018-05-07-23:51:25] [DEBUG] http-outgoing-0 >> Connection: Keep-Alive
[2018-05-07-23:51:25] [DEBUG] http-outgoing-0 >> User-Agent: Apache-HttpClient/4.5.3 (Java/1.8.0_151)
[2018-05-07-23:51:25] [DEBUG] http-outgoing-0 >> Accept-Encoding: gzip,deflate
[2018-05-07-23:51:25] [DEBUG] http-outgoing-0 >> "POST /session/8e9296de619548d0082d2447c13e136f/element HTTP/1.1[\r][\n]"
[2018-05-07-23:51:25] [DEBUG] http-outgoing-0 >> "Content-Type: application/json; charset=utf-8[\r][\n]"
[2018-05-07-23:51:25] [DEBUG] http-outgoing-0 >> "Content-Length: 66[\r][\n]"
[2018-05-07-23:51:25] [DEBUG] http-outgoing-0 >> "Host: localhost:5758[\r][\n]"
[2018-05-07-23:51:25] [DEBUG] http-outgoing-0 >> "Connection: Keep-Alive[\r][\n]"
[2018-05-07-23:51:25] [DEBUG] http-outgoing-0 >> "User-Agent: Apache-HttpClient/4.5.3 (Java/1.8.0_151)[\r][\n]"
[2018-05-07-23:51:25] [DEBUG] http-outgoing-0 >> "Accept-Encoding: gzip,deflate[\r][\n]"
[2018-05-07-23:51:25] [DEBUG] http-outgoing-0 >> "[\r][\n]"
[2018-05-07-23:51:25] [DEBUG] http-outgoing-0 >> "{"using":"xpath","value":"//*[@id=\"normalthread_3\"]/tr/th/a[1]"}"
[2018-05-07-23:51:25] [DEBUG] http-outgoing-0 << "HTTP/1.1 200 OK[\r][\n]"
[2018-05-07-23:51:25] [DEBUG] http-outgoing-0 << "Content-Length:102[\r][\n]"
[2018-05-07-23:51:25] [DEBUG] http-outgoing-0 << "Content-Type:application/json; charset=utf-8[\r][\n]"
[2018-05-07-23:51:25] [DEBUG] http-outgoing-0 << "[\r][\n]"
[2018-05-07-23:51:25] [DEBUG] http-outgoing-0 << "{"sessionId":"8e9296de619548d0082d2447c13e136f","status":0,"value":{"ELEMENT":"0.4455133287704873-1"}}"
[2018-05-07-23:51:25] [DEBUG] http-outgoing-0 << HTTP/1.1 200 OK
[2018-05-07-23:51:25] [DEBUG] http-outgoing-0 << Content-Length:102
[2018-05-07-23:51:25] [DEBUG] http-outgoing-0 << Content-Type:application/json; charset=utf-8
[2018-05-07-23:51:25] [DEBUG] Connection can be kept alive indefinitely
[2018-05-07-23:51:25] [DEBUG] Connection [id: 0][route: {}->http://localhost:5758] can be kept alive indefinitely
[2018-05-07-23:51:25] [DEBUG] Connection released: [id: 0][route: {}->http://localhost:5758][total kept alive: 1; route allocated: 1 of 2000; total allocated: 1 of 2000]
[2018-05-07-23:51:25] [INFO] 元素找到 xpath: //*[@id="normalthread_3"]/tr/th/a[1]
[2018-05-07-23:51:25] [DEBUG] CookieSpec selected: default
[2018-05-07-23:51:25] [DEBUG] Auth cache not set in the context
[2018-05-07-23:51:25] [DEBUG] Connection request: [route: {}->http://localhost:5758][total kept alive: 1; route allocated: 1 of 2000; total allocated: 1 of 2000]
[2018-05-07-23:51:25] [DEBUG] Connection leased: [id: 0][route: {}->http://localhost:5758][total kept alive: 0; route allocated: 1 of 2000; total allocated: 1 of 2000]
[2018-05-07-23:51:25] [DEBUG] Stale connection check
[2018-05-07-23:51:25] [DEBUG] http-outgoing-0 << "[read] I/O error: Read timed out"
[2018-05-07-23:51:25] [DEBUG] http-outgoing-0: set socket timeout to 10800000
[2018-05-07-23:51:25] [DEBUG] Executing request POST /session/8e9296de619548d0082d2447c13e136f/element/0.4455133287704873-1/click HTTP/1.1
[2018-05-07-23:51:25] [DEBUG] Target auth state: UNCHALLENGED
[2018-05-07-23:51:25] [DEBUG] Proxy auth state: UNCHALLENGED
[2018-05-07-23:51:25] [DEBUG] http-outgoing-0 >> POST /session/8e9296de619548d0082d2447c13e136f/element/0.4455133287704873-1/click HTTP/1.1
[2018-05-07-23:51:25] [DEBUG] http-outgoing-0 >> Content-Type: application/json; charset=utf-8
[2018-05-07-23:51:25] [DEBUG] http-outgoing-0 >> Content-Length: 29
[2018-05-07-23:51:25] [DEBUG] http-outgoing-0 >> Host: localhost:5758
[2018-05-07-23:51:25] [DEBUG] http-outgoing-0 >> Connection: Keep-Alive
[2018-05-07-23:51:25] [DEBUG] http-outgoing-0 >> User-Agent: Apache-HttpClient/4.5.3 (Java/1.8.0_151)
[2018-05-07-23:51:25] [DEBUG] http-outgoing-0 >> Accept-Encoding: gzip,deflate
[2018-05-07-23:51:25] [DEBUG] http-outgoing-0 >> "POST /session/8e9296de619548d0082d2447c13e136f/element/0.4455133287704873-1/click HTTP/1.1[\r][\n]"
[2018-05-07-23:51:25] [DEBUG] http-outgoing-0 >> "Content-Type: application/json; charset=utf-8[\r][\n]"
[2018-05-07-23:51:25] [DEBUG] http-outgoing-0 >> "Content-Length: 29[\r][\n]"
[2018-05-07-23:51:25] [DEBUG] http-outgoing-0 >> "Host: localhost:5758[\r][\n]"
[2018-05-07-23:51:25] [DEBUG] http-outgoing-0 >> "Connection: Keep-Alive[\r][\n]"
[2018-05-07-23:51:25] [DEBUG] http-outgoing-0 >> "User-Agent: Apache-HttpClient/4.5.3 (Java/1.8.0_151)[\r][\n]"
[2018-05-07-23:51:25] [DEBUG] http-outgoing-0 >> "Accept-Encoding: gzip,deflate[\r][\n]"
[2018-05-07-23:51:25] [DEBUG] http-outgoing-0 >> "[\r][\n]"
[2018-05-07-23:51:25] [DEBUG] http-outgoing-0 >> "{"id":"0.4455133287704873-1"}"
[2018-05-07-23:51:25] [DEBUG] http-outgoing-0 << "HTTP/1.1 200 OK[\r][\n]"
[2018-05-07-23:51:25] [DEBUG] http-outgoing-0 << "Content-Length:72[\r][\n]"
[2018-05-07-23:51:25] [DEBUG] http-outgoing-0 << "Content-Type:application/json; charset=utf-8[\r][\n]"
[2018-05-07-23:51:25] [DEBUG] http-outgoing-0 << "[\r][\n]"
[2018-05-07-23:51:25] [DEBUG] http-outgoing-0 << "{"sessionId":"8e9296de619548d0082d2447c13e136f","status":0,"value":null}"
[2018-05-07-23:51:25] [DEBUG] http-outgoing-0 << HTTP/1.1 200 OK
[2018-05-07-23:51:25] [DEBUG] http-outgoing-0 << Content-Length:72
[2018-05-07-23:51:25] [DEBUG] http-outgoing-0 << Content-Type:application/json; charset=utf-8
[2018-05-07-23:51:25] [DEBUG] Connection can be kept alive indefinitely
[2018-05-07-23:51:25] [DEBUG] Connection [id: 0][route: {}->http://localhost:5758] can be kept alive indefinitely
[2018-05-07-23:51:25] [DEBUG] Connection released: [id: 0][route: {}->http://localhost:5758][total kept alive: 1; route allocated: 1 of 2000; total allocated: 1 of 2000]
[2018-05-07-23:51:25] [INFO] 已点击加载
[2018-05-07-23:51:25] [DEBUG] CookieSpec selected: default
[2018-05-07-23:51:25] [DEBUG] Auth cache not set in the context
[2018-05-07-23:51:25] [DEBUG] Connection request: [route: {}->http://localhost:5758][total kept alive: 1; route allocated: 1 of 2000; total allocated: 1 of 2000]
[2018-05-07-23:51:25] [DEBUG] Connection leased: [id: 0][route: {}->http://localhost:5758][total kept alive: 0; route allocated: 1 of 2000; total allocated: 1 of 2000]
[2018-05-07-23:51:25] [DEBUG] Stale connection check
[2018-05-07-23:51:25] [DEBUG] http-outgoing-0 << "[read] I/O error: Read timed out"
[2018-05-07-23:51:25] [DEBUG] http-outgoing-0: set socket timeout to 10800000
[2018-05-07-23:51:25] [DEBUG] Executing request POST /session/8e9296de619548d0082d2447c13e136f/element HTTP/1.1
[2018-05-07-23:51:25] [DEBUG] Target auth state: UNCHALLENGED
[2018-05-07-23:51:25] [DEBUG] Proxy auth state: UNCHALLENGED
[2018-05-07-23:51:25] [DEBUG] http-outgoing-0 >> POST /session/8e9296de619548d0082d2447c13e136f/element HTTP/1.1
[2018-05-07-23:51:25] [DEBUG] http-outgoing-0 >> Content-Type: application/json; charset=utf-8
[2018-05-07-23:51:25] [DEBUG] http-outgoing-0 >> Content-Length: 40
[2018-05-07-23:51:25] [DEBUG] http-outgoing-0 >> Host: localhost:5758
[2018-05-07-23:51:25] [DEBUG] http-outgoing-0 >> Connection: Keep-Alive
[2018-05-07-23:51:25] [DEBUG] http-outgoing-0 >> User-Agent: Apache-HttpClient/4.5.3 (Java/1.8.0_151)
[2018-05-07-23:51:25] [DEBUG] http-outgoing-0 >> Accept-Encoding: gzip,deflate
[2018-05-07-23:51:25] [DEBUG] http-outgoing-0 >> "POST /session/8e9296de619548d0082d2447c13e136f/element HTTP/1.1[\r][\n]"
[2018-05-07-23:51:25] [DEBUG] http-outgoing-0 >> "Content-Type: application/json; charset=utf-8[\r][\n]"
[2018-05-07-23:51:25] [DEBUG] http-outgoing-0 >> "Content-Length: 40[\r][\n]"
[2018-05-07-23:51:25] [DEBUG] http-outgoing-0 >> "Host: localhost:5758[\r][\n]"
[2018-05-07-23:51:25] [DEBUG] http-outgoing-0 >> "Connection: Keep-Alive[\r][\n]"
[2018-05-07-23:51:25] [DEBUG] http-outgoing-0 >> "User-Agent: Apache-HttpClient/4.5.3 (Java/1.8.0_151)[\r][\n]"
[2018-05-07-23:51:25] [DEBUG] http-outgoing-0 >> "Accept-Encoding: gzip,deflate[\r][\n]"
[2018-05-07-23:51:25] [DEBUG] http-outgoing-0 >> "[\r][\n]"
[2018-05-07-23:51:25] [DEBUG] http-outgoing-0 >> "{"using":"id","value":"fastpostmessage"}"
[2018-05-07-23:51:25] [DEBUG] http-outgoing-0 << "HTTP/1.1 200 OK[\r][\n]"
[2018-05-07-23:51:25] [DEBUG] http-outgoing-0 << "Content-Length:102[\r][\n]"
[2018-05-07-23:51:25] [DEBUG] http-outgoing-0 << "Content-Type:application/json; charset=utf-8[\r][\n]"
[2018-05-07-23:51:25] [DEBUG] http-outgoing-0 << "[\r][\n]"
[2018-05-07-23:51:25] [DEBUG] http-outgoing-0 << "{"sessionId":"8e9296de619548d0082d2447c13e136f","status":0,"value":{"ELEMENT":"0.6057638260668867-1"}}"
[2018-05-07-23:51:25] [DEBUG] http-outgoing-0 << HTTP/1.1 200 OK
[2018-05-07-23:51:25] [DEBUG] http-outgoing-0 << Content-Length:102
[2018-05-07-23:51:25] [DEBUG] http-outgoing-0 << Content-Type:application/json; charset=utf-8
[2018-05-07-23:51:25] [DEBUG] Connection can be kept alive indefinitely
[2018-05-07-23:51:25] [DEBUG] Connection [id: 0][route: {}->http://localhost:5758] can be kept alive indefinitely
[2018-05-07-23:51:25] [DEBUG] Connection released: [id: 0][route: {}->http://localhost:5758][total kept alive: 1; route allocated: 1 of 2000; total allocated: 1 of 2000]
[2018-05-07-23:51:25] [INFO] 元素找到 id: fastpostmessage
[2018-05-07-23:51:25] [DEBUG] CookieSpec selected: default
[2018-05-07-23:51:25] [DEBUG] Auth cache not set in the context
[2018-05-07-23:51:25] [DEBUG] Connection request: [route: {}->http://localhost:5758][total kept alive: 1; route allocated: 1 of 2000; total allocated: 1 of 2000]
[2018-05-07-23:51:25] [DEBUG] Connection leased: [id: 0][route: {}->http://localhost:5758][total kept alive: 0; route allocated: 1 of 2000; total allocated: 1 of 2000]
[2018-05-07-23:51:25] [DEBUG] Stale connection check
[2018-05-07-23:51:25] [DEBUG] http-outgoing-0 << "[read] I/O error: Read timed out"
[2018-05-07-23:51:25] [DEBUG] http-outgoing-0: set socket timeout to 10800000
[2018-05-07-23:51:25] [DEBUG] Executing request POST /session/8e9296de619548d0082d2447c13e136f/element HTTP/1.1
[2018-05-07-23:51:25] [DEBUG] Target auth state: UNCHALLENGED
[2018-05-07-23:51:25] [DEBUG] Proxy auth state: UNCHALLENGED
[2018-05-07-23:51:25] [DEBUG] http-outgoing-0 >> POST /session/8e9296de619548d0082d2447c13e136f/element HTTP/1.1
[2018-05-07-23:51:25] [DEBUG] http-outgoing-0 >> Content-Type: application/json; charset=utf-8
[2018-05-07-23:51:25] [DEBUG] http-outgoing-0 >> Content-Length: 40
[2018-05-07-23:51:25] [DEBUG] http-outgoing-0 >> Host: localhost:5758
[2018-05-07-23:51:25] [DEBUG] http-outgoing-0 >> Connection: Keep-Alive
[2018-05-07-23:51:25] [DEBUG] http-outgoing-0 >> User-Agent: Apache-HttpClient/4.5.3 (Java/1.8.0_151)
[2018-05-07-23:51:25] [DEBUG] http-outgoing-0 >> Accept-Encoding: gzip,deflate
[2018-05-07-23:51:25] [DEBUG] http-outgoing-0 >> "POST /session/8e9296de619548d0082d2447c13e136f/element HTTP/1.1[\r][\n]"
[2018-05-07-23:51:25] [DEBUG] http-outgoing-0 >> "Content-Type: application/json; charset=utf-8[\r][\n]"
[2018-05-07-23:51:25] [DEBUG] http-outgoing-0 >> "Content-Length: 40[\r][\n]"
[2018-05-07-23:51:25] [DEBUG] http-outgoing-0 >> "Host: localhost:5758[\r][\n]"
[2018-05-07-23:51:25] [DEBUG] http-outgoing-0 >> "Connection: Keep-Alive[\r][\n]"
[2018-05-07-23:51:25] [DEBUG] http-outgoing-0 >> "User-Agent: Apache-HttpClient/4.5.3 (Java/1.8.0_151)[\r][\n]"
[2018-05-07-23:51:25] [DEBUG] http-outgoing-0 >> "Accept-Encoding: gzip,deflate[\r][\n]"
[2018-05-07-23:51:25] [DEBUG] http-outgoing-0 >> "[\r][\n]"
[2018-05-07-23:51:25] [DEBUG] http-outgoing-0 >> "{"using":"id","value":"fastpostmessage"}"
[2018-05-07-23:51:25] [DEBUG] http-outgoing-0 << "HTTP/1.1 200 OK[\r][\n]"
[2018-05-07-23:51:25] [DEBUG] http-outgoing-0 << "Content-Length:102[\r][\n]"
[2018-05-07-23:51:25] [DEBUG] http-outgoing-0 << "Content-Type:application/json; charset=utf-8[\r][\n]"
[2018-05-07-23:51:25] [DEBUG] http-outgoing-0 << "[\r][\n]"
[2018-05-07-23:51:25] [DEBUG] http-outgoing-0 << "{"sessionId":"8e9296de619548d0082d2447c13e136f","status":0,"value":{"ELEMENT":"0.6057638260668867-1"}}"
[2018-05-07-23:51:25] [DEBUG] http-outgoing-0 << HTTP/1.1 200 OK
[2018-05-07-23:51:25] [DEBUG] http-outgoing-0 << Content-Length:102
[2018-05-07-23:51:25] [DEBUG] http-outgoing-0 << Content-Type:application/json; charset=utf-8
[2018-05-07-23:51:25] [DEBUG] Connection can be kept alive indefinitely
[2018-05-07-23:51:25] [DEBUG] Connection [id: 0][route: {}->http://localhost:5758] can be kept alive indefinitely
[2018-05-07-23:51:25] [DEBUG] Connection released: [id: 0][route: {}->http://localhost:5758][total kept alive: 1; route allocated: 1 of 2000; total allocated: 1 of 2000]
[2018-05-07-23:51:25] [INFO] 元素找到 id: fastpostmessage
[2018-05-07-23:51:25] [DEBUG] CookieSpec selected: default
[2018-05-07-23:51:25] [DEBUG] Auth cache not set in the context
[2018-05-07-23:51:25] [DEBUG] Connection request: [route: {}->http://localhost:5758][total kept alive: 1; route allocated: 1 of 2000; total allocated: 1 of 2000]
[2018-05-07-23:51:25] [DEBUG] Connection leased: [id: 0][route: {}->http://localhost:5758][total kept alive: 0; route allocated: 1 of 2000; total allocated: 1 of 2000]
[2018-05-07-23:51:25] [DEBUG] Stale connection check
[2018-05-07-23:51:25] [DEBUG] http-outgoing-0 << "[read] I/O error: Read timed out"
[2018-05-07-23:51:25] [DEBUG] http-outgoing-0: set socket timeout to 10800000
[2018-05-07-23:51:25] [DEBUG] Executing request POST /session/8e9296de619548d0082d2447c13e136f/element/0.6057638260668867-1/clear HTTP/1.1
[2018-05-07-23:51:25] [DEBUG] Target auth state: UNCHALLENGED
[2018-05-07-23:51:25] [DEBUG] Proxy auth state: UNCHALLENGED
[2018-05-07-23:51:25] [DEBUG] http-outgoing-0 >> POST /session/8e9296de619548d0082d2447c13e136f/element/0.6057638260668867-1/clear HTTP/1.1
[2018-05-07-23:51:25] [DEBUG] http-outgoing-0 >> Content-Type: application/json; charset=utf-8
[2018-05-07-23:51:25] [DEBUG] http-outgoing-0 >> Content-Length: 29
[2018-05-07-23:51:25] [DEBUG] http-outgoing-0 >> Host: localhost:5758
[2018-05-07-23:51:25] [DEBUG] http-outgoing-0 >> Connection: Keep-Alive
[2018-05-07-23:51:25] [DEBUG] http-outgoing-0 >> User-Agent: Apache-HttpClient/4.5.3 (Java/1.8.0_151)
[2018-05-07-23:51:25] [DEBUG] http-outgoing-0 >> Accept-Encoding: gzip,deflate
[2018-05-07-23:51:25] [DEBUG] http-outgoing-0 >> "POST /session/8e9296de619548d0082d2447c13e136f/element/0.6057638260668867-1/clear HTTP/1.1[\r][\n]"
[2018-05-07-23:51:25] [DEBUG] http-outgoing-0 >> "Content-Type: application/json; charset=utf-8[\r][\n]"
[2018-05-07-23:51:25] [DEBUG] http-outgoing-0 >> "Content-Length: 29[\r][\n]"
[2018-05-07-23:51:25] [DEBUG] http-outgoing-0 >> "Host: localhost:5758[\r][\n]"
[2018-05-07-23:51:25] [DEBUG] http-outgoing-0 >> "Connection: Keep-Alive[\r][\n]"
[2018-05-07-23:51:25] [DEBUG] http-outgoing-0 >> "User-Agent: Apache-HttpClient/4.5.3 (Java/1.8.0_151)[\r][\n]"
[2018-05-07-23:51:25] [DEBUG] http-outgoing-0 >> "Accept-Encoding: gzip,deflate[\r][\n]"
[2018-05-07-23:51:25] [DEBUG] http-outgoing-0 >> "[\r][\n]"
[2018-05-07-23:51:25] [DEBUG] http-outgoing-0 >> "{"id":"0.6057638260668867-1"}"
[2018-05-07-23:51:25] [DEBUG] http-outgoing-0 << "HTTP/1.1 200 OK[\r][\n]"
[2018-05-07-23:51:25] [DEBUG] http-outgoing-0 << "Content-Length:72[\r][\n]"
[2018-05-07-23:51:25] [DEBUG] http-outgoing-0 << "Content-Type:application/json; charset=utf-8[\r][\n]"
[2018-05-07-23:51:25] [DEBUG] http-outgoing-0 << "[\r][\n]"
[2018-05-07-23:51:25] [DEBUG] http-outgoing-0 << "{"sessionId":"8e9296de619548d0082d2447c13e136f","status":0,"value":null}"
[2018-05-07-23:51:25] [DEBUG] http-outgoing-0 << HTTP/1.1 200 OK
[2018-05-07-23:51:25] [DEBUG] http-outgoing-0 << Content-Length:72
[2018-05-07-23:51:25] [DEBUG] http-outgoing-0 << Content-Type:application/json; charset=utf-8
[2018-05-07-23:51:25] [DEBUG] Connection can be kept alive indefinitely
[2018-05-07-23:51:25] [DEBUG] Connection [id: 0][route: {}->http://localhost:5758] can be kept alive indefinitely
[2018-05-07-23:51:25] [DEBUG] Connection released: [id: 0][route: {}->http://localhost:5758][total kept alive: 1; route allocated: 1 of 2000; total allocated: 1 of 2000]
[2018-05-07-23:51:25] [INFO] 已清除[[ChromeDriver: chrome on WIN8_1 (8e9296de619548d0082d2447c13e136f)] -> id: fastpostmessage内容
[2018-05-07-23:51:25] [DEBUG] CookieSpec selected: default
[2018-05-07-23:51:25] [DEBUG] Auth cache not set in the context
[2018-05-07-23:51:25] [DEBUG] Connection request: [route: {}->http://localhost:5758][total kept alive: 1; route allocated: 1 of 2000; total allocated: 1 of 2000]
[2018-05-07-23:51:25] [DEBUG] Connection leased: [id: 0][route: {}->http://localhost:5758][total kept alive: 0; route allocated: 1 of 2000; total allocated: 1 of 2000]
[2018-05-07-23:51:25] [DEBUG] Stale connection check
[2018-05-07-23:51:25] [DEBUG] http-outgoing-0 << "[read] I/O error: Read timed out"
[2018-05-07-23:51:25] [DEBUG] http-outgoing-0: set socket timeout to 10800000
[2018-05-07-23:51:25] [DEBUG] Executing request POST /session/8e9296de619548d0082d2447c13e136f/element/0.6057638260668867-1/value HTTP/1.1
[2018-05-07-23:51:25] [DEBUG] Target auth state: UNCHALLENGED
[2018-05-07-23:51:25] [DEBUG] Proxy auth state: UNCHALLENGED
[2018-05-07-23:51:25] [DEBUG] http-outgoing-0 >> POST /session/8e9296de619548d0082d2447c13e136f/element/0.6057638260668867-1/value HTTP/1.1
[2018-05-07-23:51:25] [DEBUG] http-outgoing-0 >> Content-Type: application/json; charset=utf-8
[2018-05-07-23:51:25] [DEBUG] http-outgoing-0 >> Content-Length: 54
[2018-05-07-23:51:25] [DEBUG] http-outgoing-0 >> Host: localhost:5758
[2018-05-07-23:51:25] [DEBUG] http-outgoing-0 >> Connection: Keep-Alive
[2018-05-07-23:51:25] [DEBUG] http-outgoing-0 >> User-Agent: Apache-HttpClient/4.5.3 (Java/1.8.0_151)
[2018-05-07-23:51:25] [DEBUG] http-outgoing-0 >> Accept-Encoding: gzip,deflate
[2018-05-07-23:51:25] [DEBUG] http-outgoing-0 >> "POST /session/8e9296de619548d0082d2447c13e136f/element/0.6057638260668867-1/value HTTP/1.1[\r][\n]"
[2018-05-07-23:51:25] [DEBUG] http-outgoing-0 >> "Content-Type: application/json; charset=utf-8[\r][\n]"
[2018-05-07-23:51:25] [DEBUG] http-outgoing-0 >> "Content-Length: 54[\r][\n]"
[2018-05-07-23:51:25] [DEBUG] http-outgoing-0 >> "Host: localhost:5758[\r][\n]"
[2018-05-07-23:51:25] [DEBUG] http-outgoing-0 >> "Connection: Keep-Alive[\r][\n]"
[2018-05-07-23:51:25] [DEBUG] http-outgoing-0 >> "User-Agent: Apache-HttpClient/4.5.3 (Java/1.8.0_151)[\r][\n]"
[2018-05-07-23:51:25] [DEBUG] http-outgoing-0 >> "Accept-Encoding: gzip,deflate[\r][\n]"
[2018-05-07-23:51:25] [DEBUG] http-outgoing-0 >> "[\r][\n]"
[2018-05-07-23:51:25] [DEBUG] http-outgoing-0 >> "{"id":"0.6057638260668867-1","value":["huifudetiezi"]}"
[2018-05-07-23:51:26] [DEBUG] http-outgoing-0 << "HTTP/1.1 200 OK[\r][\n]"
[2018-05-07-23:51:26] [DEBUG] http-outgoing-0 << "Content-Length:72[\r][\n]"
[2018-05-07-23:51:26] [DEBUG] http-outgoing-0 << "Content-Type:application/json; charset=utf-8[\r][\n]"
[2018-05-07-23:51:26] [DEBUG] http-outgoing-0 << "[\r][\n]"
[2018-05-07-23:51:26] [DEBUG] http-outgoing-0 << "{"sessionId":"8e9296de619548d0082d2447c13e136f","status":0,"value":null}"
[2018-05-07-23:51:26] [DEBUG] http-outgoing-0 << HTTP/1.1 200 OK
[2018-05-07-23:51:26] [DEBUG] http-outgoing-0 << Content-Length:72
[2018-05-07-23:51:26] [DEBUG] http-outgoing-0 << Content-Type:application/json; charset=utf-8
[2018-05-07-23:51:26] [DEBUG] Connection can be kept alive indefinitely
[2018-05-07-23:51:26] [DEBUG] Connection [id: 0][route: {}->http://localhost:5758] can be kept alive indefinitely
[2018-05-07-23:51:26] [DEBUG] Connection released: [id: 0][route: {}->http://localhost:5758][total kept alive: 1; route allocated: 1 of 2000; total allocated: 1 of 2000]
[2018-05-07-23:51:26] [INFO] 输入[[ChromeDriver: chrome on WIN8_1 (8e9296de619548d0082d2447c13e136f)] -> id: fastpostmessage
[2018-05-07-23:51:29] [DEBUG] CookieSpec selected: default
[2018-05-07-23:51:29] [DEBUG] Auth cache not set in the context
[2018-05-07-23:51:29] [DEBUG] Connection request: [route: {}->http://localhost:5758][total kept alive: 1; route allocated: 1 of 2000; total allocated: 1 of 2000]
[2018-05-07-23:51:29] [DEBUG] http-outgoing-0 << "[read] I/O error: Read timed out"
[2018-05-07-23:51:29] [DEBUG] Connection leased: [id: 0][route: {}->http://localhost:5758][total kept alive: 0; route allocated: 1 of 2000; total allocated: 1 of 2000]
[2018-05-07-23:51:29] [DEBUG] Stale connection check
[2018-05-07-23:51:29] [DEBUG] http-outgoing-0 << "[read] I/O error: Read timed out"
[2018-05-07-23:51:29] [DEBUG] http-outgoing-0: set socket timeout to 10800000
[2018-05-07-23:51:29] [DEBUG] Executing request POST /session/8e9296de619548d0082d2447c13e136f/element HTTP/1.1
[2018-05-07-23:51:29] [DEBUG] Target auth state: UNCHALLENGED
[2018-05-07-23:51:29] [DEBUG] Proxy auth state: UNCHALLENGED
[2018-05-07-23:51:29] [DEBUG] http-outgoing-0 >> POST /session/8e9296de619548d0082d2447c13e136f/element HTTP/1.1
[2018-05-07-23:51:29] [DEBUG] http-outgoing-0 >> Content-Type: application/json; charset=utf-8
[2018-05-07-23:51:29] [DEBUG] http-outgoing-0 >> Content-Length: 42
[2018-05-07-23:51:29] [DEBUG] http-outgoing-0 >> Host: localhost:5758
[2018-05-07-23:51:29] [DEBUG] http-outgoing-0 >> Connection: Keep-Alive
[2018-05-07-23:51:29] [DEBUG] http-outgoing-0 >> User-Agent: Apache-HttpClient/4.5.3 (Java/1.8.0_151)
[2018-05-07-23:51:29] [DEBUG] http-outgoing-0 >> Accept-Encoding: gzip,deflate
[2018-05-07-23:51:29] [DEBUG] http-outgoing-0 >> "POST /session/8e9296de619548d0082d2447c13e136f/element HTTP/1.1[\r][\n]"
[2018-05-07-23:51:29] [DEBUG] http-outgoing-0 >> "Content-Type: application/json; charset=utf-8[\r][\n]"
[2018-05-07-23:51:29] [DEBUG] http-outgoing-0 >> "Content-Length: 42[\r][\n]"
[2018-05-07-23:51:29] [DEBUG] http-outgoing-0 >> "Host: localhost:5758[\r][\n]"
[2018-05-07-23:51:29] [DEBUG] http-outgoing-0 >> "Connection: Keep-Alive[\r][\n]"
[2018-05-07-23:51:29] [DEBUG] http-outgoing-0 >> "User-Agent: Apache-HttpClient/4.5.3 (Java/1.8.0_151)[\r][\n]"
[2018-05-07-23:51:29] [DEBUG] http-outgoing-0 >> "Accept-Encoding: gzip,deflate[\r][\n]"
[2018-05-07-23:51:29] [DEBUG] http-outgoing-0 >> "[\r][\n]"
[2018-05-07-23:51:29] [DEBUG] http-outgoing-0 >> "{"using":"class name","value":"pn pnc vm"}"
[2018-05-07-23:51:29] [DEBUG] http-outgoing-0 << "HTTP/1.1 200 OK[\r][\n]"
[2018-05-07-23:51:29] [DEBUG] http-outgoing-0 << "Content-Length:297[\r][\n]"
[2018-05-07-23:51:29] [DEBUG] http-outgoing-0 << "Content-Type:application/json; charset=utf-8[\r][\n]"
[2018-05-07-23:51:29] [DEBUG] http-outgoing-0 << "[\r][\n]"
[2018-05-07-23:51:29] [DEBUG] http-outgoing-0 << "{"sessionId":"8e9296de619548d0082d2447c13e136f","status":32,"value":{"message":"invalid selector: Compound class names not permitted\n  (Session info: chrome=66.0.3359.139)\n  (Driver info: chromedriver=2.38.552522 (437e6fbedfa8762dec75e2c5b3ddb86763dc9dcb),platform=Windows NT 6.3.9600 x86_64)"}}"
[2018-05-07-23:51:29] [DEBUG] http-outgoing-0 << HTTP/1.1 200 OK
[2018-05-07-23:51:29] [DEBUG] http-outgoing-0 << Content-Length:297
[2018-05-07-23:51:29] [DEBUG] http-outgoing-0 << Content-Type:application/json; charset=utf-8
[2018-05-07-23:51:29] [DEBUG] Connection can be kept alive indefinitely
[2018-05-07-23:51:29] [DEBUG] Connection [id: 0][route: {}->http://localhost:5758] can be kept alive indefinitely
[2018-05-07-23:51:29] [DEBUG] Connection released: [id: 0][route: {}->http://localhost:5758][total kept alive: 1; route allocated: 1 of 2000; total allocated: 1 of 2000]
[2018-05-07-23:51:29] [INFO] 元素未找到
