[2018-05-09-20:00:31] [INFO] 正在启动谷歌浏览器....
[2018-05-09-20:00:33] [INFO] 打开网址http://127.0.0.1:8088/discuz/forum.php
[2018-05-09-20:00:33] [INFO] 元素找到 id: ls_username
[2018-05-09-20:00:33] [INFO] 元素找到 id: ls_username
[2018-05-09-20:00:33] [INFO] 已清除[[ChromeDriver: chrome on WIN8_1 (cb274ff2f787e840fdb568d4aac1155a)] -> id: ls_username内容
[2018-05-09-20:00:33] [INFO] 输入[[ChromeDriver: chrome on WIN8_1 (cb274ff2f787e840fdb568d4aac1155a)] -> id: ls_username
[2018-05-09-20:00:33] [INFO] 元素找到 id: ls_password
[2018-05-09-20:00:33] [INFO] 元素找到 id: ls_password
[2018-05-09-20:00:33] [INFO] 已清除[[ChromeDriver: chrome on WIN8_1 (cb274ff2f787e840fdb568d4aac1155a)] -> id: ls_password内容
[2018-05-09-20:00:33] [INFO] 输入assword
[2018-05-09-20:00:33] [INFO] 元素找到 xpath: //*[@id="lsform"]/div/div/table/tbody/tr[2]/td[3]/button
[2018-05-09-20:00:33] [INFO] 已点击加载
[2018-05-09-20:00:36] [INFO] 开始查找元素：By.className: fl_icn
[2018-05-09-20:00:36] [INFO] 找到了元素 [By.className: fl_icn]
[2018-05-09-20:00:36] [INFO] 元素找到 class name: fl_icn
[2018-05-09-20:00:36] [INFO] 已点击加载
[2018-05-09-20:00:36] [INFO] 开始查找元素：By.id: newspecial
[2018-05-09-20:00:37] [INFO] 找到了元素 [By.id: newspecial]
[2018-05-09-20:00:37] [INFO] 元素找到 id: newspecial
[2018-05-09-20:00:37] [INFO] 开始查找元素：By.linkText: 发起投票
[2018-05-09-20:00:37] [INFO] 找到了元素 [By.linkText: 发起投票]
[2018-05-09-20:00:37] [INFO] 元素找到 link text: 发起投票
[2018-05-09-20:00:37] [INFO] 已点击加载
[2018-05-09-20:00:37] [INFO] 开始查找元素：By.id: subject
[2018-05-09-20:00:37] [INFO] 找到了元素 [By.id: subject]
[2018-05-09-20:00:37] [INFO] 元素找到 id: subject
[2018-05-09-20:00:37] [INFO] 元素找到 id: subject
[2018-05-09-20:00:37] [INFO] 已清除[[ChromeDriver: chrome on WIN8_1 (cb274ff2f787e840fdb568d4aac1155a)] -> id: subject内容
[2018-05-09-20:00:37] [INFO] 输入[[ChromeDriver: chrome on WIN8_1 (cb274ff2f787e840fdb568d4aac1155a)] -> id: subject
[2018-05-09-20:00:37] [INFO] 开始查找元素：By.xpath: //*[@id="pollm_c_1"]/p[1]/input
[2018-05-09-20:00:37] [INFO] 找到了元素 [By.xpath: //*[@id="pollm_c_1"]/p[1]/input]
[2018-05-09-20:00:37] [INFO] 元素找到 xpath: //*[@id="pollm_c_1"]/p[1]/input
[2018-05-09-20:00:37] [INFO] 元素找到 xpath: //*[@id="pollm_c_1"]/p[1]/input
[2018-05-09-20:00:37] [INFO] 已清除[[ChromeDriver: chrome on WIN8_1 (cb274ff2f787e840fdb568d4aac1155a)] -> xpath: //*[@id="pollm_c_1"]/p[1]/input内容
[2018-05-09-20:00:37] [INFO] 输入[[ChromeDriver: chrome on WIN8_1 (cb274ff2f787e840fdb568d4aac1155a)] -> xpath: //*[@id="pollm_c_1"]/p[1]/input
[2018-05-09-20:00:37] [INFO] 开始查找元素：By.xpath: //*[@id="pollm_c_1"]/p[2]/input
[2018-05-09-20:00:37] [INFO] 找到了元素 [By.xpath: //*[@id="pollm_c_1"]/p[2]/input]
[2018-05-09-20:00:37] [INFO] 元素找到 xpath: //*[@id="pollm_c_1"]/p[2]/input
[2018-05-09-20:00:37] [INFO] 元素找到 xpath: //*[@id="pollm_c_1"]/p[2]/input
[2018-05-09-20:00:37] [INFO] 已清除[[ChromeDriver: chrome on WIN8_1 (cb274ff2f787e840fdb568d4aac1155a)] -> xpath: //*[@id="pollm_c_1"]/p[2]/input内容
[2018-05-09-20:00:37] [INFO] 输入[[ChromeDriver: chrome on WIN8_1 (cb274ff2f787e840fdb568d4aac1155a)] -> xpath: //*[@id="pollm_c_1"]/p[2]/input
[2018-05-09-20:00:37] [INFO] 开始查找元素：By.xpath: //*[@id="pollm_c_1"]/p[3]/input
[2018-05-09-20:00:37] [INFO] 找到了元素 [By.xpath: //*[@id="pollm_c_1"]/p[3]/input]
[2018-05-09-20:00:37] [INFO] 元素找到 xpath: //*[@id="pollm_c_1"]/p[3]/input
[2018-05-09-20:00:37] [INFO] 元素找到 xpath: //*[@id="pollm_c_1"]/p[3]/input
[2018-05-09-20:00:37] [INFO] 已清除[[ChromeDriver: chrome on WIN8_1 (cb274ff2f787e840fdb568d4aac1155a)] -> xpath: //*[@id="pollm_c_1"]/p[3]/input内容
[2018-05-09-20:00:37] [INFO] 输入[[ChromeDriver: chrome on WIN8_1 (cb274ff2f787e840fdb568d4aac1155a)] -> xpath: //*[@id="pollm_c_1"]/p[3]/input
[2018-05-09-20:00:37] [INFO] 开始查找元素：By.id: postsubmit
[2018-05-09-20:00:38] [INFO] 找到了元素 [By.id: postsubmit]
[2018-05-09-20:00:38] [INFO] 元素找到 id: postsubmit
[2018-05-09-20:00:38] [INFO] 已点击加载
