[2018-05-09-12:04:59] [INFO] 正在启动谷歌浏览器....
[2018-05-09-12:05:00] [INFO] 打开网址http://127.0.0.1:8080/discuz/forum.php
[2018-05-09-12:05:00] [INFO] 元素找到 id: ls_username
[2018-05-09-12:05:00] [INFO] 元素找到 id: ls_username
[2018-05-09-12:05:00] [INFO] 已清除[[ChromeDriver: chrome on WIN8_1 (533d2999da233a00c41972e037040408)] -> id: ls_username内容
[2018-05-09-12:05:01] [INFO] 输入[[ChromeDriver: chrome on WIN8_1 (533d2999da233a00c41972e037040408)] -> id: ls_username
[2018-05-09-12:05:01] [INFO] 元素找到 id: ls_password
[2018-05-09-12:05:01] [INFO] 元素找到 id: ls_password
[2018-05-09-12:05:01] [INFO] 已清除[[ChromeDriver: chrome on WIN8_1 (533d2999da233a00c41972e037040408)] -> id: ls_password内容
[2018-05-09-12:05:01] [INFO] 输入[[ChromeDriver: chrome on WIN8_1 (533d2999da233a00c41972e037040408)] -> id: ls_password
[2018-05-09-12:05:01] [INFO] 元素找到 xpath: //*[@id="lsform"]/div/div/table/tbody/tr[2]/td[3]/button
[2018-05-09-12:05:01] [INFO] 已点击加载
[2018-05-09-12:05:01] [INFO] 开始查找元素：By.xpath: //*[@id="um"]/p[1]/a[5]
[2018-05-09-12:05:04] [INFO] 找到了元素 [By.xpath: //*[@id="um"]/p[1]/a[5]]
[2018-05-09-12:05:04] [INFO] 元素找到 xpath: //*[@id="um"]/p[1]/a[5]
[2018-05-09-12:05:04] [INFO] 已点击加载
[2018-05-09-12:05:04] [INFO] 跳转到新的页面
[2018-05-09-12:05:04] [INFO] 开始查找元素：By.xpath: //*[@id="loginform"]/p[4]/input
[2018-05-09-12:05:05] [INFO] 找到了元素 [By.xpath: //*[@id="loginform"]/p[4]/input]
[2018-05-09-12:05:05] [INFO] 元素找到 xpath: //*[@id="loginform"]/p[4]/input
[2018-05-09-12:05:05] [INFO] 元素找到 xpath: //*[@id="loginform"]/p[4]/input
[2018-05-09-12:05:05] [INFO] 已清除[[ChromeDriver: chrome on WIN8_1 (533d2999da233a00c41972e037040408)] -> xpath: //*[@id="loginform"]/p[4]/input内容
[2018-05-09-12:05:05] [INFO] 输入[[ChromeDriver: chrome on WIN8_1 (533d2999da233a00c41972e037040408)] -> xpath: //*[@id="loginform"]/p[4]/input
[2018-05-09-12:05:05] [INFO] 开始查找元素：By.name: submit
[2018-05-09-12:05:05] [INFO] 找到了元素 [By.name: submit]
[2018-05-09-12:05:05] [INFO] 元素找到 name: submit
[2018-05-09-12:05:25] [INFO] 已点击加载
[2018-05-09-12:05:25] [INFO] 进入iframe页面
[2018-05-09-12:05:25] [INFO] 开始查找元素：By.linkText: 论坛
[2018-05-09-12:05:37] [ERROR] 超时!! 10 秒之后还没找到元素 [By.linkText: 论坛]
