[2018-05-09-12:12:00] [INFO] 正在启动谷歌浏览器....
[2018-05-09-12:12:01] [INFO] 打开网址http://127.0.0.1:8080/discuz/forum.php
[2018-05-09-12:12:01] [INFO] 元素找到 id: ls_username
[2018-05-09-12:12:01] [INFO] 元素找到 id: ls_username
[2018-05-09-12:12:01] [INFO] 已清除[[ChromeDriver: chrome on WIN8_1 (191d5d4be993010b45a3705b95a45f8e)] -> id: ls_username内容
[2018-05-09-12:12:01] [INFO] 输入[[ChromeDriver: chrome on WIN8_1 (191d5d4be993010b45a3705b95a45f8e)] -> id: ls_username
[2018-05-09-12:12:01] [INFO] 元素找到 id: ls_password
[2018-05-09-12:12:01] [INFO] 元素找到 id: ls_password
[2018-05-09-12:12:01] [INFO] 已清除[[ChromeDriver: chrome on WIN8_1 (191d5d4be993010b45a3705b95a45f8e)] -> id: ls_password内容
[2018-05-09-12:12:01] [INFO] 输入[[ChromeDriver: chrome on WIN8_1 (191d5d4be993010b45a3705b95a45f8e)] -> id: ls_password
[2018-05-09-12:12:01] [INFO] 元素找到 xpath: //*[@id="lsform"]/div/div/table/tbody/tr[2]/td[3]/button
[2018-05-09-12:12:01] [INFO] 已点击加载
[2018-05-09-12:12:01] [INFO] 开始查找元素：By.xpath: //*[@id="um"]/p[1]/a[5]
[2018-05-09-12:12:04] [INFO] 找到了元素 [By.xpath: //*[@id="um"]/p[1]/a[5]]
[2018-05-09-12:12:04] [INFO] 元素找到 xpath: //*[@id="um"]/p[1]/a[5]
[2018-05-09-12:12:04] [INFO] 已点击加载
[2018-05-09-12:12:05] [INFO] 跳转到新的页面
[2018-05-09-12:12:05] [INFO] 开始查找元素：By.xpath: //*[@id="loginform"]/p[4]/input
[2018-05-09-12:12:06] [INFO] 找到了元素 [By.xpath: //*[@id="loginform"]/p[4]/input]
[2018-05-09-12:12:06] [INFO] 元素找到 xpath: //*[@id="loginform"]/p[4]/input
[2018-05-09-12:12:06] [INFO] 元素找到 xpath: //*[@id="loginform"]/p[4]/input
[2018-05-09-12:12:06] [INFO] 已清除[[ChromeDriver: chrome on WIN8_1 (191d5d4be993010b45a3705b95a45f8e)] -> xpath: //*[@id="loginform"]/p[4]/input内容
[2018-05-09-12:12:06] [INFO] 输入[[ChromeDriver: chrome on WIN8_1 (191d5d4be993010b45a3705b95a45f8e)] -> xpath: //*[@id="loginform"]/p[4]/input
[2018-05-09-12:12:06] [INFO] 开始查找元素：By.name: submit
[2018-05-09-12:12:06] [INFO] 找到了元素 [By.name: submit]
[2018-05-09-12:12:06] [INFO] 元素找到 name: submit
[2018-05-09-12:12:24] [INFO] 已点击加载
[2018-05-09-12:12:24] [INFO] 开始查找元素：By.linkText: 论坛
[2018-05-09-12:12:36] [ERROR] 超时!! 10 秒之后还没找到元素 [By.linkText: 论坛]
