[2018-05-09-17:46:56] [INFO] 正在启动谷歌浏览器....
[2018-05-09-17:46:57] [INFO] 打开网址http://127.0.0.1:8088/discuz/forum.php
[2018-05-09-17:46:58] [INFO] 元素找到 id: ls_username
[2018-05-09-17:46:58] [INFO] 元素找到 id: ls_username
[2018-05-09-17:46:58] [INFO] 已清除[[ChromeDriver: chrome on WIN8_1 (e3372d364bf02339edf7854098e13e84)] -> id: ls_username内容
[2018-05-09-17:46:58] [INFO] 输入[[ChromeDriver: chrome on WIN8_1 (e3372d364bf02339edf7854098e13e84)] -> id: ls_username
[2018-05-09-17:46:58] [INFO] 元素找到 id: ls_password
[2018-05-09-17:46:58] [INFO] 元素找到 id: ls_password
[2018-05-09-17:46:58] [INFO] 已清除[[ChromeDriver: chrome on WIN8_1 (e3372d364bf02339edf7854098e13e84)] -> id: ls_password内容
[2018-05-09-17:46:58] [INFO] 输入assword
[2018-05-09-17:46:58] [INFO] 元素找到 xpath: //*[@id="lsform"]/div/div/table/tbody/tr[2]/td[3]/button
[2018-05-09-17:46:58] [INFO] 已点击加载
[2018-05-09-17:47:08] [INFO] 开始查找元素：By.id: scbar_txt
[2018-05-09-17:47:08] [INFO] 找到了元素 [By.id: scbar_txt]
[2018-05-09-17:47:08] [INFO] 元素找到 id: scbar_txt
[2018-05-09-17:47:08] [INFO] 元素找到 id: scbar_txt
[2018-05-09-17:47:08] [INFO] 已清除[[ChromeDriver: chrome on WIN8_1 (e3372d364bf02339edf7854098e13e84)] -> id: scbar_txt内容
[2018-05-09-17:47:08] [INFO] 输入[[ChromeDriver: chrome on WIN8_1 (e3372d364bf02339edf7854098e13e84)] -> id: scbar_txt
[2018-05-09-17:47:18] [INFO] 开始查找元素：By.name: searchsubmit
[2018-05-09-17:47:18] [INFO] 找到了元素 [By.name: searchsubmit]
[2018-05-09-17:47:18] [INFO] 元素找到 name: searchsubmit
[2018-05-09-17:47:18] [INFO] 已点击加载
[2018-05-09-17:47:28] [INFO] 开始查找元素：By.linkText: haotest
[2018-05-09-17:47:40] [ERROR] 超时!! 10 秒之后还没找到元素 [By.linkText: haotest]
