[2018-05-09-17:52:34] [INFO] 正在启动谷歌浏览器....
[2018-05-09-17:52:36] [INFO] 打开网址http://127.0.0.1:8088/discuz/forum.php
[2018-05-09-17:52:36] [INFO] 元素找到 id: ls_username
[2018-05-09-17:52:36] [INFO] 元素找到 id: ls_username
[2018-05-09-17:52:36] [INFO] 已清除[[ChromeDriver: chrome on WIN8_1 (04ab6ed97fd4785da4f61ea524c72984)] -> id: ls_username内容
[2018-05-09-17:52:36] [INFO] 输入[[ChromeDriver: chrome on WIN8_1 (04ab6ed97fd4785da4f61ea524c72984)] -> id: ls_username
[2018-05-09-17:52:36] [INFO] 元素找到 id: ls_password
[2018-05-09-17:52:36] [INFO] 元素找到 id: ls_password
[2018-05-09-17:52:36] [INFO] 已清除[[ChromeDriver: chrome on WIN8_1 (04ab6ed97fd4785da4f61ea524c72984)] -> id: ls_password内容
[2018-05-09-17:52:36] [INFO] 输入assword
[2018-05-09-17:52:36] [INFO] 元素找到 xpath: //*[@id="lsform"]/div/div/table/tbody/tr[2]/td[3]/button
[2018-05-09-17:52:36] [INFO] 已点击加载
[2018-05-09-17:52:46] [INFO] 开始查找元素：By.id: scbar_txt
[2018-05-09-17:52:46] [INFO] 找到了元素 [By.id: scbar_txt]
[2018-05-09-17:52:46] [INFO] 元素找到 id: scbar_txt
[2018-05-09-17:52:46] [INFO] 元素找到 id: scbar_txt
[2018-05-09-17:52:46] [INFO] 已清除[[ChromeDriver: chrome on WIN8_1 (04ab6ed97fd4785da4f61ea524c72984)] -> id: scbar_txt内容
[2018-05-09-17:52:46] [INFO] 输入[[ChromeDriver: chrome on WIN8_1 (04ab6ed97fd4785da4f61ea524c72984)] -> id: scbar_txt
[2018-05-09-17:52:56] [INFO] 开始查找元素：By.name: searchsubmit
[2018-05-09-17:52:56] [INFO] 找到了元素 [By.name: searchsubmit]
[2018-05-09-17:52:56] [INFO] 元素找到 name: searchsubmit
[2018-05-09-17:52:56] [INFO] 已点击加载
[2018-05-09-17:53:07] [INFO] 跳转到新的页面
[2018-05-09-17:53:07] [INFO] 开始查找元素：By.linkText: haotest
[2018-05-09-17:53:08] [INFO] 找到了元素 [By.linkText: haotest]
[2018-05-09-17:53:08] [INFO] 元素找到 link text: haotest
[2018-05-09-17:53:08] [INFO] 已点击加载
[2018-05-09-17:53:08] [INFO] 跳转到新的页面
[2018-05-09-17:53:08] [INFO] 开始查找元素：By.id: thread_subject
[2018-05-09-17:53:09] [INFO] 找到了元素 [By.id: thread_subject]
[2018-05-09-17:53:09] [INFO] 元素找到 id: thread_subject
[2018-05-09-17:53:09] [INFO] 找到了期望的文字haotest
[2018-05-09-17:53:09] [INFO] 开始查找元素：By.linkText: 退出
[2018-05-09-17:53:09] [INFO] 找到了元素 [By.linkText: 退出]
[2018-05-09-17:53:09] [INFO] 元素找到 link text: 退出
[2018-05-09-17:53:09] [INFO] 已点击加载
