[2018-05-08-13:03:01] [INFO] 正在启动谷歌浏览器....
[2018-05-08-13:03:03] [INFO] 打开网址http://127.0.0.1:8080/discuz/forum.php
[2018-05-08-13:03:03] [INFO] 元素找到 id: ls_username
[2018-05-08-13:03:03] [INFO] 元素找到 id: ls_username
[2018-05-08-13:03:03] [INFO] 已清除[[ChromeDriver: chrome on WIN8_1 (1fb71986bdb830f2203703a5dec486cf)] -> id: ls_username内容
[2018-05-08-13:03:03] [INFO] 输入[[ChromeDriver: chrome on WIN8_1 (1fb71986bdb830f2203703a5dec486cf)] -> id: ls_username
[2018-05-08-13:03:03] [INFO] 元素找到 id: ls_password
[2018-05-08-13:03:03] [INFO] 元素找到 id: ls_password
[2018-05-08-13:03:03] [INFO] 已清除[[ChromeDriver: chrome on WIN8_1 (1fb71986bdb830f2203703a5dec486cf)] -> id: ls_password内容
[2018-05-08-13:03:03] [INFO] 输入[[ChromeDriver: chrome on WIN8_1 (1fb71986bdb830f2203703a5dec486cf)] -> id: ls_password
[2018-05-08-13:03:03] [INFO] 元素找到 xpath: //*[@id="lsform"]/div/div/table/tbody/tr[2]/td[3]/button
[2018-05-08-13:03:03] [INFO] 已点击加载
[2018-05-08-13:03:06] [INFO] 元素找到 class name: fl_icn
[2018-05-08-13:03:06] [INFO] 已点击加载
[2018-05-08-13:03:09] [INFO] 元素找到 xpath: //*[@id="um"]/p[1]/a[5]
[2018-05-08-13:03:10] [INFO] 已点击加载
[2018-05-08-13:03:10] [INFO] 跳转到新的页面
[2018-05-08-13:03:11] [INFO] 元素找到 xpath: //*[@id="loginform"]/p[4]/input
[2018-05-08-13:03:11] [INFO] 已点击加载
[2018-05-08-13:03:11] [INFO] 元素找到 name: submit
[2018-05-08-13:03:11] [INFO] 已点击加载
