[2018-05-08-12:40:55] [INFO] 正在启动谷歌浏览器....
[2018-05-08-12:40:57] [INFO] 打开网址http://127.0.0.1:8080/discuz/forum.php
[2018-05-08-12:40:57] [INFO] 元素找到 id: ls_username
[2018-05-08-12:40:57] [INFO] 元素找到 id: ls_username
[2018-05-08-12:40:57] [INFO] 已清除[[ChromeDriver: chrome on WIN8_1 (627ea9f46b47b22bad3f323d6d89423c)] -> id: ls_username内容
[2018-05-08-12:40:57] [INFO] 输入[[ChromeDriver: chrome on WIN8_1 (627ea9f46b47b22bad3f323d6d89423c)] -> id: ls_username
[2018-05-08-12:40:57] [INFO] 元素找到 id: ls_password
[2018-05-08-12:40:57] [INFO] 元素找到 id: ls_password
[2018-05-08-12:40:57] [INFO] 已清除[[ChromeDriver: chrome on WIN8_1 (627ea9f46b47b22bad3f323d6d89423c)] -> id: ls_password内容
[2018-05-08-12:40:57] [INFO] 输入[[ChromeDriver: chrome on WIN8_1 (627ea9f46b47b22bad3f323d6d89423c)] -> id: ls_password
[2018-05-08-12:40:57] [INFO] 元素找到 xpath: //*[@id="lsform"]/div/div/table/tbody/tr[2]/td[3]/button
[2018-05-08-12:40:57] [INFO] 已点击加载
[2018-05-08-12:41:00] [INFO] 元素找到 class name: fl_icn
[2018-05-08-12:41:00] [INFO] 已点击加载
[2018-05-08-12:41:03] [INFO] 元素找到 name: moderate[]
[2018-05-08-12:41:03] [INFO] 已点击加载
[2018-05-08-12:41:07] [INFO] 元素找到 link text: 删除
[2018-05-08-12:41:07] [INFO] 已点击加载
[2018-05-08-12:41:10] [INFO] 元素找到 xpath: //*[@id="modsubmit"]
[2018-05-08-12:41:10] [INFO] 已点击加载
[2018-05-08-12:41:13] [INFO] 元素找到 xpath: //*[@id="um"]/p[1]/a[5]
[2018-05-08-12:41:13] [INFO] 已点击加载
[2018-05-08-12:41:13] [INFO] 元素未找到
