[2018-05-09-17:50:48] [INFO] 正在启动谷歌浏览器....
[2018-05-09-17:50:49] [INFO] 打开网址http://127.0.0.1:8088/discuz/forum.php
[2018-05-09-17:50:49] [INFO] 元素找到 id: ls_username
[2018-05-09-17:50:49] [INFO] 元素找到 id: ls_username
[2018-05-09-17:50:49] [INFO] 已清除[[ChromeDriver: chrome on WIN8_1 (60a79b3995f1e46db76fc09e179faedb)] -> id: ls_username内容
[2018-05-09-17:50:49] [INFO] 输入[[ChromeDriver: chrome on WIN8_1 (60a79b3995f1e46db76fc09e179faedb)] -> id: ls_username
[2018-05-09-17:50:49] [INFO] 元素找到 id: ls_password
[2018-05-09-17:50:49] [INFO] 元素找到 id: ls_password
[2018-05-09-17:50:49] [INFO] 已清除[[ChromeDriver: chrome on WIN8_1 (60a79b3995f1e46db76fc09e179faedb)] -> id: ls_password内容
[2018-05-09-17:50:50] [INFO] 输入assword
[2018-05-09-17:50:50] [INFO] 元素找到 xpath: //*[@id="lsform"]/div/div/table/tbody/tr[2]/td[3]/button
[2018-05-09-17:50:50] [INFO] 已点击加载
[2018-05-09-17:51:00] [INFO] 开始查找元素：By.id: scbar_txt
[2018-05-09-17:51:00] [INFO] 找到了元素 [By.id: scbar_txt]
[2018-05-09-17:51:00] [INFO] 元素找到 id: scbar_txt
[2018-05-09-17:51:00] [INFO] 元素找到 id: scbar_txt
[2018-05-09-17:51:00] [INFO] 已清除[[ChromeDriver: chrome on WIN8_1 (60a79b3995f1e46db76fc09e179faedb)] -> id: scbar_txt内容
[2018-05-09-17:51:00] [INFO] 输入[[ChromeDriver: chrome on WIN8_1 (60a79b3995f1e46db76fc09e179faedb)] -> id: scbar_txt
[2018-05-09-17:51:10] [INFO] 开始查找元素：By.name: searchsubmit
[2018-05-09-17:51:10] [INFO] 找到了元素 [By.name: searchsubmit]
[2018-05-09-17:51:10] [INFO] 元素找到 name: searchsubmit
[2018-05-09-17:51:10] [INFO] 已点击加载
[2018-05-09-17:51:20] [INFO] 跳转到新的页面
[2018-05-09-17:51:20] [INFO] 开始查找元素：By.linkText: haotest
[2018-05-09-17:51:21] [INFO] 找到了元素 [By.linkText: haotest]
[2018-05-09-17:51:21] [INFO] 元素找到 link text: haotest
[2018-05-09-17:51:21] [INFO] 已点击加载
[2018-05-09-17:51:21] [INFO] 开始查找元素：By.id: thread_subject
[2018-05-09-17:51:33] [ERROR] 超时!! 10 秒之后还没找到元素 [By.id: thread_subject]
