[2018-05-08-10:54:25] [INFO] 正在启动谷歌浏览器....
[2018-05-08-10:54:26] [INFO] 打开网址http://127.0.0.1:8080/discuz/forum.php
[2018-05-08-10:54:26] [INFO] 元素找到 id: ls_username
[2018-05-08-10:54:26] [INFO] 元素找到 id: ls_username
[2018-05-08-10:54:26] [INFO] 已清除[[ChromeDriver: chrome on WIN8_1 (599a360e323c6a203538b3755500f3be)] -> id: ls_username内容
[2018-05-08-10:54:26] [INFO] 输入[[ChromeDriver: chrome on WIN8_1 (599a360e323c6a203538b3755500f3be)] -> id: ls_username
[2018-05-08-10:54:26] [INFO] 元素找到 id: ls_password
[2018-05-08-10:54:26] [INFO] 元素找到 id: ls_password
[2018-05-08-10:54:26] [INFO] 已清除[[ChromeDriver: chrome on WIN8_1 (599a360e323c6a203538b3755500f3be)] -> id: ls_password内容
[2018-05-08-10:54:26] [INFO] 输入[[ChromeDriver: chrome on WIN8_1 (599a360e323c6a203538b3755500f3be)] -> id: ls_password
[2018-05-08-10:54:26] [INFO] 元素找到 xpath: //*[@id="lsform"]/div/div/table/tbody/tr[2]/td[3]/button
[2018-05-08-10:54:26] [INFO] 已点击加载
[2018-05-08-10:54:29] [INFO] 元素找到 class name: fl_icn
[2018-05-08-10:54:30] [INFO] 已点击加载
[2018-05-08-10:54:33] [INFO] 元素找到 name: moderate[]
[2018-05-08-10:54:33] [INFO] 已点击加载
[2018-05-08-10:54:36] [INFO] 元素找到 link text: 删除
[2018-05-08-10:54:36] [INFO] 已点击加载
[2018-05-08-10:54:39] [INFO] 元素找到 xpath: //*[@id="modsubmit"]
[2018-05-08-10:54:39] [INFO] 已点击加载
