[2018-05-08-12:38:41] [INFO] 正在启动谷歌浏览器....
[2018-05-08-12:38:43] [INFO] 打开网址http://127.0.0.1:8080/discuz/forum.php
[2018-05-08-12:38:43] [INFO] 元素找到 id: ls_username
[2018-05-08-12:38:43] [INFO] 元素找到 id: ls_username
[2018-05-08-12:38:43] [INFO] 已清除[[ChromeDriver: chrome on WIN8_1 (677393e7da637982f2ff958e696d23e9)] -> id: ls_username内容
[2018-05-08-12:38:43] [INFO] 输入[[ChromeDriver: chrome on WIN8_1 (677393e7da637982f2ff958e696d23e9)] -> id: ls_username
[2018-05-08-12:38:43] [INFO] 元素找到 id: ls_password
[2018-05-08-12:38:43] [INFO] 元素找到 id: ls_password
[2018-05-08-12:38:43] [INFO] 已清除[[ChromeDriver: chrome on WIN8_1 (677393e7da637982f2ff958e696d23e9)] -> id: ls_password内容
[2018-05-08-12:38:43] [INFO] 输入[[ChromeDriver: chrome on WIN8_1 (677393e7da637982f2ff958e696d23e9)] -> id: ls_password
[2018-05-08-12:38:43] [INFO] 元素找到 xpath: //*[@id="lsform"]/div/div/table/tbody/tr[2]/td[3]/button
[2018-05-08-12:38:43] [INFO] 已点击加载
[2018-05-08-12:38:46] [INFO] 元素找到 class name: fl_icn
[2018-05-08-12:38:47] [INFO] 已点击加载
[2018-05-08-12:38:50] [INFO] 元素找到 name: moderate[]
[2018-05-08-12:38:50] [INFO] 已点击加载
[2018-05-08-12:38:53] [INFO] 元素找到 link text: 删除
[2018-05-08-12:38:53] [INFO] 已点击加载
[2018-05-08-12:38:56] [INFO] 元素找到 xpath: //*[@id="modsubmit"]
[2018-05-08-12:38:56] [INFO] 已点击加载
[2018-05-08-12:38:59] [INFO] 元素找到 xpath: //*[@id="um"]/p[1]/a[5]
[2018-05-08-12:38:59] [INFO] 已点击加载
[2018-05-08-12:38:59] [INFO] 元素找到 xpath: //*[@id="um"]/p[1]/a[5]
[2018-05-08-12:39:04] [INFO] 已点击加载
[2018-05-08-12:39:04] [INFO] 元素未找到
