[2018-05-08-08:55:00] [INFO] 正在启动谷歌浏览器....
[2018-05-08-08:55:00] [INFO] 打开网址http://127.0.0.1:8080/discuz/forum.php
[2018-05-08-08:55:00] [INFO] 元素找到 id: ls_username
[2018-05-08-08:55:00] [INFO] 元素找到 id: ls_username
[2018-05-08-08:55:00] [INFO] 已清除[[ChromeDriver: chrome on WIN8_1 (a9d6b87a5191b65ebc9efe5593e29f94)] -> id: ls_username内容
[2018-05-08-08:55:01] [INFO] 输入[[ChromeDriver: chrome on WIN8_1 (a9d6b87a5191b65ebc9efe5593e29f94)] -> id: ls_username
[2018-05-08-08:55:01] [INFO] 元素找到 id: ls_password
[2018-05-08-08:55:01] [INFO] 元素找到 id: ls_password
[2018-05-08-08:55:01] [INFO] 已清除[[ChromeDriver: chrome on WIN8_1 (a9d6b87a5191b65ebc9efe5593e29f94)] -> id: ls_password内容
[2018-05-08-08:55:01] [INFO] 输入assword
[2018-05-08-08:55:01] [INFO] 元素找到 xpath: //*[@id="lsform"]/div/div/table/tbody/tr[2]/td[3]/button
[2018-05-08-08:55:01] [INFO] 已点击加载
[2018-05-08-08:55:04] [INFO] 元素找到 class name: fl_icn
[2018-05-08-08:55:04] [INFO] 已点击加载
[2018-05-08-08:55:04] [INFO] 元素找到 id: subject
[2018-05-08-08:55:04] [INFO] 元素找到 id: subject
[2018-05-08-08:55:04] [INFO] 已清除[[ChromeDriver: chrome on WIN8_1 (a9d6b87a5191b65ebc9efe5593e29f94)] -> id: subject内容
[2018-05-08-08:55:04] [INFO] 输入[[ChromeDriver: chrome on WIN8_1 (a9d6b87a5191b65ebc9efe5593e29f94)] -> id: subject
[2018-05-08-08:55:04] [INFO] 元素找到 id: fastpostmessage
[2018-05-08-08:55:04] [INFO] 元素找到 id: fastpostmessage
[2018-05-08-08:55:04] [INFO] 已清除[[ChromeDriver: chrome on WIN8_1 (a9d6b87a5191b65ebc9efe5593e29f94)] -> id: fastpostmessage内容
[2018-05-08-08:55:04] [INFO] 输入[[ChromeDriver: chrome on WIN8_1 (a9d6b87a5191b65ebc9efe5593e29f94)] -> id: fastpostmessage
[2018-05-08-08:55:04] [INFO] 元素找到 id: fastpostsubmit
[2018-05-08-08:55:04] [INFO] 已点击加载
[2018-05-08-08:55:08] [INFO] 元素找到 xpath: //*[@id="um"]/p[1]/a[4]
[2018-05-08-08:55:08] [INFO] 已点击加载
