[2018-05-30-19:20:34] [INFO] 正在启动谷歌浏览器....
[2018-05-30-19:20:35] [INFO] 打开网址http://127.0.0.1:8088/discuz/forum.php
[2018-05-30-19:20:35] [INFO] 元素找到 id: ls_username
[2018-05-30-19:20:35] [INFO] 元素找到 id: ls_username
[2018-05-30-19:20:35] [INFO] 已清除[[ChromeDriver: chrome on WIN8_1 (42e4678856257e2c66bf42ec56ee46ad)] -> id: ls_username内容
[2018-05-30-19:20:36] [INFO] 输入[[ChromeDriver: chrome on WIN8_1 (42e4678856257e2c66bf42ec56ee46ad)] -> id: ls_username
[2018-05-30-19:20:36] [INFO] 元素找到 id: ls_password
[2018-05-30-19:20:36] [INFO] 元素找到 id: ls_password
[2018-05-30-19:20:36] [INFO] 已清除[[ChromeDriver: chrome on WIN8_1 (42e4678856257e2c66bf42ec56ee46ad)] -> id: ls_password内容
[2018-05-30-19:20:36] [INFO] 输入assword
[2018-05-30-19:20:36] [INFO] 元素找到 xpath: //*[@id="lsform"]/div/div/table/tbody/tr[2]/td[3]/button
[2018-05-30-19:20:36] [INFO] 已点击加载
[2018-05-30-19:20:39] [INFO] 开始查找元素：By.className: fl_icn
[2018-05-30-19:20:39] [INFO] 找到了元素 [By.className: fl_icn]
[2018-05-30-19:20:39] [INFO] 元素找到 class name: fl_icn
[2018-05-30-19:20:39] [INFO] 已点击加载
[2018-05-30-19:20:42] [INFO] 开始查找元素：By.linkText: chenjiewei1
[2018-05-30-19:20:42] [INFO] 找到了元素 [By.linkText: chenjiewei1]
[2018-05-30-19:20:42] [INFO] 元素找到 link text: chenjiewei1
[2018-05-30-19:20:42] [INFO] 已点击加载
[2018-05-30-19:20:45] [INFO] 开始查找元素：By.id: fastpostmessage
[2018-05-30-19:20:45] [INFO] 找到了元素 [By.id: fastpostmessage]
[2018-05-30-19:20:45] [INFO] 元素找到 id: fastpostmessage
[2018-05-30-19:20:45] [INFO] 元素找到 id: fastpostmessage
[2018-05-30-19:20:45] [INFO] 已清除[[ChromeDriver: chrome on WIN8_1 (42e4678856257e2c66bf42ec56ee46ad)] -> id: fastpostmessage内容
[2018-05-30-19:20:46] [INFO] 输入[[ChromeDriver: chrome on WIN8_1 (42e4678856257e2c66bf42ec56ee46ad)] -> id: fastpostmessage
[2018-05-30-19:20:46] [INFO] 开始查找元素：By.xpath: //*[@id="fastpostsubmit"]
[2018-05-30-19:20:46] [INFO] 找到了元素 [By.xpath: //*[@id="fastpostsubmit"]]
[2018-05-30-19:20:46] [INFO] 元素找到 xpath: //*[@id="fastpostsubmit"]
[2018-05-30-19:20:46] [INFO] 已点击加载
[2018-05-30-19:20:46] [INFO] 开始查找元素：By.linkText: 退出
[2018-05-30-19:20:46] [INFO] 找到了元素 [By.linkText: 退出]
[2018-05-30-19:20:46] [INFO] 元素找到 link text: 退出
