[2018-05-30-19:21:03] [INFO] 正在启动谷歌浏览器....
[2018-05-30-19:21:05] [INFO] 打开网址http://127.0.0.1:8088/discuz/forum.php
[2018-05-30-19:21:05] [INFO] 元素找到 id: ls_username
[2018-05-30-19:21:05] [INFO] 元素找到 id: ls_username
[2018-05-30-19:21:05] [INFO] 已清除[[ChromeDriver: chrome on WIN8_1 (b05fcfba3023c718eb28244b18b49f1f)] -> id: ls_username内容
[2018-05-30-19:21:05] [INFO] 输入[[ChromeDriver: chrome on WIN8_1 (b05fcfba3023c718eb28244b18b49f1f)] -> id: ls_username
[2018-05-30-19:21:05] [INFO] 元素找到 id: ls_password
[2018-05-30-19:21:05] [INFO] 元素找到 id: ls_password
[2018-05-30-19:21:05] [INFO] 已清除[[ChromeDriver: chrome on WIN8_1 (b05fcfba3023c718eb28244b18b49f1f)] -> id: ls_password内容
[2018-05-30-19:21:05] [INFO] 输入assword
[2018-05-30-19:21:05] [INFO] 元素找到 xpath: //*[@id="lsform"]/div/div/table/tbody/tr[2]/td[3]/button
[2018-05-30-19:21:05] [INFO] 已点击加载
[2018-05-30-19:21:08] [INFO] 开始查找元素：By.className: fl_icn
[2018-05-30-19:21:08] [INFO] 找到了元素 [By.className: fl_icn]
[2018-05-30-19:21:08] [INFO] 元素找到 class name: fl_icn
[2018-05-30-19:21:08] [INFO] 已点击加载
[2018-05-30-19:21:08] [INFO] 开始查找元素：By.id: newspecial
[2018-05-30-19:21:08] [INFO] 找到了元素 [By.id: newspecial]
[2018-05-30-19:21:08] [INFO] 元素找到 id: newspecial
[2018-05-30-19:21:09] [INFO] 开始查找元素：By.linkText: 发起投票
[2018-05-30-19:21:09] [INFO] 找到了元素 [By.linkText: 发起投票]
[2018-05-30-19:21:09] [INFO] 元素找到 link text: 发起投票
[2018-05-30-19:21:09] [INFO] 已点击加载
[2018-05-30-19:21:09] [INFO] 开始查找元素：By.id: subject
[2018-05-30-19:21:09] [INFO] 找到了元素 [By.id: subject]
[2018-05-30-19:21:09] [INFO] 元素找到 id: subject
[2018-05-30-19:21:09] [INFO] 元素找到 id: subject
[2018-05-30-19:21:09] [INFO] 已清除[[ChromeDriver: chrome on WIN8_1 (b05fcfba3023c718eb28244b18b49f1f)] -> id: subject内容
[2018-05-30-19:21:09] [INFO] 输入[[ChromeDriver: chrome on WIN8_1 (b05fcfba3023c718eb28244b18b49f1f)] -> id: subject
[2018-05-30-19:21:09] [INFO] 开始查找元素：By.xpath: //*[@id="pollm_c_1"]/p[1]/input
[2018-05-30-19:21:09] [INFO] 找到了元素 [By.xpath: //*[@id="pollm_c_1"]/p[1]/input]
[2018-05-30-19:21:09] [INFO] 元素找到 xpath: //*[@id="pollm_c_1"]/p[1]/input
[2018-05-30-19:21:09] [INFO] 元素找到 xpath: //*[@id="pollm_c_1"]/p[1]/input
[2018-05-30-19:21:09] [INFO] 已清除[[ChromeDriver: chrome on WIN8_1 (b05fcfba3023c718eb28244b18b49f1f)] -> xpath: //*[@id="pollm_c_1"]/p[1]/input内容
[2018-05-30-19:21:09] [INFO] 输入[[ChromeDriver: chrome on WIN8_1 (b05fcfba3023c718eb28244b18b49f1f)] -> xpath: //*[@id="pollm_c_1"]/p[1]/input
[2018-05-30-19:21:09] [INFO] 开始查找元素：By.xpath: //*[@id="pollm_c_1"]/p[2]/input
[2018-05-30-19:21:09] [INFO] 找到了元素 [By.xpath: //*[@id="pollm_c_1"]/p[2]/input]
[2018-05-30-19:21:09] [INFO] 元素找到 xpath: //*[@id="pollm_c_1"]/p[2]/input
[2018-05-30-19:21:09] [INFO] 元素找到 xpath: //*[@id="pollm_c_1"]/p[2]/input
[2018-05-30-19:21:09] [INFO] 已清除[[ChromeDriver: chrome on WIN8_1 (b05fcfba3023c718eb28244b18b49f1f)] -> xpath: //*[@id="pollm_c_1"]/p[2]/input内容
[2018-05-30-19:21:09] [INFO] 输入[[ChromeDriver: chrome on WIN8_1 (b05fcfba3023c718eb28244b18b49f1f)] -> xpath: //*[@id="pollm_c_1"]/p[2]/input
[2018-05-30-19:21:09] [INFO] 开始查找元素：By.xpath: //*[@id="pollm_c_1"]/p[3]/input
[2018-05-30-19:21:09] [INFO] 找到了元素 [By.xpath: //*[@id="pollm_c_1"]/p[3]/input]
[2018-05-30-19:21:09] [INFO] 元素找到 xpath: //*[@id="pollm_c_1"]/p[3]/input
[2018-05-30-19:21:09] [INFO] 元素找到 xpath: //*[@id="pollm_c_1"]/p[3]/input
[2018-05-30-19:21:09] [INFO] 已清除[[ChromeDriver: chrome on WIN8_1 (b05fcfba3023c718eb28244b18b49f1f)] -> xpath: //*[@id="pollm_c_1"]/p[3]/input内容
[2018-05-30-19:21:10] [INFO] 输入[[ChromeDriver: chrome on WIN8_1 (b05fcfba3023c718eb28244b18b49f1f)] -> xpath: //*[@id="pollm_c_1"]/p[3]/input
[2018-05-30-19:21:10] [INFO] 开始查找元素：By.id: postsubmit
[2018-05-30-19:21:10] [INFO] 找到了元素 [By.id: postsubmit]
[2018-05-30-19:21:10] [INFO] 元素找到 id: postsubmit
[2018-05-30-19:21:10] [INFO] 已点击加载
[2018-05-30-19:21:10] [INFO] 开始查找元素：By.id: option_1
[2018-05-30-19:21:22] [ERROR] 超时!! 10 秒之后还没找到元素 [By.id: option_1]
